Copyright 1986-2016 Xilinx, Inc. All Rights Reserved.
--------------------------------------------------------------------------------------------
| Tool Version : Vivado v.2016.2 (win64) Build 1577090 Thu Jun  2 16:32:40 MDT 2016
| Date         : Tue Jul 09 13:09:53 2024
| Host         : DESKTOP-D2C712Q running 64-bit major release  (build 9200)
| Command      : report_control_sets -verbose -file sccomp_dataflow_control_sets_placed.rpt
| Design       : sccomp_dataflow
| Device       : xc7a100t
--------------------------------------------------------------------------------------------

Control Set Information

Table of Contents
-----------------
1. Summary
2. Flip-Flop Distribution
3. Detailed Control Set Information

1. Summary
----------

+----------------------------------------------------------+-------+
|                          Status                          | Count |
+----------------------------------------------------------+-------+
| Number of unique control sets                            |    65 |
| Unused register locations in slices containing registers |     0 |
+----------------------------------------------------------+-------+


2. Flip-Flop Distribution
-------------------------

+--------------+-----------------------+------------------------+-----------------+--------------+
| Clock Enable | Synchronous Set/Reset | Asynchronous Set/Reset | Total Registers | Total Slices |
+--------------+-----------------------+------------------------+-----------------+--------------+
| No           | No                    | No                     |               0 |            0 |
| No           | No                    | Yes                    |              32 |           14 |
| No           | Yes                   | No                     |               0 |            0 |
| Yes          | No                    | No                     |               0 |            0 |
| Yes          | No                    | Yes                    |            2048 |          802 |
| Yes          | Yes                   | No                     |               0 |            0 |
+--------------+-----------------------+------------------------+-----------------+--------------+


3. Detailed Control Set Information
-----------------------------------

+-------------------+------------------------------------+------------------+------------------+----------------+
|    Clock Signal   |            Enable Signal           | Set/Reset Signal | Slice Load Count | Bel Load Count |
+-------------------+------------------------------------+------------------+------------------+----------------+
|  clk_in_IBUF_BUFG | imem_inst/E[0]                     | reset_IBUF       |                9 |             32 |
|  clk_in_IBUF_BUFG | imem_inst/array_reg_reg[0][0]_1[0] | reset_IBUF       |               13 |             32 |
|  clk_in_IBUF_BUFG | imem_inst/array_reg_reg[10][0][0]  | reset_IBUF       |                9 |             32 |
|  clk_in_IBUF_BUFG | imem_inst/array_reg_reg[11][0][0]  | reset_IBUF       |                7 |             32 |
|  clk_in_IBUF_BUFG | imem_inst/array_reg_reg[12][0][0]  | reset_IBUF       |               14 |             32 |
|  clk_in_IBUF_BUFG | imem_inst/array_reg_reg[13][0][0]  | reset_IBUF       |               12 |             32 |
|  clk_in_IBUF_BUFG | imem_inst/array_reg_reg[14][0][0]  | reset_IBUF       |               12 |             32 |
|  clk_in_IBUF_BUFG | imem_inst/array_reg_reg[15][0][0]  | reset_IBUF       |               10 |             32 |
|  clk_in_IBUF_BUFG | imem_inst/array_reg_reg[16][0][0]  | reset_IBUF       |               14 |             32 |
|  clk_in_IBUF_BUFG | imem_inst/array_reg_reg[17][0][0]  | reset_IBUF       |               13 |             32 |
|  clk_in_IBUF_BUFG | imem_inst/array_reg_reg[18][0][0]  | reset_IBUF       |               14 |             32 |
|  clk_in_IBUF_BUFG | imem_inst/array_reg_reg[19][0][0]  | reset_IBUF       |               12 |             32 |
|  clk_in_IBUF_BUFG | imem_inst/array_reg_reg[20][0][0]  | reset_IBUF       |               14 |             32 |
|  clk_in_IBUF_BUFG | imem_inst/array_reg_reg[21][0][0]  | reset_IBUF       |               13 |             32 |
|  clk_in_IBUF_BUFG | imem_inst/array_reg_reg[22][0][0]  | reset_IBUF       |               14 |             32 |
|  clk_in_IBUF_BUFG | imem_inst/array_reg_reg[23][0][0]  | reset_IBUF       |               20 |             32 |
|  clk_in_IBUF_BUFG | imem_inst/array_reg_reg[24][0][0]  | reset_IBUF       |               17 |             32 |
|  clk_in_IBUF_BUFG | imem_inst/array_reg_reg[25][0][0]  | reset_IBUF       |               11 |             32 |
|  clk_in_IBUF_BUFG | imem_inst/array_reg_reg[26][0][0]  | reset_IBUF       |               13 |             32 |
|  clk_in_IBUF_BUFG | imem_inst/array_reg_reg[27][0][0]  | reset_IBUF       |                9 |             32 |
|  clk_in_IBUF_BUFG | imem_inst/array_reg_reg[28][0][0]  | reset_IBUF       |               12 |             32 |
|  clk_in_IBUF_BUFG | imem_inst/array_reg_reg[29][0][0]  | reset_IBUF       |               14 |             32 |
|  clk_in_IBUF_BUFG | imem_inst/array_reg_reg[2][0][0]   | reset_IBUF       |               16 |             32 |
|  clk_in_IBUF_BUFG | imem_inst/array_reg_reg[30][0][0]  | reset_IBUF       |               15 |             32 |
|  clk_in_IBUF_BUFG | imem_inst/array_reg_reg[31][0][0]  | reset_IBUF       |               19 |             32 |
|  clk_in_IBUF_BUFG | imem_inst/array_reg_reg[3][0][0]   | reset_IBUF       |                8 |             32 |
|  clk_in_IBUF_BUFG | imem_inst/array_reg_reg[4][0][0]   | reset_IBUF       |               13 |             32 |
|  clk_in_IBUF_BUFG | imem_inst/array_reg_reg[5][0][0]   | reset_IBUF       |               18 |             32 |
|  clk_in_IBUF_BUFG | imem_inst/array_reg_reg[6][0][0]   | reset_IBUF       |               15 |             32 |
|  clk_in_IBUF_BUFG | imem_inst/array_reg_reg[7][0][0]   | reset_IBUF       |               27 |             32 |
|  clk_in_IBUF_BUFG | imem_inst/array_reg_reg[8][0][0]   | reset_IBUF       |               14 |             32 |
|  clk_in_IBUF_BUFG | imem_inst/array_reg_reg[9][0][0]   | reset_IBUF       |               12 |             32 |
|  clk_in_IBUF_BUFG | imem_inst/mem_reg[0][31][0]        | reset_IBUF       |               12 |             32 |
|  clk_in_IBUF_BUFG | imem_inst/mem_reg[10][31][0]       | reset_IBUF       |               11 |             32 |
|  clk_in_IBUF_BUFG | imem_inst/mem_reg[11][31][0]       | reset_IBUF       |               14 |             32 |
|  clk_in_IBUF_BUFG | imem_inst/mem_reg[12][31][0]       | reset_IBUF       |               10 |             32 |
|  clk_in_IBUF_BUFG | imem_inst/mem_reg[13][31][0]       | reset_IBUF       |               10 |             32 |
|  clk_in_IBUF_BUFG | imem_inst/mem_reg[14][31]_1[0]     | reset_IBUF       |               10 |             32 |
|  clk_in_IBUF_BUFG | imem_inst/mem_reg[15][31][0]       | reset_IBUF       |               13 |             32 |
|  clk_in_IBUF_BUFG | imem_inst/mem_reg[16][31][0]       | reset_IBUF       |                8 |             32 |
|  clk_in_IBUF_BUFG | imem_inst/mem_reg[17][31]_0[0]     | reset_IBUF       |               10 |             32 |
|  clk_in_IBUF_BUFG | imem_inst/mem_reg[18][31][0]       | reset_IBUF       |                8 |             32 |
|  clk_in_IBUF_BUFG | imem_inst/mem_reg[19][31][0]       | reset_IBUF       |               14 |             32 |
|  clk_in_IBUF_BUFG | imem_inst/mem_reg[1][31][0]        | reset_IBUF       |               12 |             32 |
|  clk_in_IBUF_BUFG | imem_inst/mem_reg[20][31][0]       | reset_IBUF       |               11 |             32 |
|  clk_in_IBUF_BUFG | imem_inst/mem_reg[21][31][0]       | reset_IBUF       |               11 |             32 |
|  clk_in_IBUF_BUFG | imem_inst/mem_reg[22][31][0]       | reset_IBUF       |               14 |             32 |
|  clk_in_IBUF_BUFG | imem_inst/mem_reg[23][31][0]       | reset_IBUF       |               15 |             32 |
|  clk_in_IBUF_BUFG | imem_inst/mem_reg[24][31][0]       | reset_IBUF       |               11 |             32 |
|  clk_in_IBUF_BUFG | imem_inst/mem_reg[25][31][0]       | reset_IBUF       |                9 |             32 |
|  clk_in_IBUF_BUFG | imem_inst/mem_reg[26][0][0]        | reset_IBUF       |               11 |             32 |
|  clk_in_IBUF_BUFG | imem_inst/mem_reg[27][31][0]       | reset_IBUF       |               15 |             32 |
|  clk_in_IBUF_BUFG | imem_inst/mem_reg[28][31][0]       | reset_IBUF       |               13 |             32 |
|  clk_in_IBUF_BUFG | imem_inst/mem_reg[29][31][0]       | reset_IBUF       |                9 |             32 |
|  clk_in_IBUF_BUFG | imem_inst/mem_reg[2][31][0]        | reset_IBUF       |               14 |             32 |
|  clk_in_IBUF_BUFG | imem_inst/mem_reg[30][31]_4[0]     | reset_IBUF       |               13 |             32 |
|  clk_in_IBUF_BUFG | imem_inst/mem_reg[31][31][0]       | reset_IBUF       |               13 |             32 |
|  clk_in_IBUF_BUFG | imem_inst/mem_reg[3][31]_0[0]      | reset_IBUF       |               15 |             32 |
|  clk_in_IBUF_BUFG | imem_inst/mem_reg[4][31][0]        | reset_IBUF       |                9 |             32 |
|  clk_in_IBUF_BUFG | imem_inst/mem_reg[5][31][0]        | reset_IBUF       |               10 |             32 |
|  clk_in_IBUF_BUFG | imem_inst/mem_reg[6][31][0]        | reset_IBUF       |               13 |             32 |
|  clk_in_IBUF_BUFG | imem_inst/mem_reg[7][31][0]        | reset_IBUF       |               10 |             32 |
|  clk_in_IBUF_BUFG | imem_inst/mem_reg[8][31][0]        | reset_IBUF       |               11 |             32 |
|  clk_in_IBUF_BUFG | imem_inst/mem_reg[9][31][0]        | reset_IBUF       |               10 |             32 |
| ~clk_in_IBUF_BUFG |                                    | reset_IBUF       |               14 |             32 |
+-------------------+------------------------------------+------------------+------------------+----------------+


