INFO: [VRFC 10-2263] Analyzing Verilog file "D:/CPU54/CPU54.sim/sim_1/synth/func/cpu_tb_func_synth.v" into library xil_defaultlib
INFO: [VRFC 10-311] analyzing module dist_mem_gen_0
INFO: [VRFC 10-311] analyzing module CLZ
INFO: [VRFC 10-311] analyzing module CP0
INFO: [VRFC 10-311] analyzing module DIV
INFO: [VRFC 10-311] analyzing module DMEM
INFO: [VRFC 10-311] analyzing module Divider
INFO: [VRFC 10-311] analyzing module HI_LO
INFO: [VRFC 10-311] analyzing module IMEM
INFO: [VRFC 10-311] analyzing module MUL
INFO: [VRFC 10-311] analyzing module MUX
INFO: [VRFC 10-311] analyzing module MUX_0
INFO: [VRFC 10-311] analyzing module PC
INFO: [VRFC 10-311] analyzing module cpu
INFO: [VRFC 10-311] analyzing module regfile
INFO: [VRFC 10-311] analyzing module sccomp_dataflow
INFO: [VRFC 10-311] analyzing module seg7x16
INFO: [VRFC 10-311] analyzing module dist_mem_gen_0_dist_mem_gen_v8_0_10
INFO: [VRFC 10-311] analyzing module dist_mem_gen_0_dist_mem_gen_v8_0_10_synth
INFO: [VRFC 10-311] analyzing module dist_mem_gen_0_rom
INFO: [VRFC 10-311] analyzing module glbl
INFO: [VRFC 10-2263] Analyzing Verilog file "D:/CPU54/CPU54.srcs/sim_1/new/cpu_tb.v" into library xil_defaultlib
INFO: [VRFC 10-311] analyzing module cpu_tb
