Vivado Simulator 2016.2
Copyright 1986-1999, 2001-2016 Xilinx, Inc. All Rights Reserved.
Running: D:/Vivado/2016.2/bin/unwrapped/win64.o/xelab.exe -wto df18b9b47f8a44c18686a8b00f0e57e8 --debug typical --relax --mt 2 -L xil_defaultlib -L unisims_ver -L secureip --snapshot cpu_tb_func_synth xil_defaultlib.cpu_tb xil_defaultlib.glbl -log elaborate.log 
Using 2 slave threads.
Starting static elaboration
Completed static elaboration
Starting simulation data flow analysis
Completed simulation data flow analysis
Time Resolution for simulation is 1ps
Compiling module unisims_ver.LUT5
Compiling module unisims_ver.sffsrce_fdre
Compiling module unisims_ver.FDRE
Compiling module unisims_ver.LUT4
Compiling module unisims_ver.x_lut1_mux2
Compiling module unisims_ver.LUT1
Compiling module unisims_ver.CARRY4
Compiling module xil_defaultlib.Divider
Compiling module unisims_ver.BUFG
Compiling module unisims_ver.IBUF
Compiling module unisims_ver.x_lut2_mux4
Compiling module unisims_ver.LUT2
Compiling module unisims_ver.LUT6
Compiling module unisims_ver.RAM32M(IS_WCLK_INVERTED=1'b1)
Compiling module xil_defaultlib.DMEM
Compiling module unisims_ver.x_lut3_mux4
Compiling module unisims_ver.x_lut3_mux4_reduced_0
Compiling module unisims_ver.LUT3
Compiling module unisims_ver.MUXF7
Compiling module unisims_ver.GND
Compiling module xil_defaultlib.dist_mem_gen_0_rom
Compiling module xil_defaultlib.dist_mem_gen_0_dist_mem_gen_v8_0...
Compiling module xil_defaultlib.dist_mem_gen_0_dist_mem_gen_v8_0...
Compiling module xil_defaultlib.dist_mem_gen_0
Compiling module xil_defaultlib.IMEM
Compiling module unisims_ver.OBUF
Compiling module unisims_ver.latchsre_ldce
Compiling module unisims_ver.LDCE
Compiling module xil_defaultlib.CLZ
Compiling module unisims_ver.ffsrce_fdce
Compiling module unisims_ver.FDCE
Compiling module xil_defaultlib.CP0
Compiling module xil_defaultlib.DIV
Compiling module unisims_ver.FDRE(IS_C_INVERTED=1'b1)
Compiling module unisims_ver.FDCE(IS_C_INVERTED=1'b1)
Compiling module xil_defaultlib.HI_LO
Compiling module unisims_ver.DSP48E1(ACASCREG=0,ALUMODEREG=0,...
Compiling module unisims_ver.DSP48E1(ACASCREG=0,ALUMODEREG=0,...
Compiling module xil_defaultlib.MUL
Compiling module xil_defaultlib.MUX
Compiling module xil_defaultlib.MUX_0
Compiling module unisims_ver.sffsrce_fdse
Compiling module unisims_ver.FDSE(IS_C_INVERTED=1'b1)
Compiling module xil_defaultlib.PC
Compiling module xil_defaultlib.regfile
Compiling module xil_defaultlib.cpu
Compiling module unisims_ver.ffsrce_fdpe
Compiling module unisims_ver.FDPE
Compiling module xil_defaultlib.seg7x16
Compiling module xil_defaultlib.sccomp_dataflow
Compiling module xil_defaultlib.cpu_tb
Compiling module xil_defaultlib.glbl
Built simulation snapshot cpu_tb_func_synth
