Vivado Simulator 2016.2
Copyright 1986-1999, 2001-2016 Xilinx, Inc. All Rights Reserved.
Running: D:/Vivado/2016.2/bin/unwrapped/win64.o/xelab.exe -wto 92092e10344e414185af693aaa53c5d8 --debug typical --relax --mt 2 -L dist_mem_gen_v8_0_10 -L xil_defaultlib -L unisims_ver -L unimacro_ver -L secureip --snapshot cpu_tb_behav xil_defaultlib.cpu_tb xil_defaultlib.glbl -log elaborate.log 
Using 2 slave threads.
Starting static elaboration
Completed static elaboration
Starting simulation data flow analysis
WARNING: [XSIM 43-4100] "D:/CPU31/CPU31.srcs/sources_1/new/sccomp_dataflow.v" Line 23. Module sccomp_dataflow has a timescale but at least one module in design doesn't have timescale.
WARNING: [XSIM 43-4100] "D:/CPU31/CPU31.srcs/sources_1/new/cpu.v" Line 21. Module cpu has a timescale but at least one module in design doesn't have timescale.
WARNING: [XSIM 43-4100] "D:/CPU31/CPU31.srcs/sources_1/new/decoder_control.v" Line 23. Module decoder_control has a timescale but at least one module in design doesn't have timescale.
WARNING: [XSIM 43-4100] "D:/CPU31/CPU31.srcs/sources_1/new/pc.v" Line 21. Module pc has a timescale but at least one module in design doesn't have timescale.
WARNING: [XSIM 43-4100] "D:/CPU31/CPU31.srcs/sources_1/new/regfile.v" Line 23. Module regfile has a timescale but at least one module in design doesn't have timescale.
WARNING: [XSIM 43-4100] "D:/CPU31/CPU31.srcs/sources_1/new/alu.v" Line 22. Module alu has a timescale but at least one module in design doesn't have timescale.
WARNING: [XSIM 43-4100] "D:/CPU31/CPU31.srcs/sources_1/new/dmem.v" Line 22. Module dmem has a timescale but at least one module in design doesn't have timescale.
WARNING: [XSIM 43-4100] "D:/CPU31/CPU31.srcs/sources_1/new/imem.v" Line 23. Module imem has a timescale but at least one module in design doesn't have timescale.
WARNING: [XSIM 43-4100] "D:/CPU31/CPU31.srcs/sources_1/ip/dist_mem_gen_0/sim/dist_mem_gen_0.v" Line 56. Module dist_mem_gen_0 has a timescale but at least one module in design doesn't have timescale.
WARNING: [XSIM 43-4100] "D:/CPU31/CPU31.ip_user_files/ipstatic/dist_mem_gen_v8_0_10/simulation/dist_mem_gen_v8_0.v" Line 78. Module dist_mem_gen_v8_0_10(C_FAMILY="artix7",C_ADDR_WIDTH=11,C_DEPTH=2048,C_HAS_CLK=0,C_HAS_D=0,C_HAS_WE=0,C_MEM_INIT_FILE="dist_mem_gen_0.mif",C_MEM_TYPE=0,C_READ_MIF=1,C_SYNC_ENABLE=1,C_WIDTH=32) has a timescale but at least one module in design doesn't have timescale.
WARNING: [XSIM 43-4100] "D:/CPU31/CPU31.sim/sim_1/behav/glbl.v" Line 6. Module glbl has a timescale but at least one module in design doesn't have timescale.
WARNING: [XSIM 43-4100] "D:/CPU31/CPU31.srcs/sources_1/new/sccomp_dataflow.v" Line 23. Module sccomp_dataflow has a timescale but at least one module in design doesn't have timescale.
WARNING: [XSIM 43-4100] "D:/CPU31/CPU31.srcs/sources_1/new/cpu.v" Line 21. Module cpu has a timescale but at least one module in design doesn't have timescale.
WARNING: [XSIM 43-4100] "D:/CPU31/CPU31.srcs/sources_1/new/decoder_control.v" Line 23. Module decoder_control has a timescale but at least one module in design doesn't have timescale.
WARNING: [XSIM 43-4100] "D:/CPU31/CPU31.srcs/sources_1/new/pc.v" Line 21. Module pc has a timescale but at least one module in design doesn't have timescale.
WARNING: [XSIM 43-4100] "D:/CPU31/CPU31.srcs/sources_1/new/regfile.v" Line 23. Module regfile has a timescale but at least one module in design doesn't have timescale.
WARNING: [XSIM 43-4100] "D:/CPU31/CPU31.srcs/sources_1/new/alu.v" Line 22. Module alu has a timescale but at least one module in design doesn't have timescale.
WARNING: [XSIM 43-4100] "D:/CPU31/CPU31.srcs/sources_1/new/dmem.v" Line 22. Module dmem has a timescale but at least one module in design doesn't have timescale.
WARNING: [XSIM 43-4100] "D:/CPU31/CPU31.srcs/sources_1/new/imem.v" Line 23. Module imem has a timescale but at least one module in design doesn't have timescale.
WARNING: [XSIM 43-4100] "D:/CPU31/CPU31.srcs/sources_1/ip/dist_mem_gen_0/sim/dist_mem_gen_0.v" Line 56. Module dist_mem_gen_0 has a timescale but at least one module in design doesn't have timescale.
WARNING: [XSIM 43-4100] "D:/CPU31/CPU31.ip_user_files/ipstatic/dist_mem_gen_v8_0_10/simulation/dist_mem_gen_v8_0.v" Line 78. Module dist_mem_gen_v8_0_10(C_FAMILY="artix7",C_ADDR_WIDTH=11,C_DEPTH=2048,C_HAS_CLK=0,C_HAS_D=0,C_HAS_WE=0,C_MEM_INIT_FILE="dist_mem_gen_0.mif",C_MEM_TYPE=0,C_READ_MIF=1,C_SYNC_ENABLE=1,C_WIDTH=32) has a timescale but at least one module in design doesn't have timescale.
WARNING: [XSIM 43-4100] "D:/CPU31/CPU31.sim/sim_1/behav/glbl.v" Line 6. Module glbl has a timescale but at least one module in design doesn't have timescale.
Completed simulation data flow analysis
Time Resolution for simulation is 1ps
Compiling module xil_defaultlib.decoder_control
Compiling module xil_defaultlib.pc
Compiling module xil_defaultlib.regfile
Compiling module xil_defaultlib.alu
Compiling module xil_defaultlib.cpu
Compiling module xil_defaultlib.dmem
Compiling module dist_mem_gen_v8_0_10.dist_mem_gen_v8_0_10(C_FAMILY="a...
Compiling module xil_defaultlib.dist_mem_gen_0
Compiling module xil_defaultlib.imem
Compiling module xil_defaultlib.sccomp_dataflow
Compiling module xil_defaultlib.cpu_tb
Compiling module xil_defaultlib.glbl
Built simulation snapshot cpu_tb_behav
