#-----------------------------------------------------------
# Vivado v2016.2 (64-bit)
# SW Build 1577090 on Thu Jun  2 16:32:40 MDT 2016
# IP Build 1577682 on Fri Jun  3 12:00:54 MDT 2016
# Start of session at: Mon Oct 28 21:16:05 2024
# Process ID: 424
# Current directory: D:/大二下所有文件/作业/计组verilog/CPU31
# Command line: vivado.exe -gui_launcher_event rodinguilauncherevent25852 D:\大二下所有文件\作业\计组verilog\CPU31\CPU31.xpr
# Log file: D:/大二下所有文件/作业/计组verilog/CPU31/vivado.log
# Journal file: D:/大二下所有文件/作业/计组verilog/CPU31\vivado.jou
#-----------------------------------------------------------
start_gui
open_project D:/大二下所有文件/作业/计组verilog/CPU31/CPU31.xpr
INFO: [Project 1-313] Project file moved from 'D:/CPU31' since last save.
WARNING: [Project 1-312] File not found as 'D:/大二下所有文件/作业/计组verilog/test.coe'; using path 'D:/test.coe' instead.
Scanning sources...
Finished scanning sources
WARNING: [Project 1-312] File not found as 'D:/大二下所有文件/作业/计组verilog/test.coe'; using path 'D:/test.coe' instead.
WARNING: [Project 1-312] File not found as 'D:/大二下所有文件/作业/计组verilog/test.coe'; using path 'D:/test.coe' instead.
INFO: [IP_Flow 19-234] Refreshing IP repositories
INFO: [IP_Flow 19-1704] No user IP repositories specified
INFO: [IP_Flow 19-2313] Loaded Vivado IP repository 'D:/Vivado/2016.2/data/ip'.
update_compile_order -fileset sources_1
ERROR: [IP_Flow 19-3460] Validation failed on parameter 'Coefficients File(coefficient_file)' for Invalid COE File- Unable to open the file d:/大二下所有文件/作业/计组verilog/test.coe 
. IP 'dist_mem_gen_0'
INFO: [IP_Flow 19-3438] Customization errors found on 'dist_mem_gen_0'. Restoring to previous valid configuration.
ERROR: [IP_Flow 19-3460] Validation failed on parameter 'Coefficients File(coefficient_file)' for Invalid COE File- Unable to open the file d:/大二下所有文件/作业/计组verilog/test.coe 
. IP 'dist_mem_gen_0'
INFO: [IP_Flow 19-3447] Customization errors found during restoring IP 'dist_mem_gen_0' to previous valid configuration.
ERROR: [IP_Flow 19-3439] Failed to restore IP 'dist_mem_gen_0' customization to its previous valid configuration.
ERROR: [IP_Flow 19-3460] Validation failed on parameter 'Coefficients File(coefficient_file)' for Invalid COE File- Unable to open the file d:/大二下所有文件/作业/计组verilog/test.coe 
. IP 'dist_mem_gen_0'
INFO: [IP_Flow 19-3438] Customization errors found on 'dist_mem_gen_0'. Restoring to previous valid configuration.
ERROR: [IP_Flow 19-3460] Validation failed on parameter 'Coefficients File(coefficient_file)' for Invalid COE File- Unable to open the file d:/大二下所有文件/作业/计组verilog/test.coe 
. IP 'dist_mem_gen_0'
INFO: [IP_Flow 19-3447] Customization errors found during restoring IP 'dist_mem_gen_0' to previous valid configuration.
ERROR: [IP_Flow 19-3439] Failed to restore IP 'dist_mem_gen_0' customization to its previous valid configuration.
generate_target Simulation [get_files D:/大二下所有文件/作业/计组verilog/CPU31/CPU31.srcs/sources_1/ip/dist_mem_gen_0/dist_mem_gen_0.xci]
INFO: [IP_Flow 19-1686] Generating 'Simulation' target for IP 'dist_mem_gen_0'...
ERROR: [Ipptcl 7-519] NULL COE Data pointer: Unable to open the file d:/大二下所有文件/作业/计组verilog/test.coe
ERROR: [Common 17-39] 'ipgui::get_coe_val' failed due to earlier errors.
CRITICAL WARNING: [IP_Flow 19-1747] Failed to deliver file 'd:/Vivado/2016.2/data/ip/xilinx/dist_mem_gen_v8_0/hdl/mem_init_file.xit': ERROR: [Common 17-39] 'ipgui::get_coe_val' failed due to earlier errors.

ERROR: [IP_Flow 19-167] Failed to deliver one or more file(s).
ERROR: [IP_Flow 19-3505] IP Generation error: Failed to generate IP 'dist_mem_gen_0'. Failed to generate 'Vivado Verilog Simulation' outputs: 
ERROR: [IP_Flow 19-98] Generation of the IP CORE failed.
Failed to generate IP 'dist_mem_gen_0'. Failed to generate 'Vivado Verilog Simulation' outputs: 
ERROR: [IP_Flow 19-3460] Validation failed on parameter 'Coefficients File(coefficient_file)' for Invalid COE File- Unable to open the file d:/大二下所有文件/作业/计组verilog/test.coe 
. IP 'dist_mem_gen_0'
INFO: [IP_Flow 19-3438] Customization errors found on 'dist_mem_gen_0'. Restoring to previous valid configuration.
ERROR: [IP_Flow 19-3460] Validation failed on parameter 'Coefficients File(coefficient_file)' for Invalid COE File- Unable to open the file d:/大二下所有文件/作业/计组verilog/test.coe 
. IP 'dist_mem_gen_0'
INFO: [IP_Flow 19-3447] Customization errors found during restoring IP 'dist_mem_gen_0' to previous valid configuration.
ERROR: [IP_Flow 19-3439] Failed to restore IP 'dist_mem_gen_0' customization to its previous valid configuration.
ERROR: [IP_Flow 19-3460] Validation failed on parameter 'Coefficients File(coefficient_file)' for Invalid COE File- Unable to open the file d:/大二下所有文件/作业/计组verilog/test.coe 
. IP 'dist_mem_gen_0'
INFO: [IP_Flow 19-3438] Customization errors found on 'dist_mem_gen_0'. Restoring to previous valid configuration.
ERROR: [IP_Flow 19-3460] Validation failed on parameter 'Coefficients File(coefficient_file)' for Invalid COE File- Unable to open the file d:/大二下所有文件/作业/计组verilog/test.coe 
. IP 'dist_mem_gen_0'
INFO: [IP_Flow 19-3447] Customization errors found during restoring IP 'dist_mem_gen_0' to previous valid configuration.
ERROR: [IP_Flow 19-3439] Failed to restore IP 'dist_mem_gen_0' customization to its previous valid configuration.
ERROR: [IP_Flow 19-3460] Validation failed on parameter 'Coefficients File(coefficient_file)' for Invalid COE File- Unable to open the file d:/大二下所有文件/作业/计组verilog/test.coe 
. IP 'dist_mem_gen_0'
INFO: [IP_Flow 19-3438] Customization errors found on 'dist_mem_gen_0'. Restoring to previous valid configuration.
ERROR: [IP_Flow 19-3460] Validation failed on parameter 'Coefficients File(coefficient_file)' for Invalid COE File- Unable to open the file d:/大二下所有文件/作业/计组verilog/test.coe 
. IP 'dist_mem_gen_0'
INFO: [IP_Flow 19-3447] Customization errors found during restoring IP 'dist_mem_gen_0' to previous valid configuration.
ERROR: [IP_Flow 19-3439] Failed to restore IP 'dist_mem_gen_0' customization to its previous valid configuration.
exit
INFO: [Common 17-206] Exiting Vivado at Mon Oct 28 21:55:07 2024...
