#-----------------------------------------------------------
# Vivado v2016.2 (64-bit)
# SW Build 1577090 on Thu Jun  2 16:32:40 MDT 2016
# IP Build 1577682 on Fri Jun  3 12:00:54 MDT 2016
# Start of session at: Tue Oct 29 18:34:21 2024
# Process ID: 13352
# Current directory: D:/大二下所有文件/作业/计组verilog/CPU31
# Command line: vivado.exe -gui_launcher_event rodinguilauncherevent11588 D:\大二下所有文件\作业\计组verilog\CPU31\CPU31.xpr
# Log file: D:/大二下所有文件/作业/计组verilog/CPU31/vivado.log
# Journal file: D:/大二下所有文件/作业/计组verilog/CPU31\vivado.jou
#-----------------------------------------------------------
start_gui
open_project D:/大二下所有文件/作业/计组verilog/CPU31/CPU31.xpr
CRITICAL WARNING: [Project 1-19] Could not find the file 'D:/大二下所有文件/作业/计组verilog/test.coe'.
Scanning sources...
Finished scanning sources
INFO: [IP_Flow 19-234] Refreshing IP repositories
INFO: [IP_Flow 19-1704] No user IP repositories specified
INFO: [IP_Flow 19-2313] Loaded Vivado IP repository 'D:/Vivado/2016.2/data/ip'.
update_compile_order -fileset sources_1
exit
INFO: [Common 17-206] Exiting Vivado at Tue Oct 29 18:36:09 2024...
