
*** Running vivado
    with args -log sccomp_dataflow.vds -m64 -mode batch -messageDb vivado.pb -notrace -source sccomp_dataflow.tcl


****** Vivado v2016.2 (64-bit)
  **** SW Build 1577090 on Thu Jun  2 16:32:40 MDT 2016
  **** IP Build 1577682 on Fri Jun  3 12:00:54 MDT 2016
    ** Copyright 1986-2016 Xilinx, Inc. All Rights Reserved.

source sccomp_dataflow.tcl -notrace
Command: synth_design -top sccomp_dataflow -part xc7a100tcsg324-1
Starting synth_design
Attempting to get a license for feature 'Synthesis' and/or device 'xc7a100t'
INFO: [Common 17-349] Got license for feature 'Synthesis' and/or device 'xc7a100t'
INFO: Launching helper process for spawning children vivado processes
INFO: Helper process launched with PID 7352 
---------------------------------------------------------------------------------
Starting RTL Elaboration : Time (s): cpu = 00:00:01 ; elapsed = 00:00:03 . Memory (MB): peak = 305.148 ; gain = 97.871
---------------------------------------------------------------------------------
INFO: [Synth 8-638] synthesizing module 'sccomp_dataflow' [D:/CPU31/CPU31.srcs/sources_1/new/sccomp_dataflow.v:23]
INFO: [Synth 8-638] synthesizing module 'cpu' [D:/CPU31/CPU31.srcs/sources_1/new/cpu.v:21]
INFO: [Synth 8-638] synthesizing module 'decoder_control' [D:/CPU31/CPU31.srcs/sources_1/new/decoder_control.v:23]
INFO: [Synth 8-256] done synthesizing module 'decoder_control' (1#1) [D:/CPU31/CPU31.srcs/sources_1/new/decoder_control.v:23]
INFO: [Synth 8-638] synthesizing module 'pc' [D:/CPU31/CPU31.srcs/sources_1/new/pc.v:21]
INFO: [Synth 8-256] done synthesizing module 'pc' (2#1) [D:/CPU31/CPU31.srcs/sources_1/new/pc.v:21]
INFO: [Synth 8-638] synthesizing module 'regfile' [D:/CPU31/CPU31.srcs/sources_1/new/regfile.v:23]
INFO: [Synth 8-256] done synthesizing module 'regfile' (3#1) [D:/CPU31/CPU31.srcs/sources_1/new/regfile.v:23]
INFO: [Synth 8-638] synthesizing module 'alu' [D:/CPU31/CPU31.srcs/sources_1/new/alu.v:22]
INFO: [Synth 8-256] done synthesizing module 'alu' (4#1) [D:/CPU31/CPU31.srcs/sources_1/new/alu.v:22]
INFO: [Synth 8-256] done synthesizing module 'cpu' (5#1) [D:/CPU31/CPU31.srcs/sources_1/new/cpu.v:21]
INFO: [Synth 8-638] synthesizing module 'dmem' [D:/CPU31/CPU31.srcs/sources_1/new/dmem.v:22]
CRITICAL WARNING: [Synth 8-5413] Mix of synchronous and asynchronous control for register mem_reg[31] in module dmem. [D:/CPU31/CPU31.srcs/sources_1/new/dmem.v:42]
CRITICAL WARNING: [Synth 8-5413] Mix of synchronous and asynchronous control for register mem_reg[30] in module dmem. [D:/CPU31/CPU31.srcs/sources_1/new/dmem.v:42]
CRITICAL WARNING: [Synth 8-5413] Mix of synchronous and asynchronous control for register mem_reg[29] in module dmem. [D:/CPU31/CPU31.srcs/sources_1/new/dmem.v:42]
CRITICAL WARNING: [Synth 8-5413] Mix of synchronous and asynchronous control for register mem_reg[28] in module dmem. [D:/CPU31/CPU31.srcs/sources_1/new/dmem.v:42]
CRITICAL WARNING: [Synth 8-5413] Mix of synchronous and asynchronous control for register mem_reg[27] in module dmem. [D:/CPU31/CPU31.srcs/sources_1/new/dmem.v:42]
CRITICAL WARNING: [Synth 8-5413] Mix of synchronous and asynchronous control for register mem_reg[26] in module dmem. [D:/CPU31/CPU31.srcs/sources_1/new/dmem.v:42]
CRITICAL WARNING: [Synth 8-5413] Mix of synchronous and asynchronous control for register mem_reg[25] in module dmem. [D:/CPU31/CPU31.srcs/sources_1/new/dmem.v:42]
CRITICAL WARNING: [Synth 8-5413] Mix of synchronous and asynchronous control for register mem_reg[24] in module dmem. [D:/CPU31/CPU31.srcs/sources_1/new/dmem.v:42]
CRITICAL WARNING: [Synth 8-5413] Mix of synchronous and asynchronous control for register mem_reg[23] in module dmem. [D:/CPU31/CPU31.srcs/sources_1/new/dmem.v:42]
CRITICAL WARNING: [Synth 8-5413] Mix of synchronous and asynchronous control for register mem_reg[22] in module dmem. [D:/CPU31/CPU31.srcs/sources_1/new/dmem.v:42]
CRITICAL WARNING: [Synth 8-5413] Mix of synchronous and asynchronous control for register mem_reg[21] in module dmem. [D:/CPU31/CPU31.srcs/sources_1/new/dmem.v:42]
CRITICAL WARNING: [Synth 8-5413] Mix of synchronous and asynchronous control for register mem_reg[20] in module dmem. [D:/CPU31/CPU31.srcs/sources_1/new/dmem.v:42]
CRITICAL WARNING: [Synth 8-5413] Mix of synchronous and asynchronous control for register mem_reg[19] in module dmem. [D:/CPU31/CPU31.srcs/sources_1/new/dmem.v:42]
CRITICAL WARNING: [Synth 8-5413] Mix of synchronous and asynchronous control for register mem_reg[18] in module dmem. [D:/CPU31/CPU31.srcs/sources_1/new/dmem.v:42]
CRITICAL WARNING: [Synth 8-5413] Mix of synchronous and asynchronous control for register mem_reg[17] in module dmem. [D:/CPU31/CPU31.srcs/sources_1/new/dmem.v:42]
CRITICAL WARNING: [Synth 8-5413] Mix of synchronous and asynchronous control for register mem_reg[16] in module dmem. [D:/CPU31/CPU31.srcs/sources_1/new/dmem.v:42]
CRITICAL WARNING: [Synth 8-5413] Mix of synchronous and asynchronous control for register mem_reg[15] in module dmem. [D:/CPU31/CPU31.srcs/sources_1/new/dmem.v:42]
CRITICAL WARNING: [Synth 8-5413] Mix of synchronous and asynchronous control for register mem_reg[14] in module dmem. [D:/CPU31/CPU31.srcs/sources_1/new/dmem.v:42]
CRITICAL WARNING: [Synth 8-5413] Mix of synchronous and asynchronous control for register mem_reg[13] in module dmem. [D:/CPU31/CPU31.srcs/sources_1/new/dmem.v:42]
CRITICAL WARNING: [Synth 8-5413] Mix of synchronous and asynchronous control for register mem_reg[12] in module dmem. [D:/CPU31/CPU31.srcs/sources_1/new/dmem.v:42]
CRITICAL WARNING: [Synth 8-5413] Mix of synchronous and asynchronous control for register mem_reg[11] in module dmem. [D:/CPU31/CPU31.srcs/sources_1/new/dmem.v:42]
CRITICAL WARNING: [Synth 8-5413] Mix of synchronous and asynchronous control for register mem_reg[10] in module dmem. [D:/CPU31/CPU31.srcs/sources_1/new/dmem.v:42]
CRITICAL WARNING: [Synth 8-5413] Mix of synchronous and asynchronous control for register mem_reg[9] in module dmem. [D:/CPU31/CPU31.srcs/sources_1/new/dmem.v:42]
CRITICAL WARNING: [Synth 8-5413] Mix of synchronous and asynchronous control for register mem_reg[8] in module dmem. [D:/CPU31/CPU31.srcs/sources_1/new/dmem.v:42]
CRITICAL WARNING: [Synth 8-5413] Mix of synchronous and asynchronous control for register mem_reg[7] in module dmem. [D:/CPU31/CPU31.srcs/sources_1/new/dmem.v:42]
CRITICAL WARNING: [Synth 8-5413] Mix of synchronous and asynchronous control for register mem_reg[6] in module dmem. [D:/CPU31/CPU31.srcs/sources_1/new/dmem.v:42]
CRITICAL WARNING: [Synth 8-5413] Mix of synchronous and asynchronous control for register mem_reg[5] in module dmem. [D:/CPU31/CPU31.srcs/sources_1/new/dmem.v:42]
CRITICAL WARNING: [Synth 8-5413] Mix of synchronous and asynchronous control for register mem_reg[4] in module dmem. [D:/CPU31/CPU31.srcs/sources_1/new/dmem.v:42]
CRITICAL WARNING: [Synth 8-5413] Mix of synchronous and asynchronous control for register mem_reg[3] in module dmem. [D:/CPU31/CPU31.srcs/sources_1/new/dmem.v:42]
CRITICAL WARNING: [Synth 8-5413] Mix of synchronous and asynchronous control for register mem_reg[2] in module dmem. [D:/CPU31/CPU31.srcs/sources_1/new/dmem.v:42]
CRITICAL WARNING: [Synth 8-5413] Mix of synchronous and asynchronous control for register mem_reg[1] in module dmem. [D:/CPU31/CPU31.srcs/sources_1/new/dmem.v:42]
CRITICAL WARNING: [Synth 8-5413] Mix of synchronous and asynchronous control for register mem_reg[0] in module dmem. [D:/CPU31/CPU31.srcs/sources_1/new/dmem.v:42]
INFO: [Synth 8-256] done synthesizing module 'dmem' (6#1) [D:/CPU31/CPU31.srcs/sources_1/new/dmem.v:22]
INFO: [Synth 8-638] synthesizing module 'imem' [D:/CPU31/CPU31.srcs/sources_1/new/imem.v:23]
INFO: [Synth 8-638] synthesizing module 'dist_mem_gen_0' [D:/CPU31/CPU31.runs/synth_1/.Xil/Vivado-8524-DESKTOP-D2C712Q/realtime/dist_mem_gen_0_stub.v:6]
INFO: [Synth 8-256] done synthesizing module 'dist_mem_gen_0' (7#1) [D:/CPU31/CPU31.runs/synth_1/.Xil/Vivado-8524-DESKTOP-D2C712Q/realtime/dist_mem_gen_0_stub.v:6]
INFO: [Synth 8-256] done synthesizing module 'imem' (8#1) [D:/CPU31/CPU31.srcs/sources_1/new/imem.v:23]
INFO: [Synth 8-256] done synthesizing module 'sccomp_dataflow' (9#1) [D:/CPU31/CPU31.srcs/sources_1/new/sccomp_dataflow.v:23]
WARNING: [Synth 8-3331] design decoder_control has unconnected port instr[25]
WARNING: [Synth 8-3331] design decoder_control has unconnected port instr[24]
WARNING: [Synth 8-3331] design decoder_control has unconnected port instr[23]
WARNING: [Synth 8-3331] design decoder_control has unconnected port instr[22]
WARNING: [Synth 8-3331] design decoder_control has unconnected port instr[21]
WARNING: [Synth 8-3331] design decoder_control has unconnected port instr[20]
WARNING: [Synth 8-3331] design decoder_control has unconnected port instr[19]
WARNING: [Synth 8-3331] design decoder_control has unconnected port instr[18]
WARNING: [Synth 8-3331] design decoder_control has unconnected port instr[17]
WARNING: [Synth 8-3331] design decoder_control has unconnected port instr[16]
WARNING: [Synth 8-3331] design decoder_control has unconnected port instr[15]
WARNING: [Synth 8-3331] design decoder_control has unconnected port instr[14]
WARNING: [Synth 8-3331] design decoder_control has unconnected port instr[13]
WARNING: [Synth 8-3331] design decoder_control has unconnected port instr[12]
WARNING: [Synth 8-3331] design decoder_control has unconnected port instr[11]
WARNING: [Synth 8-3331] design decoder_control has unconnected port instr[10]
WARNING: [Synth 8-3331] design decoder_control has unconnected port instr[9]
WARNING: [Synth 8-3331] design decoder_control has unconnected port instr[8]
WARNING: [Synth 8-3331] design decoder_control has unconnected port instr[7]
WARNING: [Synth 8-3331] design decoder_control has unconnected port instr[6]
---------------------------------------------------------------------------------
Finished RTL Elaboration : Time (s): cpu = 00:00:02 ; elapsed = 00:00:04 . Memory (MB): peak = 342.680 ; gain = 135.402
---------------------------------------------------------------------------------

Report Check Netlist: 
+------+------------------+-------+---------+-------+------------------+
|      |Item              |Errors |Warnings |Status |Description       |
+------+------------------+-------+---------+-------+------------------+
|1     |multi_driven_nets |      0|        0|Passed |Multi driven nets |
+------+------------------+-------+---------+-------+------------------+
---------------------------------------------------------------------------------
Finished RTL Optimization Phase 1 : Time (s): cpu = 00:00:02 ; elapsed = 00:00:04 . Memory (MB): peak = 342.680 ; gain = 135.402
---------------------------------------------------------------------------------
WARNING: [Project 1-486] Could not resolve non-primitive black box cell 'dist_mem_gen_0' instantiated as 'imem_inst/dist_mem_gen_0_inst' [D:/CPU31/CPU31.srcs/sources_1/new/imem.v:27]
INFO: [Device 21-403] Loading part xc7a100tcsg324-1
INFO: [Project 1-570] Preparing netlist for logic optimization

Processing XDC Constraints
Initializing timing engine
Parsing XDC File [D:/CPU31/CPU31.runs/synth_1/.Xil/Vivado-8524-DESKTOP-D2C712Q/dcp/dist_mem_gen_0_in_context.xdc] for cell 'imem_inst/dist_mem_gen_0_inst'
Finished Parsing XDC File [D:/CPU31/CPU31.runs/synth_1/.Xil/Vivado-8524-DESKTOP-D2C712Q/dcp/dist_mem_gen_0_in_context.xdc] for cell 'imem_inst/dist_mem_gen_0_inst'
Parsing XDC File [D:/CPU31/CPU31.srcs/constrs_1/new/cpu.xdc]
WARNING: [Vivado 12-584] No ports matched 'o_seg[0]'. [D:/CPU31/CPU31.srcs/constrs_1/new/cpu.xdc:3]
WARNING: [Vivado 12-584] No ports matched 'o_seg[1]'. [D:/CPU31/CPU31.srcs/constrs_1/new/cpu.xdc:4]
WARNING: [Vivado 12-584] No ports matched 'o_seg[2]'. [D:/CPU31/CPU31.srcs/constrs_1/new/cpu.xdc:5]
WARNING: [Vivado 12-584] No ports matched 'o_seg[3]'. [D:/CPU31/CPU31.srcs/constrs_1/new/cpu.xdc:6]
WARNING: [Vivado 12-584] No ports matched 'o_seg[4]'. [D:/CPU31/CPU31.srcs/constrs_1/new/cpu.xdc:7]
WARNING: [Vivado 12-584] No ports matched 'o_seg[5]'. [D:/CPU31/CPU31.srcs/constrs_1/new/cpu.xdc:8]
WARNING: [Vivado 12-584] No ports matched 'o_seg[6]'. [D:/CPU31/CPU31.srcs/constrs_1/new/cpu.xdc:9]
WARNING: [Vivado 12-584] No ports matched 'o_seg[7]'. [D:/CPU31/CPU31.srcs/constrs_1/new/cpu.xdc:10]
WARNING: [Vivado 12-584] No ports matched 'o_sel[0]'. [D:/CPU31/CPU31.srcs/constrs_1/new/cpu.xdc:12]
WARNING: [Vivado 12-584] No ports matched 'o_sel[1]'. [D:/CPU31/CPU31.srcs/constrs_1/new/cpu.xdc:13]
WARNING: [Vivado 12-584] No ports matched 'o_sel[2]'. [D:/CPU31/CPU31.srcs/constrs_1/new/cpu.xdc:14]
WARNING: [Vivado 12-584] No ports matched 'o_sel[3]'. [D:/CPU31/CPU31.srcs/constrs_1/new/cpu.xdc:15]
WARNING: [Vivado 12-584] No ports matched 'o_sel[4]'. [D:/CPU31/CPU31.srcs/constrs_1/new/cpu.xdc:16]
WARNING: [Vivado 12-584] No ports matched 'o_sel[5]'. [D:/CPU31/CPU31.srcs/constrs_1/new/cpu.xdc:17]
WARNING: [Vivado 12-584] No ports matched 'o_sel[6]'. [D:/CPU31/CPU31.srcs/constrs_1/new/cpu.xdc:18]
WARNING: [Vivado 12-584] No ports matched 'o_sel[7]'. [D:/CPU31/CPU31.srcs/constrs_1/new/cpu.xdc:19]
WARNING: [Vivado 12-584] No ports matched 'o_sel[7]'. [D:/CPU31/CPU31.srcs/constrs_1/new/cpu.xdc:22]
WARNING: [Vivado 12-584] No ports matched 'o_sel[6]'. [D:/CPU31/CPU31.srcs/constrs_1/new/cpu.xdc:23]
WARNING: [Vivado 12-584] No ports matched 'o_sel[5]'. [D:/CPU31/CPU31.srcs/constrs_1/new/cpu.xdc:24]
WARNING: [Vivado 12-584] No ports matched 'o_sel[4]'. [D:/CPU31/CPU31.srcs/constrs_1/new/cpu.xdc:25]
WARNING: [Vivado 12-584] No ports matched 'o_sel[3]'. [D:/CPU31/CPU31.srcs/constrs_1/new/cpu.xdc:26]
WARNING: [Vivado 12-584] No ports matched 'o_sel[2]'. [D:/CPU31/CPU31.srcs/constrs_1/new/cpu.xdc:27]
WARNING: [Vivado 12-584] No ports matched 'o_sel[1]'. [D:/CPU31/CPU31.srcs/constrs_1/new/cpu.xdc:28]
WARNING: [Vivado 12-584] No ports matched 'o_sel[0]'. [D:/CPU31/CPU31.srcs/constrs_1/new/cpu.xdc:29]
WARNING: [Vivado 12-584] No ports matched 'o_seg[7]'. [D:/CPU31/CPU31.srcs/constrs_1/new/cpu.xdc:31]
WARNING: [Vivado 12-584] No ports matched 'o_seg[6]'. [D:/CPU31/CPU31.srcs/constrs_1/new/cpu.xdc:32]
WARNING: [Vivado 12-584] No ports matched 'o_seg[5]'. [D:/CPU31/CPU31.srcs/constrs_1/new/cpu.xdc:33]
WARNING: [Vivado 12-584] No ports matched 'o_seg[4]'. [D:/CPU31/CPU31.srcs/constrs_1/new/cpu.xdc:34]
WARNING: [Vivado 12-584] No ports matched 'o_seg[3]'. [D:/CPU31/CPU31.srcs/constrs_1/new/cpu.xdc:35]
WARNING: [Vivado 12-584] No ports matched 'o_seg[2]'. [D:/CPU31/CPU31.srcs/constrs_1/new/cpu.xdc:36]
WARNING: [Vivado 12-584] No ports matched 'o_seg[1]'. [D:/CPU31/CPU31.srcs/constrs_1/new/cpu.xdc:37]
WARNING: [Vivado 12-584] No ports matched 'o_seg[0]'. [D:/CPU31/CPU31.srcs/constrs_1/new/cpu.xdc:38]
Finished Parsing XDC File [D:/CPU31/CPU31.srcs/constrs_1/new/cpu.xdc]
WARNING: [Project 1-498] One or more constraints failed evaluation while reading constraint file [D:/CPU31/CPU31.srcs/constrs_1/new/cpu.xdc] and the design contains unresolved black boxes. These constraints will be read post-synthesis (as long as their source constraint file is marked as used_in_implementation) and should be applied correctly then. You should review the constraints listed in the file [.Xil/sccomp_dataflow_propImpl.xdc] and check the run log file to verify that these constraints were correctly applied.
INFO: [Project 1-236] Implementation specific constraints were found while reading constraint file [D:/CPU31/CPU31.srcs/constrs_1/new/cpu.xdc]. These constraints will be ignored for synthesis but will be used in implementation. Impacted constraints are listed in the file [.Xil/sccomp_dataflow_propImpl.xdc].
Resolution: To avoid this warning, move constraints listed in [.Xil/sccomp_dataflow_propImpl.xdc] to another XDC file and exclude this new file from synthesis with the used_in_synthesis property (File Properties dialog in GUI) and re-run elaboration/synthesis.
Completed Processing XDC Constraints

INFO: [Project 1-111] Unisim Transformation Summary:
No Unisim elements were transformed.

Constraint Validation Runtime : Time (s): cpu = 00:00:00 ; elapsed = 00:00:00 . Memory (MB): peak = 652.520 ; gain = 0.000
---------------------------------------------------------------------------------
Finished Constraint Validation : Time (s): cpu = 00:00:03 ; elapsed = 00:00:09 . Memory (MB): peak = 652.520 ; gain = 445.242
---------------------------------------------------------------------------------
---------------------------------------------------------------------------------
Start Loading Part and Timing Information
---------------------------------------------------------------------------------
Loading part: xc7a100tcsg324-1
---------------------------------------------------------------------------------
Finished Loading Part and Timing Information : Time (s): cpu = 00:00:03 ; elapsed = 00:00:09 . Memory (MB): peak = 652.520 ; gain = 445.242
---------------------------------------------------------------------------------
---------------------------------------------------------------------------------
Start Applying 'set_property' XDC Constraints
---------------------------------------------------------------------------------
---------------------------------------------------------------------------------
Finished applying 'set_property' XDC Constraints : Time (s): cpu = 00:00:03 ; elapsed = 00:00:09 . Memory (MB): peak = 652.520 ; gain = 445.242
---------------------------------------------------------------------------------
INFO: [Synth 8-5546] ROM "array_reg_reg[31]" won't be mapped to RAM because it is too sparse
INFO: [Synth 8-5546] ROM "array_reg_reg[30]" won't be mapped to RAM because it is too sparse
INFO: [Synth 8-5546] ROM "array_reg_reg[29]" won't be mapped to RAM because it is too sparse
INFO: [Synth 8-5546] ROM "array_reg_reg[28]" won't be mapped to RAM because it is too sparse
INFO: [Synth 8-5546] ROM "array_reg_reg[27]" won't be mapped to RAM because it is too sparse
INFO: [Synth 8-5546] ROM "array_reg_reg[26]" won't be mapped to RAM because it is too sparse
INFO: [Synth 8-5546] ROM "array_reg_reg[25]" won't be mapped to RAM because it is too sparse
INFO: [Synth 8-5546] ROM "array_reg_reg[24]" won't be mapped to RAM because it is too sparse
INFO: [Synth 8-5546] ROM "array_reg_reg[23]" won't be mapped to RAM because it is too sparse
INFO: [Synth 8-5546] ROM "array_reg_reg[22]" won't be mapped to RAM because it is too sparse
INFO: [Synth 8-5546] ROM "array_reg_reg[21]" won't be mapped to RAM because it is too sparse
INFO: [Synth 8-5546] ROM "array_reg_reg[20]" won't be mapped to RAM because it is too sparse
INFO: [Synth 8-5546] ROM "array_reg_reg[19]" won't be mapped to RAM because it is too sparse
INFO: [Synth 8-5546] ROM "array_reg_reg[18]" won't be mapped to RAM because it is too sparse
INFO: [Synth 8-5546] ROM "array_reg_reg[17]" won't be mapped to RAM because it is too sparse
INFO: [Synth 8-5546] ROM "array_reg_reg[16]" won't be mapped to RAM because it is too sparse
INFO: [Synth 8-5546] ROM "array_reg_reg[15]" won't be mapped to RAM because it is too sparse
INFO: [Synth 8-5546] ROM "array_reg_reg[14]" won't be mapped to RAM because it is too sparse
INFO: [Synth 8-5546] ROM "array_reg_reg[13]" won't be mapped to RAM because it is too sparse
INFO: [Synth 8-5546] ROM "array_reg_reg[12]" won't be mapped to RAM because it is too sparse
INFO: [Synth 8-5546] ROM "array_reg_reg[11]" won't be mapped to RAM because it is too sparse
INFO: [Synth 8-5546] ROM "array_reg_reg[10]" won't be mapped to RAM because it is too sparse
INFO: [Synth 8-5546] ROM "array_reg_reg[9]" won't be mapped to RAM because it is too sparse
INFO: [Synth 8-5546] ROM "array_reg_reg[8]" won't be mapped to RAM because it is too sparse
INFO: [Synth 8-5546] ROM "array_reg_reg[7]" won't be mapped to RAM because it is too sparse
INFO: [Synth 8-5546] ROM "array_reg_reg[6]" won't be mapped to RAM because it is too sparse
INFO: [Synth 8-5546] ROM "array_reg_reg[5]" won't be mapped to RAM because it is too sparse
INFO: [Synth 8-5546] ROM "array_reg_reg[4]" won't be mapped to RAM because it is too sparse
INFO: [Synth 8-5546] ROM "array_reg_reg[3]" won't be mapped to RAM because it is too sparse
INFO: [Synth 8-5546] ROM "array_reg_reg[2]" won't be mapped to RAM because it is too sparse
INFO: [Synth 8-5546] ROM "array_reg_reg[1]" won't be mapped to RAM because it is too sparse
INFO: [Synth 8-5546] ROM "array_reg_reg[0]" won't be mapped to RAM because it is too sparse
INFO: [Synth 8-5545] ROM "mem_reg[31]" won't be mapped to RAM because address size (32) is larger than maximum supported(25)
INFO: [Synth 8-5545] ROM "mem_reg[30]" won't be mapped to RAM because address size (32) is larger than maximum supported(25)
INFO: [Synth 8-5545] ROM "mem_reg[29]" won't be mapped to RAM because address size (32) is larger than maximum supported(25)
INFO: [Synth 8-5545] ROM "mem_reg[28]" won't be mapped to RAM because address size (32) is larger than maximum supported(25)
INFO: [Synth 8-5545] ROM "mem_reg[27]" won't be mapped to RAM because address size (32) is larger than maximum supported(25)
INFO: [Synth 8-5545] ROM "mem_reg[26]" won't be mapped to RAM because address size (32) is larger than maximum supported(25)
INFO: [Synth 8-5545] ROM "mem_reg[25]" won't be mapped to RAM because address size (32) is larger than maximum supported(25)
INFO: [Synth 8-5545] ROM "mem_reg[24]" won't be mapped to RAM because address size (32) is larger than maximum supported(25)
INFO: [Synth 8-5545] ROM "mem_reg[23]" won't be mapped to RAM because address size (32) is larger than maximum supported(25)
INFO: [Synth 8-5545] ROM "mem_reg[22]" won't be mapped to RAM because address size (32) is larger than maximum supported(25)
INFO: [Synth 8-5545] ROM "mem_reg[21]" won't be mapped to RAM because address size (32) is larger than maximum supported(25)
INFO: [Synth 8-5545] ROM "mem_reg[20]" won't be mapped to RAM because address size (32) is larger than maximum supported(25)
INFO: [Synth 8-5545] ROM "mem_reg[19]" won't be mapped to RAM because address size (32) is larger than maximum supported(25)
INFO: [Synth 8-5545] ROM "mem_reg[18]" won't be mapped to RAM because address size (32) is larger than maximum supported(25)
INFO: [Synth 8-5545] ROM "mem_reg[17]" won't be mapped to RAM because address size (32) is larger than maximum supported(25)
INFO: [Synth 8-5545] ROM "mem_reg[16]" won't be mapped to RAM because address size (32) is larger than maximum supported(25)
INFO: [Synth 8-5545] ROM "mem_reg[15]" won't be mapped to RAM because address size (32) is larger than maximum supported(25)
INFO: [Synth 8-5545] ROM "mem_reg[14]" won't be mapped to RAM because address size (32) is larger than maximum supported(25)
INFO: [Synth 8-5545] ROM "mem_reg[13]" won't be mapped to RAM because address size (32) is larger than maximum supported(25)
INFO: [Synth 8-5545] ROM "mem_reg[12]" won't be mapped to RAM because address size (32) is larger than maximum supported(25)
INFO: [Synth 8-5545] ROM "mem_reg[11]" won't be mapped to RAM because address size (32) is larger than maximum supported(25)
INFO: [Synth 8-5545] ROM "mem_reg[10]" won't be mapped to RAM because address size (32) is larger than maximum supported(25)
INFO: [Synth 8-5545] ROM "mem_reg[9]" won't be mapped to RAM because address size (32) is larger than maximum supported(25)
INFO: [Synth 8-5545] ROM "mem_reg[8]" won't be mapped to RAM because address size (32) is larger than maximum supported(25)
INFO: [Synth 8-5545] ROM "mem_reg[7]" won't be mapped to RAM because address size (32) is larger than maximum supported(25)
INFO: [Synth 8-5545] ROM "mem_reg[6]" won't be mapped to RAM because address size (32) is larger than maximum supported(25)
INFO: [Synth 8-5545] ROM "mem_reg[5]" won't be mapped to RAM because address size (32) is larger than maximum supported(25)
INFO: [Synth 8-5545] ROM "mem_reg[4]" won't be mapped to RAM because address size (32) is larger than maximum supported(25)
INFO: [Synth 8-5545] ROM "mem_reg[3]" won't be mapped to RAM because address size (32) is larger than maximum supported(25)
INFO: [Synth 8-5545] ROM "mem_reg[2]" won't be mapped to RAM because address size (32) is larger than maximum supported(25)
INFO: [Synth 8-5545] ROM "mem_reg[1]" won't be mapped to RAM because address size (32) is larger than maximum supported(25)
INFO: [Synth 8-5545] ROM "mem_reg[0]" won't be mapped to RAM because address size (32) is larger than maximum supported(25)
---------------------------------------------------------------------------------
Finished RTL Optimization Phase 2 : Time (s): cpu = 00:00:04 ; elapsed = 00:00:09 . Memory (MB): peak = 652.520 ; gain = 445.242
---------------------------------------------------------------------------------

Report RTL Partitions: 
+-+--------------+------------+----------+
| |RTL Partition |Replication |Instances |
+-+--------------+------------+----------+
+-+--------------+------------+----------+
---------------------------------------------------------------------------------
Start RTL Component Statistics 
---------------------------------------------------------------------------------
Detailed RTL Component Info : 
+---Adders : 
	   2 Input     32 Bit       Adders := 4     
	   3 Input     32 Bit       Adders := 1     
+---XORs : 
	   2 Input     32 Bit         XORs := 1     
+---Registers : 
	               32 Bit    Registers := 64    
+---Muxes : 
	   2 Input     32 Bit        Muxes := 10    
	   2 Input      5 Bit        Muxes := 2     
	   2 Input      3 Bit        Muxes := 1     
	   2 Input      2 Bit        Muxes := 4     
	   2 Input      1 Bit        Muxes := 64    
---------------------------------------------------------------------------------
Finished RTL Component Statistics 
---------------------------------------------------------------------------------
---------------------------------------------------------------------------------
Start RTL Hierarchical Component Statistics 
---------------------------------------------------------------------------------
Hierarchical RTL Component report 
Module decoder_control 
Detailed RTL Component Info : 
+---Muxes : 
	   2 Input      2 Bit        Muxes := 4     
Module regfile 
Detailed RTL Component Info : 
+---Registers : 
	               32 Bit    Registers := 32    
+---Muxes : 
	   2 Input     32 Bit        Muxes := 2     
	   2 Input      1 Bit        Muxes := 32    
Module alu 
Detailed RTL Component Info : 
+---Adders : 
	   2 Input     32 Bit       Adders := 1     
	   3 Input     32 Bit       Adders := 1     
+---XORs : 
	   2 Input     32 Bit         XORs := 1     
Module cpu 
Detailed RTL Component Info : 
+---Adders : 
	   2 Input     32 Bit       Adders := 2     
+---Muxes : 
	   2 Input     32 Bit        Muxes := 8     
	   2 Input      5 Bit        Muxes := 2     
	   2 Input      3 Bit        Muxes := 1     
Module dmem 
Detailed RTL Component Info : 
+---Adders : 
	   2 Input     32 Bit       Adders := 1     
+---Registers : 
	               32 Bit    Registers := 32    
+---Muxes : 
	   2 Input      1 Bit        Muxes := 32    
---------------------------------------------------------------------------------
Finished RTL Hierarchical Component Statistics
---------------------------------------------------------------------------------
---------------------------------------------------------------------------------
Start Part Resource Summary
---------------------------------------------------------------------------------
Part Resources:
DSPs: 240 (col length:80)
BRAMs: 270 (col length: RAMB18 80 RAMB36 40)
---------------------------------------------------------------------------------
Finished Part Resource Summary
---------------------------------------------------------------------------------
Start Parallel Synthesis Optimization  : Time (s): cpu = 00:00:04 ; elapsed = 00:00:09 . Memory (MB): peak = 652.520 ; gain = 445.242
---------------------------------------------------------------------------------
Start Cross Boundary Optimization
---------------------------------------------------------------------------------
INFO: [Synth 8-5545] ROM "dmem_inst/mem_reg[31]" won't be mapped to RAM because address size (32) is larger than maximum supported(25)
INFO: [Synth 8-5545] ROM "dmem_inst/mem_reg[30]" won't be mapped to RAM because address size (32) is larger than maximum supported(25)
INFO: [Synth 8-5545] ROM "dmem_inst/mem_reg[29]" won't be mapped to RAM because address size (32) is larger than maximum supported(25)
INFO: [Synth 8-5545] ROM "dmem_inst/mem_reg[28]" won't be mapped to RAM because address size (32) is larger than maximum supported(25)
INFO: [Synth 8-5545] ROM "dmem_inst/mem_reg[27]" won't be mapped to RAM because address size (32) is larger than maximum supported(25)
INFO: [Synth 8-5545] ROM "dmem_inst/mem_reg[26]" won't be mapped to RAM because address size (32) is larger than maximum supported(25)
INFO: [Synth 8-5545] ROM "dmem_inst/mem_reg[25]" won't be mapped to RAM because address size (32) is larger than maximum supported(25)
INFO: [Synth 8-5545] ROM "dmem_inst/mem_reg[24]" won't be mapped to RAM because address size (32) is larger than maximum supported(25)
INFO: [Synth 8-5545] ROM "dmem_inst/mem_reg[23]" won't be mapped to RAM because address size (32) is larger than maximum supported(25)
INFO: [Synth 8-5545] ROM "dmem_inst/mem_reg[22]" won't be mapped to RAM because address size (32) is larger than maximum supported(25)
INFO: [Synth 8-5545] ROM "dmem_inst/mem_reg[21]" won't be mapped to RAM because address size (32) is larger than maximum supported(25)
INFO: [Synth 8-5545] ROM "dmem_inst/mem_reg[20]" won't be mapped to RAM because address size (32) is larger than maximum supported(25)
INFO: [Synth 8-5545] ROM "dmem_inst/mem_reg[19]" won't be mapped to RAM because address size (32) is larger than maximum supported(25)
INFO: [Synth 8-5545] ROM "dmem_inst/mem_reg[18]" won't be mapped to RAM because address size (32) is larger than maximum supported(25)
INFO: [Synth 8-5545] ROM "dmem_inst/mem_reg[17]" won't be mapped to RAM because address size (32) is larger than maximum supported(25)
INFO: [Synth 8-5545] ROM "dmem_inst/mem_reg[16]" won't be mapped to RAM because address size (32) is larger than maximum supported(25)
INFO: [Synth 8-5545] ROM "dmem_inst/mem_reg[15]" won't be mapped to RAM because address size (32) is larger than maximum supported(25)
INFO: [Synth 8-5545] ROM "dmem_inst/mem_reg[14]" won't be mapped to RAM because address size (32) is larger than maximum supported(25)
INFO: [Synth 8-5545] ROM "dmem_inst/mem_reg[13]" won't be mapped to RAM because address size (32) is larger than maximum supported(25)
INFO: [Synth 8-5545] ROM "dmem_inst/mem_reg[12]" won't be mapped to RAM because address size (32) is larger than maximum supported(25)
INFO: [Synth 8-5545] ROM "dmem_inst/mem_reg[11]" won't be mapped to RAM because address size (32) is larger than maximum supported(25)
INFO: [Synth 8-5545] ROM "dmem_inst/mem_reg[10]" won't be mapped to RAM because address size (32) is larger than maximum supported(25)
INFO: [Synth 8-5545] ROM "dmem_inst/mem_reg[9]" won't be mapped to RAM because address size (32) is larger than maximum supported(25)
INFO: [Synth 8-5545] ROM "dmem_inst/mem_reg[8]" won't be mapped to RAM because address size (32) is larger than maximum supported(25)
INFO: [Synth 8-5545] ROM "dmem_inst/mem_reg[7]" won't be mapped to RAM because address size (32) is larger than maximum supported(25)
INFO: [Synth 8-5545] ROM "dmem_inst/mem_reg[6]" won't be mapped to RAM because address size (32) is larger than maximum supported(25)
INFO: [Synth 8-5545] ROM "dmem_inst/mem_reg[5]" won't be mapped to RAM because address size (32) is larger than maximum supported(25)
INFO: [Synth 8-5545] ROM "dmem_inst/mem_reg[4]" won't be mapped to RAM because address size (32) is larger than maximum supported(25)
INFO: [Synth 8-5545] ROM "dmem_inst/mem_reg[3]" won't be mapped to RAM because address size (32) is larger than maximum supported(25)
INFO: [Synth 8-5545] ROM "dmem_inst/mem_reg[2]" won't be mapped to RAM because address size (32) is larger than maximum supported(25)
INFO: [Synth 8-5545] ROM "dmem_inst/mem_reg[1]" won't be mapped to RAM because address size (32) is larger than maximum supported(25)
INFO: [Synth 8-5545] ROM "dmem_inst/mem_reg[0]" won't be mapped to RAM because address size (32) is larger than maximum supported(25)
---------------------------------------------------------------------------------
Finished Cross Boundary Optimization : Time (s): cpu = 00:00:04 ; elapsed = 00:00:10 . Memory (MB): peak = 652.520 ; gain = 445.242
---------------------------------------------------------------------------------
Finished Parallel Reinference  : Time (s): cpu = 00:00:04 ; elapsed = 00:00:10 . Memory (MB): peak = 652.520 ; gain = 445.242

Report RTL Partitions: 
+-+--------------+------------+----------+
| |RTL Partition |Replication |Instances |
+-+--------------+------------+----------+
+-+--------------+------------+----------+
---------------------------------------------------------------------------------
Start Area Optimization
---------------------------------------------------------------------------------
---------------------------------------------------------------------------------
Finished Area Optimization : Time (s): cpu = 00:00:14 ; elapsed = 00:00:45 . Memory (MB): peak = 652.520 ; gain = 445.242
---------------------------------------------------------------------------------
Finished Parallel Area Optimization  : Time (s): cpu = 00:00:14 ; elapsed = 00:00:45 . Memory (MB): peak = 652.520 ; gain = 445.242

Report RTL Partitions: 
+-+--------------+------------+----------+
| |RTL Partition |Replication |Instances |
+-+--------------+------------+----------+
+-+--------------+------------+----------+
---------------------------------------------------------------------------------
Start Timing Optimization
---------------------------------------------------------------------------------
---------------------------------------------------------------------------------
Start Applying XDC Timing Constraints
---------------------------------------------------------------------------------
---------------------------------------------------------------------------------
Finished Applying XDC Timing Constraints : Time (s): cpu = 00:00:14 ; elapsed = 00:00:51 . Memory (MB): peak = 652.520 ; gain = 445.242
---------------------------------------------------------------------------------
---------------------------------------------------------------------------------
Finished Timing Optimization : Time (s): cpu = 00:00:17 ; elapsed = 00:01:06 . Memory (MB): peak = 709.395 ; gain = 502.117
---------------------------------------------------------------------------------

Report RTL Partitions: 
+-+--------------+------------+----------+
| |RTL Partition |Replication |Instances |
+-+--------------+------------+----------+
+-+--------------+------------+----------+
---------------------------------------------------------------------------------
Start Technology Mapping
---------------------------------------------------------------------------------
---------------------------------------------------------------------------------
Finished Technology Mapping : Time (s): cpu = 00:00:20 ; elapsed = 00:01:11 . Memory (MB): peak = 734.902 ; gain = 527.625
---------------------------------------------------------------------------------
Finished Parallel Technology Mapping Optimization  : Time (s): cpu = 00:00:20 ; elapsed = 00:01:11 . Memory (MB): peak = 734.902 ; gain = 527.625

Report RTL Partitions: 
+-+--------------+------------+----------+
| |RTL Partition |Replication |Instances |
+-+--------------+------------+----------+
+-+--------------+------------+----------+
Finished Parallel Synthesis Optimization  : Time (s): cpu = 00:00:20 ; elapsed = 00:01:11 . Memory (MB): peak = 734.902 ; gain = 527.625
---------------------------------------------------------------------------------
Start IO Insertion
---------------------------------------------------------------------------------
---------------------------------------------------------------------------------
Start Flattening Before IO Insertion
---------------------------------------------------------------------------------
---------------------------------------------------------------------------------
Finished Flattening Before IO Insertion
---------------------------------------------------------------------------------
---------------------------------------------------------------------------------
Start Final Netlist Cleanup
---------------------------------------------------------------------------------
---------------------------------------------------------------------------------
Finished Final Netlist Cleanup
---------------------------------------------------------------------------------
---------------------------------------------------------------------------------
Finished IO Insertion : Time (s): cpu = 00:00:20 ; elapsed = 00:01:12 . Memory (MB): peak = 734.902 ; gain = 527.625
---------------------------------------------------------------------------------

Report Check Netlist: 
+------+------------------+-------+---------+-------+------------------+
|      |Item              |Errors |Warnings |Status |Description       |
+------+------------------+-------+---------+-------+------------------+
|1     |multi_driven_nets |      0|        0|Passed |Multi driven nets |
+------+------------------+-------+---------+-------+------------------+
---------------------------------------------------------------------------------
Start Renaming Generated Instances
---------------------------------------------------------------------------------
---------------------------------------------------------------------------------
Finished Renaming Generated Instances : Time (s): cpu = 00:00:20 ; elapsed = 00:01:12 . Memory (MB): peak = 734.902 ; gain = 527.625
---------------------------------------------------------------------------------

Report RTL Partitions: 
+-+--------------+------------+----------+
| |RTL Partition |Replication |Instances |
+-+--------------+------------+----------+
+-+--------------+------------+----------+
---------------------------------------------------------------------------------
Start Rebuilding User Hierarchy
---------------------------------------------------------------------------------
---------------------------------------------------------------------------------
Finished Rebuilding User Hierarchy : Time (s): cpu = 00:00:20 ; elapsed = 00:01:12 . Memory (MB): peak = 734.902 ; gain = 527.625
---------------------------------------------------------------------------------
---------------------------------------------------------------------------------
Start Renaming Generated Ports
---------------------------------------------------------------------------------
---------------------------------------------------------------------------------
Finished Renaming Generated Ports : Time (s): cpu = 00:00:20 ; elapsed = 00:01:12 . Memory (MB): peak = 734.902 ; gain = 527.625
---------------------------------------------------------------------------------
---------------------------------------------------------------------------------
Start Handling Custom Attributes
---------------------------------------------------------------------------------
---------------------------------------------------------------------------------
Finished Handling Custom Attributes : Time (s): cpu = 00:00:20 ; elapsed = 00:01:12 . Memory (MB): peak = 734.902 ; gain = 527.625
---------------------------------------------------------------------------------
---------------------------------------------------------------------------------
Start Renaming Generated Nets
---------------------------------------------------------------------------------
---------------------------------------------------------------------------------
Finished Renaming Generated Nets : Time (s): cpu = 00:00:20 ; elapsed = 00:01:12 . Memory (MB): peak = 734.902 ; gain = 527.625
---------------------------------------------------------------------------------
---------------------------------------------------------------------------------
Start Writing Synthesis Report
---------------------------------------------------------------------------------

Report BlackBoxes: 
+------+---------------+----------+
|      |BlackBox name  |Instances |
+------+---------------+----------+
|1     |dist_mem_gen_0 |         1|
+------+---------------+----------+

Report Cell Usage: 
+------+---------------+------+
|      |Cell           |Count |
+------+---------------+------+
|1     |dist_mem_gen_0 |     1|
|2     |BUFG           |     1|
|3     |CARRY4         |    44|
|4     |LUT1           |    37|
|5     |LUT2           |   161|
|6     |LUT3           |   102|
|7     |LUT4           |   128|
|8     |LUT5           |   152|
|9     |LUT6           |  1403|
|10    |MUXF7          |   303|
|11    |MUXF8          |    90|
|12    |FDCE           |  2079|
|13    |FDPE           |     1|
|14    |IBUF           |     2|
|15    |OBUF           |    64|
+------+---------------+------+

Report Instance Areas: 
+------+------------+--------+------+
|      |Instance    |Module  |Cells |
+------+------------+--------+------+
|1     |top         |        |  4599|
|2     |  dmem_inst |dmem    |  1422|
|3     |  imem_inst |imem    |   848|
|4     |  sccpu     |cpu     |  2262|
|5     |    cpu_ref |regfile |  2099|
|6     |    pc_inst |pc      |   103|
+------+------------+--------+------+
---------------------------------------------------------------------------------
Finished Writing Synthesis Report : Time (s): cpu = 00:00:20 ; elapsed = 00:01:12 . Memory (MB): peak = 734.902 ; gain = 527.625
---------------------------------------------------------------------------------
Synthesis finished with 0 errors, 0 critical warnings and 0 warnings.
Synthesis Optimization Runtime : Time (s): cpu = 00:00:17 ; elapsed = 00:01:07 . Memory (MB): peak = 734.902 ; gain = 189.742
Synthesis Optimization Complete : Time (s): cpu = 00:00:20 ; elapsed = 00:01:12 . Memory (MB): peak = 734.902 ; gain = 527.625
INFO: [Project 1-571] Translating synthesized netlist
INFO: [Netlist 29-17] Analyzing 46 Unisim elements for replacement
INFO: [Netlist 29-28] Unisim Transformation completed in 0 CPU seconds
INFO: [Project 1-570] Preparing netlist for logic optimization
INFO: [Opt 31-138] Pushed 1 inverter(s) to 32 load pin(s).
INFO: [Project 1-111] Unisim Transformation Summary:
No Unisim elements were transformed.

INFO: [Common 17-83] Releasing license: Synthesis
126 Infos, 54 Warnings, 32 Critical Warnings and 0 Errors encountered.
synth_design completed successfully
synth_design: Time (s): cpu = 00:00:19 ; elapsed = 00:01:11 . Memory (MB): peak = 734.902 ; gain = 503.676
report_utilization: Time (s): cpu = 00:00:00 ; elapsed = 00:00:00.016 . Memory (MB): peak = 734.902 ; gain = 0.000
INFO: [Common 17-206] Exiting Vivado at Tue Jul 09 13:09:28 2024...
