
*** Running vivado
    with args -log sccomp_dataflow.vds -m64 -mode batch -messageDb vivado.pb -notrace -source sccomp_dataflow.tcl


****** Vivado v2016.2 (64-bit)
  **** SW Build 1577090 on Thu Jun  2 16:32:40 MDT 2016
  **** IP Build 1577682 on Fri Jun  3 12:00:54 MDT 2016
    ** Copyright 1986-2016 Xilinx, Inc. All Rights Reserved.

source sccomp_dataflow.tcl -notrace
Command: synth_design -top sccomp_dataflow -part xc7a100tcsg324-1
Starting synth_design
Attempting to get a license for feature 'Synthesis' and/or device 'xc7a100t'
INFO: [Common 17-349] Got license for feature 'Synthesis' and/or device 'xc7a100t'
INFO: Launching helper process for spawning children vivado processes
INFO: Helper process launched with PID 23472 
---------------------------------------------------------------------------------
Starting RTL Elaboration : Time (s): cpu = 00:00:02 ; elapsed = 00:00:04 . Memory (MB): peak = 305.340 ; gain = 97.988
---------------------------------------------------------------------------------
INFO: [Synth 8-638] synthesizing module 'sccomp_dataflow' [D:/CPU54/CPU54.srcs/sources_1/new/sccomp_dataflow.v:22]
INFO: [Synth 8-638] synthesizing module 'IMEM' [D:/CPU54/CPU54.srcs/sources_1/new/IMEM.v:25]
INFO: [Synth 8-638] synthesizing module 'dist_mem_gen_0' [D:/CPU54/CPU54.runs/synth_1/.Xil/Vivado-7504-DESKTOP-D2C712Q/realtime/dist_mem_gen_0_stub.v:6]
INFO: [Synth 8-256] done synthesizing module 'dist_mem_gen_0' (1#1) [D:/CPU54/CPU54.runs/synth_1/.Xil/Vivado-7504-DESKTOP-D2C712Q/realtime/dist_mem_gen_0_stub.v:6]
INFO: [Synth 8-256] done synthesizing module 'IMEM' (2#1) [D:/CPU54/CPU54.srcs/sources_1/new/IMEM.v:25]
INFO: [Synth 8-638] synthesizing module 'DMEM' [D:/CPU54/CPU54.srcs/sources_1/new/DMEM.v:63]
INFO: [Synth 8-256] done synthesizing module 'DMEM' (3#1) [D:/CPU54/CPU54.srcs/sources_1/new/DMEM.v:63]
INFO: [Synth 8-638] synthesizing module 'cpu' [D:/CPU54/CPU54.srcs/sources_1/new/cpu.v:23]
	Parameter ADD bound to: 6'b000000 
	Parameter ADDU bound to: 6'b000001 
	Parameter SUB bound to: 6'b000010 
	Parameter SUBU bound to: 6'b000011 
	Parameter AND bound to: 6'b000100 
	Parameter OR bound to: 6'b000101 
	Parameter XOR bound to: 6'b000110 
	Parameter NOR bound to: 6'b000111 
	Parameter SLT bound to: 6'b001000 
	Parameter SLTU bound to: 6'b001001 
	Parameter SLL bound to: 6'b001010 
	Parameter SRL bound to: 6'b001011 
	Parameter SRA bound to: 6'b001100 
	Parameter SLLV bound to: 6'b001101 
	Parameter SRLV bound to: 6'b001110 
	Parameter SRAV bound to: 6'b001111 
	Parameter JR bound to: 6'b010000 
	Parameter ADDI bound to: 6'b010001 
	Parameter ADDIU bound to: 6'b010010 
	Parameter ANDI bound to: 6'b010011 
	Parameter ORI bound to: 6'b010100 
	Parameter XORI bound to: 6'b010101 
	Parameter LW bound to: 6'b010110 
	Parameter SW bound to: 6'b010111 
	Parameter BEQ bound to: 6'b011000 
	Parameter BNE bound to: 6'b011001 
	Parameter SLTI bound to: 6'b011010 
	Parameter SLTIU bound to: 6'b011011 
	Parameter LUI bound to: 6'b011100 
	Parameter J bound to: 6'b011101 
	Parameter JAL bound to: 6'b011110 
	Parameter CLZ bound to: 6'b011111 
	Parameter JALR bound to: 6'b100000 
	Parameter MTHI bound to: 6'b100001 
	Parameter MTLO bound to: 6'b100010 
	Parameter MFHI bound to: 6'b100011 
	Parameter MFLO bound to: 6'b100100 
	Parameter SB bound to: 6'b100101 
	Parameter SH bound to: 6'b100110 
	Parameter LB bound to: 6'b100111 
	Parameter LH bound to: 6'b101000 
	Parameter LBU bound to: 6'b101001 
	Parameter LHU bound to: 6'b101010 
	Parameter ERET bound to: 6'b101011 
	Parameter BREAK bound to: 6'b101100 
	Parameter SYSCALL bound to: 6'b101101 
	Parameter TEQ bound to: 6'b101110 
	Parameter MFC0 bound to: 6'b101111 
	Parameter MTC0 bound to: 6'b110000 
	Parameter MUL bound to: 6'b110001 
	Parameter MULTU bound to: 6'b110010 
	Parameter DIV bound to: 6'b110011 
	Parameter DIVU bound to: 6'b110100 
	Parameter BGEZ bound to: 6'b110101 
INFO: [Synth 8-638] synthesizing module 'Decoder' [D:/CPU54/CPU54.srcs/sources_1/new/Decoder.v:23]
	Parameter ADD_OPE bound to: 6'b100000 
	Parameter ADDU_OPE bound to: 6'b100001 
	Parameter SUB_OPE bound to: 6'b100010 
	Parameter SUBU_OPE bound to: 6'b100011 
	Parameter AND_OPE bound to: 6'b100100 
	Parameter OR_OPE bound to: 6'b100101 
	Parameter XOR_OPE bound to: 6'b100110 
	Parameter NOR_OPE bound to: 6'b100111 
	Parameter SLT_OPE bound to: 6'b101010 
	Parameter SLTU_OPE bound to: 6'b101011 
	Parameter SLL_OPE bound to: 6'b000000 
	Parameter SRL_OPE bound to: 6'b000010 
	Parameter SRA_OPE bound to: 6'b000011 
	Parameter SLLV_OPE bound to: 6'b000100 
	Parameter SRLV_OPE bound to: 6'b000110 
	Parameter SRAV_OPE bound to: 6'b000111 
	Parameter JR_OPE bound to: 6'b001000 
	Parameter ADDI_OPE bound to: 6'b001000 
	Parameter ADDIU_OPE bound to: 6'b001001 
	Parameter ANDI_OPE bound to: 6'b001100 
	Parameter ORI_OPE bound to: 6'b001101 
	Parameter XORI_OPE bound to: 6'b001110 
	Parameter LW_OPE bound to: 6'b100011 
	Parameter SW_OPE bound to: 6'b101011 
	Parameter BEQ_OPE bound to: 6'b000100 
	Parameter BNE_OPE bound to: 6'b000101 
	Parameter SLTI_OPE bound to: 6'b001010 
	Parameter SLTIU_OPE bound to: 6'b001011 
	Parameter LUI_OPE bound to: 6'b001111 
	Parameter J_OPE bound to: 6'b000010 
	Parameter JAL_OPE bound to: 6'b000011 
	Parameter CLZ_OPE bound to: 6'b100000 
	Parameter JALR_OPE bound to: 6'b001001 
	Parameter MTHI_OPE bound to: 6'b010001 
	Parameter MFHI_OPE bound to: 6'b010000 
	Parameter MTLO_OPE bound to: 6'b010011 
	Parameter MFLO_OPE bound to: 6'b010010 
	Parameter SB_OPE bound to: 6'b101000 
	Parameter SH_OPE bound to: 6'b101001 
	Parameter LB_OPE bound to: 6'b100000 
	Parameter LH_OPE bound to: 6'b100001 
	Parameter LBU_OPE bound to: 6'b100100 
	Parameter LHU_OPE bound to: 6'b100101 
	Parameter ERET_OPE bound to: 6'b011000 
	Parameter BREAK_OPE bound to: 6'b001101 
	Parameter SYSCALL_OPE bound to: 6'b001100 
	Parameter TEQ_OPE bound to: 6'b110100 
	Parameter MFC0_OPE bound to: 5'b00000 
	Parameter MTC0_OPE bound to: 5'b00100 
	Parameter MUL_OPE bound to: 6'b000010 
	Parameter MULTU_OPE bound to: 6'b011001 
	Parameter DIV_OPE bound to: 6'b011010 
	Parameter DIVU_OPE bound to: 6'b011011 
	Parameter BGEZ_OPE bound to: 6'b000001 
	Parameter ADD bound to: 6'b000000 
	Parameter ADDU bound to: 6'b000001 
	Parameter SUB bound to: 6'b000010 
	Parameter SUBU bound to: 6'b000011 
	Parameter AND bound to: 6'b000100 
	Parameter OR bound to: 6'b000101 
	Parameter XOR bound to: 6'b000110 
	Parameter NOR bound to: 6'b000111 
	Parameter SLT bound to: 6'b001000 
	Parameter SLTU bound to: 6'b001001 
	Parameter SLL bound to: 6'b001010 
	Parameter SRL bound to: 6'b001011 
	Parameter SRA bound to: 6'b001100 
	Parameter SLLV bound to: 6'b001101 
	Parameter SRLV bound to: 6'b001110 
	Parameter SRAV bound to: 6'b001111 
	Parameter JR bound to: 6'b010000 
	Parameter ADDI bound to: 6'b010001 
	Parameter ADDIU bound to: 6'b010010 
	Parameter ANDI bound to: 6'b010011 
	Parameter ORI bound to: 6'b010100 
	Parameter XORI bound to: 6'b010101 
	Parameter LW bound to: 6'b010110 
	Parameter SW bound to: 6'b010111 
	Parameter BEQ bound to: 6'b011000 
	Parameter BNE bound to: 6'b011001 
	Parameter SLTI bound to: 6'b011010 
	Parameter SLTIU bound to: 6'b011011 
	Parameter LUI bound to: 6'b011100 
	Parameter J bound to: 6'b011101 
	Parameter JAL bound to: 6'b011110 
	Parameter CLZ bound to: 6'b011111 
	Parameter JALR bound to: 6'b100000 
	Parameter MTHI bound to: 6'b100001 
	Parameter MTLO bound to: 6'b100010 
	Parameter MFHI bound to: 6'b100011 
	Parameter MFLO bound to: 6'b100100 
	Parameter SB bound to: 6'b100101 
	Parameter SH bound to: 6'b100110 
	Parameter LB bound to: 6'b100111 
	Parameter LH bound to: 6'b101000 
	Parameter LBU bound to: 6'b101001 
	Parameter LHU bound to: 6'b101010 
	Parameter ERET bound to: 6'b101011 
	Parameter BREAK bound to: 6'b101100 
	Parameter SYSCALL bound to: 6'b101101 
	Parameter TEQ bound to: 6'b101110 
	Parameter MFC0 bound to: 6'b101111 
	Parameter MTC0 bound to: 6'b110000 
	Parameter MUL bound to: 6'b110001 
	Parameter MULTU bound to: 6'b110010 
	Parameter DIV bound to: 6'b110011 
	Parameter DIVU bound to: 6'b110100 
	Parameter BGEZ bound to: 6'b110101 
INFO: [Synth 8-256] done synthesizing module 'Decoder' (4#1) [D:/CPU54/CPU54.srcs/sources_1/new/Decoder.v:23]
INFO: [Synth 8-638] synthesizing module 'Controler' [D:/CPU54/CPU54.srcs/sources_1/new/Controler.v:23]
	Parameter ADD bound to: 6'b000000 
	Parameter ADDU bound to: 6'b000001 
	Parameter SUB bound to: 6'b000010 
	Parameter SUBU bound to: 6'b000011 
	Parameter AND bound to: 6'b000100 
	Parameter OR bound to: 6'b000101 
	Parameter XOR bound to: 6'b000110 
	Parameter NOR bound to: 6'b000111 
	Parameter SLT bound to: 6'b001000 
	Parameter SLTU bound to: 6'b001001 
	Parameter SLL bound to: 6'b001010 
	Parameter SRL bound to: 6'b001011 
	Parameter SRA bound to: 6'b001100 
	Parameter SLLV bound to: 6'b001101 
	Parameter SRLV bound to: 6'b001110 
	Parameter SRAV bound to: 6'b001111 
	Parameter JR bound to: 6'b010000 
	Parameter ADDI bound to: 6'b010001 
	Parameter ADDIU bound to: 6'b010010 
	Parameter ANDI bound to: 6'b010011 
	Parameter ORI bound to: 6'b010100 
	Parameter XORI bound to: 6'b010101 
	Parameter LW bound to: 6'b010110 
	Parameter SW bound to: 6'b010111 
	Parameter BEQ bound to: 6'b011000 
	Parameter BNE bound to: 6'b011001 
	Parameter SLTI bound to: 6'b011010 
	Parameter SLTIU bound to: 6'b011011 
	Parameter LUI bound to: 6'b011100 
	Parameter J bound to: 6'b011101 
	Parameter JAL bound to: 6'b011110 
	Parameter CLZ bound to: 6'b011111 
	Parameter JALR bound to: 6'b100000 
	Parameter MTHI bound to: 6'b100001 
	Parameter MTLO bound to: 6'b100010 
	Parameter MFHI bound to: 6'b100011 
	Parameter MFLO bound to: 6'b100100 
	Parameter SB bound to: 6'b100101 
	Parameter SH bound to: 6'b100110 
	Parameter LB bound to: 6'b100111 
	Parameter LH bound to: 6'b101000 
	Parameter LBU bound to: 6'b101001 
	Parameter LHU bound to: 6'b101010 
	Parameter ERET bound to: 6'b101011 
	Parameter BREAK bound to: 6'b101100 
	Parameter SYSCALL bound to: 6'b101101 
	Parameter TEQ bound to: 6'b101110 
	Parameter MFC0 bound to: 6'b101111 
	Parameter MTC0 bound to: 6'b110000 
	Parameter MUL bound to: 6'b110001 
	Parameter MULTU bound to: 6'b110010 
	Parameter DIV bound to: 6'b110011 
	Parameter DIVU bound to: 6'b110100 
	Parameter BGEZ bound to: 6'b110101 
INFO: [Synth 8-256] done synthesizing module 'Controler' (5#1) [D:/CPU54/CPU54.srcs/sources_1/new/Controler.v:23]
INFO: [Synth 8-638] synthesizing module 'ALU' [D:/CPU54/CPU54.srcs/sources_1/new/ALU.v:23]
	Parameter ADDU bound to: 4'b0000 
	Parameter ADD bound to: 4'b0010 
	Parameter SUBU bound to: 4'b0001 
	Parameter SUB bound to: 4'b0011 
	Parameter AND bound to: 4'b0100 
	Parameter OR bound to: 4'b0101 
	Parameter XOR bound to: 4'b0110 
	Parameter NOR bound to: 4'b0111 
	Parameter LUI1 bound to: 4'b1000 
	Parameter LUI2 bound to: 4'b1001 
	Parameter SLT bound to: 4'b1011 
	Parameter SLTU bound to: 4'b1010 
	Parameter SRA bound to: 4'b1100 
	Parameter SLL bound to: 4'b1110 
	Parameter SLA bound to: 4'b1111 
	Parameter SRL bound to: 4'b1101 
INFO: [Synth 8-256] done synthesizing module 'ALU' (6#1) [D:/CPU54/CPU54.srcs/sources_1/new/ALU.v:23]
INFO: [Synth 8-638] synthesizing module 'regfile' [D:/CPU54/CPU54.srcs/sources_1/new/regfile.v:23]
CRITICAL WARNING: [Synth 8-5413] Mix of synchronous and asynchronous control for register array_reg_reg[31] in module regfile. [D:/CPU54/CPU54.srcs/sources_1/new/regfile.v:39]
CRITICAL WARNING: [Synth 8-5413] Mix of synchronous and asynchronous control for register array_reg_reg[30] in module regfile. [D:/CPU54/CPU54.srcs/sources_1/new/regfile.v:39]
CRITICAL WARNING: [Synth 8-5413] Mix of synchronous and asynchronous control for register array_reg_reg[29] in module regfile. [D:/CPU54/CPU54.srcs/sources_1/new/regfile.v:39]
CRITICAL WARNING: [Synth 8-5413] Mix of synchronous and asynchronous control for register array_reg_reg[28] in module regfile. [D:/CPU54/CPU54.srcs/sources_1/new/regfile.v:39]
CRITICAL WARNING: [Synth 8-5413] Mix of synchronous and asynchronous control for register array_reg_reg[27] in module regfile. [D:/CPU54/CPU54.srcs/sources_1/new/regfile.v:39]
CRITICAL WARNING: [Synth 8-5413] Mix of synchronous and asynchronous control for register array_reg_reg[26] in module regfile. [D:/CPU54/CPU54.srcs/sources_1/new/regfile.v:39]
CRITICAL WARNING: [Synth 8-5413] Mix of synchronous and asynchronous control for register array_reg_reg[25] in module regfile. [D:/CPU54/CPU54.srcs/sources_1/new/regfile.v:39]
CRITICAL WARNING: [Synth 8-5413] Mix of synchronous and asynchronous control for register array_reg_reg[24] in module regfile. [D:/CPU54/CPU54.srcs/sources_1/new/regfile.v:39]
CRITICAL WARNING: [Synth 8-5413] Mix of synchronous and asynchronous control for register array_reg_reg[23] in module regfile. [D:/CPU54/CPU54.srcs/sources_1/new/regfile.v:39]
CRITICAL WARNING: [Synth 8-5413] Mix of synchronous and asynchronous control for register array_reg_reg[22] in module regfile. [D:/CPU54/CPU54.srcs/sources_1/new/regfile.v:39]
CRITICAL WARNING: [Synth 8-5413] Mix of synchronous and asynchronous control for register array_reg_reg[21] in module regfile. [D:/CPU54/CPU54.srcs/sources_1/new/regfile.v:39]
CRITICAL WARNING: [Synth 8-5413] Mix of synchronous and asynchronous control for register array_reg_reg[20] in module regfile. [D:/CPU54/CPU54.srcs/sources_1/new/regfile.v:39]
CRITICAL WARNING: [Synth 8-5413] Mix of synchronous and asynchronous control for register array_reg_reg[19] in module regfile. [D:/CPU54/CPU54.srcs/sources_1/new/regfile.v:39]
CRITICAL WARNING: [Synth 8-5413] Mix of synchronous and asynchronous control for register array_reg_reg[18] in module regfile. [D:/CPU54/CPU54.srcs/sources_1/new/regfile.v:39]
CRITICAL WARNING: [Synth 8-5413] Mix of synchronous and asynchronous control for register array_reg_reg[17] in module regfile. [D:/CPU54/CPU54.srcs/sources_1/new/regfile.v:39]
CRITICAL WARNING: [Synth 8-5413] Mix of synchronous and asynchronous control for register array_reg_reg[16] in module regfile. [D:/CPU54/CPU54.srcs/sources_1/new/regfile.v:39]
CRITICAL WARNING: [Synth 8-5413] Mix of synchronous and asynchronous control for register array_reg_reg[15] in module regfile. [D:/CPU54/CPU54.srcs/sources_1/new/regfile.v:39]
CRITICAL WARNING: [Synth 8-5413] Mix of synchronous and asynchronous control for register array_reg_reg[14] in module regfile. [D:/CPU54/CPU54.srcs/sources_1/new/regfile.v:39]
CRITICAL WARNING: [Synth 8-5413] Mix of synchronous and asynchronous control for register array_reg_reg[13] in module regfile. [D:/CPU54/CPU54.srcs/sources_1/new/regfile.v:39]
CRITICAL WARNING: [Synth 8-5413] Mix of synchronous and asynchronous control for register array_reg_reg[12] in module regfile. [D:/CPU54/CPU54.srcs/sources_1/new/regfile.v:39]
CRITICAL WARNING: [Synth 8-5413] Mix of synchronous and asynchronous control for register array_reg_reg[11] in module regfile. [D:/CPU54/CPU54.srcs/sources_1/new/regfile.v:39]
CRITICAL WARNING: [Synth 8-5413] Mix of synchronous and asynchronous control for register array_reg_reg[10] in module regfile. [D:/CPU54/CPU54.srcs/sources_1/new/regfile.v:39]
CRITICAL WARNING: [Synth 8-5413] Mix of synchronous and asynchronous control for register array_reg_reg[9] in module regfile. [D:/CPU54/CPU54.srcs/sources_1/new/regfile.v:39]
CRITICAL WARNING: [Synth 8-5413] Mix of synchronous and asynchronous control for register array_reg_reg[8] in module regfile. [D:/CPU54/CPU54.srcs/sources_1/new/regfile.v:39]
CRITICAL WARNING: [Synth 8-5413] Mix of synchronous and asynchronous control for register array_reg_reg[7] in module regfile. [D:/CPU54/CPU54.srcs/sources_1/new/regfile.v:39]
CRITICAL WARNING: [Synth 8-5413] Mix of synchronous and asynchronous control for register array_reg_reg[6] in module regfile. [D:/CPU54/CPU54.srcs/sources_1/new/regfile.v:39]
CRITICAL WARNING: [Synth 8-5413] Mix of synchronous and asynchronous control for register array_reg_reg[5] in module regfile. [D:/CPU54/CPU54.srcs/sources_1/new/regfile.v:39]
CRITICAL WARNING: [Synth 8-5413] Mix of synchronous and asynchronous control for register array_reg_reg[4] in module regfile. [D:/CPU54/CPU54.srcs/sources_1/new/regfile.v:39]
CRITICAL WARNING: [Synth 8-5413] Mix of synchronous and asynchronous control for register array_reg_reg[3] in module regfile. [D:/CPU54/CPU54.srcs/sources_1/new/regfile.v:39]
CRITICAL WARNING: [Synth 8-5413] Mix of synchronous and asynchronous control for register array_reg_reg[2] in module regfile. [D:/CPU54/CPU54.srcs/sources_1/new/regfile.v:39]
CRITICAL WARNING: [Synth 8-5413] Mix of synchronous and asynchronous control for register array_reg_reg[1] in module regfile. [D:/CPU54/CPU54.srcs/sources_1/new/regfile.v:39]
CRITICAL WARNING: [Synth 8-5413] Mix of synchronous and asynchronous control for register array_reg_reg[0] in module regfile. [D:/CPU54/CPU54.srcs/sources_1/new/regfile.v:39]
INFO: [Synth 8-256] done synthesizing module 'regfile' (7#1) [D:/CPU54/CPU54.srcs/sources_1/new/regfile.v:23]
INFO: [Synth 8-638] synthesizing module 'PC' [D:/CPU54/CPU54.srcs/sources_1/new/PC.v:23]
CRITICAL WARNING: [Synth 8-5413] Mix of synchronous and asynchronous control for register pc_reg_reg in module PC. [D:/CPU54/CPU54.srcs/sources_1/new/PC.v:34]
INFO: [Synth 8-256] done synthesizing module 'PC' (8#1) [D:/CPU54/CPU54.srcs/sources_1/new/PC.v:23]
INFO: [Synth 8-638] synthesizing module 'HI_LO' [D:/CPU54/CPU54.srcs/sources_1/new/HI_LO.v:23]
CRITICAL WARNING: [Synth 8-5413] Mix of synchronous and asynchronous control for register HI_reg in module HI_LO. [D:/CPU54/CPU54.srcs/sources_1/new/HI_LO.v:38]
INFO: [Synth 8-256] done synthesizing module 'HI_LO' (9#1) [D:/CPU54/CPU54.srcs/sources_1/new/HI_LO.v:23]
INFO: [Synth 8-638] synthesizing module 'MUX' [D:/CPU54/CPU54.srcs/sources_1/new/MUX.v:25]
INFO: [Synth 8-256] done synthesizing module 'MUX' (10#1) [D:/CPU54/CPU54.srcs/sources_1/new/MUX.v:25]
INFO: [Synth 8-638] synthesizing module 'DIV' [D:/CPU54/CPU54.srcs/sources_1/new/DIV.v:24]
INFO: [Synth 8-256] done synthesizing module 'DIV' (11#1) [D:/CPU54/CPU54.srcs/sources_1/new/DIV.v:24]
INFO: [Synth 8-638] synthesizing module 'MUL' [D:/CPU54/CPU54.srcs/sources_1/new/MUL.v:55]
INFO: [Synth 8-256] done synthesizing module 'MUL' (12#1) [D:/CPU54/CPU54.srcs/sources_1/new/MUL.v:55]
INFO: [Synth 8-638] synthesizing module 'CP0' [D:/CPU54/CPU54.srcs/sources_1/new/CP0.v:107]
	Parameter SYSCALL bound to: 5'b01000 
	Parameter BREAK bound to: 5'b01001 
	Parameter TEQ bound to: 5'b01101 
	Parameter STATUS bound to: 4'b1100 
	Parameter CAUSE bound to: 4'b1101 
	Parameter EPC bound to: 4'b1110 
INFO: [Synth 8-256] done synthesizing module 'CP0' (13#1) [D:/CPU54/CPU54.srcs/sources_1/new/CP0.v:107]
INFO: [Synth 8-638] synthesizing module 'CLZ' [D:/CPU54/CPU54.srcs/sources_1/new/CLZ.v:23]
INFO: [Synth 8-256] done synthesizing module 'CLZ' (14#1) [D:/CPU54/CPU54.srcs/sources_1/new/CLZ.v:23]
INFO: [Synth 8-256] done synthesizing module 'cpu' (15#1) [D:/CPU54/CPU54.srcs/sources_1/new/cpu.v:23]
INFO: [Synth 8-638] synthesizing module 'seg7x16' [D:/CPU54/CPU54.srcs/sources_1/new/seg7x16.v:111]
INFO: [Synth 8-155] case statement is not full and has no default [D:/CPU54/CPU54.srcs/sources_1/new/seg7x16.v:175]
INFO: [Synth 8-256] done synthesizing module 'seg7x16' (16#1) [D:/CPU54/CPU54.srcs/sources_1/new/seg7x16.v:111]
INFO: [Synth 8-638] synthesizing module 'Divider' [D:/CPU54/CPU54.srcs/sources_1/new/Divider.v:23]
	Parameter DIVISOR bound to: 50000000 - type: integer 
INFO: [Synth 8-256] done synthesizing module 'Divider' (17#1) [D:/CPU54/CPU54.srcs/sources_1/new/Divider.v:23]
INFO: [Synth 8-256] done synthesizing module 'sccomp_dataflow' (18#1) [D:/CPU54/CPU54.srcs/sources_1/new/sccomp_dataflow.v:22]
WARNING: [Synth 8-3331] design seg7x16 has unconnected port i_data[31]
WARNING: [Synth 8-3331] design seg7x16 has unconnected port i_data[30]
WARNING: [Synth 8-3331] design seg7x16 has unconnected port i_data[29]
WARNING: [Synth 8-3331] design seg7x16 has unconnected port i_data[28]
WARNING: [Synth 8-3331] design seg7x16 has unconnected port i_data[27]
WARNING: [Synth 8-3331] design seg7x16 has unconnected port i_data[26]
WARNING: [Synth 8-3331] design seg7x16 has unconnected port i_data[25]
WARNING: [Synth 8-3331] design seg7x16 has unconnected port i_data[24]
WARNING: [Synth 8-3331] design seg7x16 has unconnected port i_data[23]
WARNING: [Synth 8-3331] design seg7x16 has unconnected port i_data[22]
WARNING: [Synth 8-3331] design seg7x16 has unconnected port i_data[21]
WARNING: [Synth 8-3331] design seg7x16 has unconnected port i_data[20]
WARNING: [Synth 8-3331] design seg7x16 has unconnected port i_data[19]
WARNING: [Synth 8-3331] design seg7x16 has unconnected port i_data[18]
WARNING: [Synth 8-3331] design seg7x16 has unconnected port i_data[17]
WARNING: [Synth 8-3331] design seg7x16 has unconnected port i_data[16]
WARNING: [Synth 8-3331] design seg7x16 has unconnected port i_data[15]
WARNING: [Synth 8-3331] design seg7x16 has unconnected port i_data[14]
WARNING: [Synth 8-3331] design seg7x16 has unconnected port i_data[13]
WARNING: [Synth 8-3331] design seg7x16 has unconnected port i_data[12]
WARNING: [Synth 8-3331] design seg7x16 has unconnected port i_data[11]
WARNING: [Synth 8-3331] design seg7x16 has unconnected port i_data[10]
WARNING: [Synth 8-3331] design seg7x16 has unconnected port i_data[9]
WARNING: [Synth 8-3331] design seg7x16 has unconnected port i_data[8]
WARNING: [Synth 8-3331] design seg7x16 has unconnected port i_data[7]
WARNING: [Synth 8-3331] design seg7x16 has unconnected port i_data[6]
WARNING: [Synth 8-3331] design seg7x16 has unconnected port i_data[5]
WARNING: [Synth 8-3331] design seg7x16 has unconnected port i_data[4]
WARNING: [Synth 8-3331] design seg7x16 has unconnected port i_data[3]
WARNING: [Synth 8-3331] design seg7x16 has unconnected port i_data[2]
WARNING: [Synth 8-3331] design seg7x16 has unconnected port i_data[1]
WARNING: [Synth 8-3331] design seg7x16 has unconnected port i_data[0]
WARNING: [Synth 8-3331] design CP0 has unconnected port addr[31]
WARNING: [Synth 8-3331] design CP0 has unconnected port addr[30]
WARNING: [Synth 8-3331] design CP0 has unconnected port addr[29]
WARNING: [Synth 8-3331] design CP0 has unconnected port addr[28]
WARNING: [Synth 8-3331] design CP0 has unconnected port addr[27]
WARNING: [Synth 8-3331] design CP0 has unconnected port addr[26]
WARNING: [Synth 8-3331] design CP0 has unconnected port addr[25]
WARNING: [Synth 8-3331] design CP0 has unconnected port addr[24]
WARNING: [Synth 8-3331] design CP0 has unconnected port addr[23]
WARNING: [Synth 8-3331] design CP0 has unconnected port addr[22]
WARNING: [Synth 8-3331] design CP0 has unconnected port addr[21]
WARNING: [Synth 8-3331] design CP0 has unconnected port addr[20]
WARNING: [Synth 8-3331] design CP0 has unconnected port addr[19]
WARNING: [Synth 8-3331] design CP0 has unconnected port addr[18]
WARNING: [Synth 8-3331] design CP0 has unconnected port addr[17]
WARNING: [Synth 8-3331] design CP0 has unconnected port addr[16]
WARNING: [Synth 8-3331] design CP0 has unconnected port addr[15]
WARNING: [Synth 8-3331] design CP0 has unconnected port addr[14]
WARNING: [Synth 8-3331] design CP0 has unconnected port addr[13]
WARNING: [Synth 8-3331] design CP0 has unconnected port addr[12]
WARNING: [Synth 8-3331] design CP0 has unconnected port addr[11]
WARNING: [Synth 8-3331] design CP0 has unconnected port addr[10]
WARNING: [Synth 8-3331] design CP0 has unconnected port addr[9]
WARNING: [Synth 8-3331] design CP0 has unconnected port addr[8]
WARNING: [Synth 8-3331] design CP0 has unconnected port addr[7]
WARNING: [Synth 8-3331] design CP0 has unconnected port addr[6]
WARNING: [Synth 8-3331] design CP0 has unconnected port addr[5]
WARNING: [Synth 8-3331] design Controler has unconnected port mux[0]
WARNING: [Synth 8-3331] design Controler has unconnected port op_flags[1]
---------------------------------------------------------------------------------
Finished RTL Elaboration : Time (s): cpu = 00:00:02 ; elapsed = 00:00:05 . Memory (MB): peak = 348.359 ; gain = 141.008
---------------------------------------------------------------------------------

Report Check Netlist: 
+------+------------------+-------+---------+-------+------------------+
|      |Item              |Errors |Warnings |Status |Description       |
+------+------------------+-------+---------+-------+------------------+
|1     |multi_driven_nets |      0|        0|Passed |Multi driven nets |
+------+------------------+-------+---------+-------+------------------+
WARNING: [Synth 8-3295] tying undriven pin MUX6_1:line6[31] to constant 0 [D:/CPU54/CPU54.srcs/sources_1/new/cpu.v:330]
WARNING: [Synth 8-3295] tying undriven pin MUX6_1:line6[30] to constant 0 [D:/CPU54/CPU54.srcs/sources_1/new/cpu.v:330]
WARNING: [Synth 8-3295] tying undriven pin MUX6_1:line6[29] to constant 0 [D:/CPU54/CPU54.srcs/sources_1/new/cpu.v:330]
WARNING: [Synth 8-3295] tying undriven pin MUX6_1:line6[28] to constant 0 [D:/CPU54/CPU54.srcs/sources_1/new/cpu.v:330]
WARNING: [Synth 8-3295] tying undriven pin MUX6_1:line6[27] to constant 0 [D:/CPU54/CPU54.srcs/sources_1/new/cpu.v:330]
WARNING: [Synth 8-3295] tying undriven pin MUX6_1:line6[26] to constant 0 [D:/CPU54/CPU54.srcs/sources_1/new/cpu.v:330]
WARNING: [Synth 8-3295] tying undriven pin MUX6_1:line6[25] to constant 0 [D:/CPU54/CPU54.srcs/sources_1/new/cpu.v:330]
WARNING: [Synth 8-3295] tying undriven pin MUX6_1:line6[24] to constant 0 [D:/CPU54/CPU54.srcs/sources_1/new/cpu.v:330]
WARNING: [Synth 8-3295] tying undriven pin MUX6_1:line6[23] to constant 0 [D:/CPU54/CPU54.srcs/sources_1/new/cpu.v:330]
WARNING: [Synth 8-3295] tying undriven pin MUX6_1:line6[22] to constant 0 [D:/CPU54/CPU54.srcs/sources_1/new/cpu.v:330]
WARNING: [Synth 8-3295] tying undriven pin MUX6_1:line6[21] to constant 0 [D:/CPU54/CPU54.srcs/sources_1/new/cpu.v:330]
WARNING: [Synth 8-3295] tying undriven pin MUX6_1:line6[20] to constant 0 [D:/CPU54/CPU54.srcs/sources_1/new/cpu.v:330]
WARNING: [Synth 8-3295] tying undriven pin MUX6_1:line6[19] to constant 0 [D:/CPU54/CPU54.srcs/sources_1/new/cpu.v:330]
WARNING: [Synth 8-3295] tying undriven pin MUX6_1:line6[18] to constant 0 [D:/CPU54/CPU54.srcs/sources_1/new/cpu.v:330]
WARNING: [Synth 8-3295] tying undriven pin MUX6_1:line6[17] to constant 0 [D:/CPU54/CPU54.srcs/sources_1/new/cpu.v:330]
WARNING: [Synth 8-3295] tying undriven pin MUX6_1:line6[16] to constant 0 [D:/CPU54/CPU54.srcs/sources_1/new/cpu.v:330]
WARNING: [Synth 8-3295] tying undriven pin MUX6_1:line6[15] to constant 0 [D:/CPU54/CPU54.srcs/sources_1/new/cpu.v:330]
WARNING: [Synth 8-3295] tying undriven pin MUX6_1:line6[14] to constant 0 [D:/CPU54/CPU54.srcs/sources_1/new/cpu.v:330]
WARNING: [Synth 8-3295] tying undriven pin MUX6_1:line6[13] to constant 0 [D:/CPU54/CPU54.srcs/sources_1/new/cpu.v:330]
WARNING: [Synth 8-3295] tying undriven pin MUX6_1:line6[12] to constant 0 [D:/CPU54/CPU54.srcs/sources_1/new/cpu.v:330]
WARNING: [Synth 8-3295] tying undriven pin MUX6_1:line6[11] to constant 0 [D:/CPU54/CPU54.srcs/sources_1/new/cpu.v:330]
WARNING: [Synth 8-3295] tying undriven pin MUX6_1:line6[10] to constant 0 [D:/CPU54/CPU54.srcs/sources_1/new/cpu.v:330]
WARNING: [Synth 8-3295] tying undriven pin MUX6_1:line6[9] to constant 0 [D:/CPU54/CPU54.srcs/sources_1/new/cpu.v:330]
WARNING: [Synth 8-3295] tying undriven pin MUX6_1:line6[8] to constant 0 [D:/CPU54/CPU54.srcs/sources_1/new/cpu.v:330]
WARNING: [Synth 8-3295] tying undriven pin MUX6_1:line6[7] to constant 0 [D:/CPU54/CPU54.srcs/sources_1/new/cpu.v:330]
WARNING: [Synth 8-3295] tying undriven pin MUX6_1:line6[6] to constant 0 [D:/CPU54/CPU54.srcs/sources_1/new/cpu.v:330]
WARNING: [Synth 8-3295] tying undriven pin MUX6_1:line6[5] to constant 0 [D:/CPU54/CPU54.srcs/sources_1/new/cpu.v:330]
WARNING: [Synth 8-3295] tying undriven pin MUX6_1:line6[4] to constant 0 [D:/CPU54/CPU54.srcs/sources_1/new/cpu.v:330]
WARNING: [Synth 8-3295] tying undriven pin MUX6_1:line6[3] to constant 0 [D:/CPU54/CPU54.srcs/sources_1/new/cpu.v:330]
WARNING: [Synth 8-3295] tying undriven pin MUX6_1:line6[2] to constant 0 [D:/CPU54/CPU54.srcs/sources_1/new/cpu.v:330]
WARNING: [Synth 8-3295] tying undriven pin MUX6_1:line6[1] to constant 0 [D:/CPU54/CPU54.srcs/sources_1/new/cpu.v:330]
WARNING: [Synth 8-3295] tying undriven pin MUX6_1:line6[0] to constant 0 [D:/CPU54/CPU54.srcs/sources_1/new/cpu.v:330]
WARNING: [Synth 8-3295] tying undriven pin MUX6_1:line7[31] to constant 0 [D:/CPU54/CPU54.srcs/sources_1/new/cpu.v:330]
WARNING: [Synth 8-3295] tying undriven pin MUX6_1:line7[30] to constant 0 [D:/CPU54/CPU54.srcs/sources_1/new/cpu.v:330]
WARNING: [Synth 8-3295] tying undriven pin MUX6_1:line7[29] to constant 0 [D:/CPU54/CPU54.srcs/sources_1/new/cpu.v:330]
WARNING: [Synth 8-3295] tying undriven pin MUX6_1:line7[28] to constant 0 [D:/CPU54/CPU54.srcs/sources_1/new/cpu.v:330]
WARNING: [Synth 8-3295] tying undriven pin MUX6_1:line7[27] to constant 0 [D:/CPU54/CPU54.srcs/sources_1/new/cpu.v:330]
WARNING: [Synth 8-3295] tying undriven pin MUX6_1:line7[26] to constant 0 [D:/CPU54/CPU54.srcs/sources_1/new/cpu.v:330]
WARNING: [Synth 8-3295] tying undriven pin MUX6_1:line7[25] to constant 0 [D:/CPU54/CPU54.srcs/sources_1/new/cpu.v:330]
WARNING: [Synth 8-3295] tying undriven pin MUX6_1:line7[24] to constant 0 [D:/CPU54/CPU54.srcs/sources_1/new/cpu.v:330]
WARNING: [Synth 8-3295] tying undriven pin MUX6_1:line7[23] to constant 0 [D:/CPU54/CPU54.srcs/sources_1/new/cpu.v:330]
WARNING: [Synth 8-3295] tying undriven pin MUX6_1:line7[22] to constant 0 [D:/CPU54/CPU54.srcs/sources_1/new/cpu.v:330]
WARNING: [Synth 8-3295] tying undriven pin MUX6_1:line7[21] to constant 0 [D:/CPU54/CPU54.srcs/sources_1/new/cpu.v:330]
WARNING: [Synth 8-3295] tying undriven pin MUX6_1:line7[20] to constant 0 [D:/CPU54/CPU54.srcs/sources_1/new/cpu.v:330]
WARNING: [Synth 8-3295] tying undriven pin MUX6_1:line7[19] to constant 0 [D:/CPU54/CPU54.srcs/sources_1/new/cpu.v:330]
WARNING: [Synth 8-3295] tying undriven pin MUX6_1:line7[18] to constant 0 [D:/CPU54/CPU54.srcs/sources_1/new/cpu.v:330]
WARNING: [Synth 8-3295] tying undriven pin MUX6_1:line7[17] to constant 0 [D:/CPU54/CPU54.srcs/sources_1/new/cpu.v:330]
WARNING: [Synth 8-3295] tying undriven pin MUX6_1:line7[16] to constant 0 [D:/CPU54/CPU54.srcs/sources_1/new/cpu.v:330]
WARNING: [Synth 8-3295] tying undriven pin MUX6_1:line7[15] to constant 0 [D:/CPU54/CPU54.srcs/sources_1/new/cpu.v:330]
WARNING: [Synth 8-3295] tying undriven pin MUX6_1:line7[14] to constant 0 [D:/CPU54/CPU54.srcs/sources_1/new/cpu.v:330]
WARNING: [Synth 8-3295] tying undriven pin MUX6_1:line7[13] to constant 0 [D:/CPU54/CPU54.srcs/sources_1/new/cpu.v:330]
WARNING: [Synth 8-3295] tying undriven pin MUX6_1:line7[12] to constant 0 [D:/CPU54/CPU54.srcs/sources_1/new/cpu.v:330]
WARNING: [Synth 8-3295] tying undriven pin MUX6_1:line7[11] to constant 0 [D:/CPU54/CPU54.srcs/sources_1/new/cpu.v:330]
WARNING: [Synth 8-3295] tying undriven pin MUX6_1:line7[10] to constant 0 [D:/CPU54/CPU54.srcs/sources_1/new/cpu.v:330]
WARNING: [Synth 8-3295] tying undriven pin MUX6_1:line7[9] to constant 0 [D:/CPU54/CPU54.srcs/sources_1/new/cpu.v:330]
WARNING: [Synth 8-3295] tying undriven pin MUX6_1:line7[8] to constant 0 [D:/CPU54/CPU54.srcs/sources_1/new/cpu.v:330]
WARNING: [Synth 8-3295] tying undriven pin MUX6_1:line7[7] to constant 0 [D:/CPU54/CPU54.srcs/sources_1/new/cpu.v:330]
WARNING: [Synth 8-3295] tying undriven pin MUX6_1:line7[6] to constant 0 [D:/CPU54/CPU54.srcs/sources_1/new/cpu.v:330]
WARNING: [Synth 8-3295] tying undriven pin MUX6_1:line7[5] to constant 0 [D:/CPU54/CPU54.srcs/sources_1/new/cpu.v:330]
WARNING: [Synth 8-3295] tying undriven pin MUX6_1:line7[4] to constant 0 [D:/CPU54/CPU54.srcs/sources_1/new/cpu.v:330]
WARNING: [Synth 8-3295] tying undriven pin MUX6_1:line7[3] to constant 0 [D:/CPU54/CPU54.srcs/sources_1/new/cpu.v:330]
WARNING: [Synth 8-3295] tying undriven pin MUX6_1:line7[2] to constant 0 [D:/CPU54/CPU54.srcs/sources_1/new/cpu.v:330]
WARNING: [Synth 8-3295] tying undriven pin MUX6_1:line7[1] to constant 0 [D:/CPU54/CPU54.srcs/sources_1/new/cpu.v:330]
WARNING: [Synth 8-3295] tying undriven pin MUX6_1:line7[0] to constant 0 [D:/CPU54/CPU54.srcs/sources_1/new/cpu.v:330]
WARNING: [Synth 8-3295] tying undriven pin MUX7_1:line7[31] to constant 0 [D:/CPU54/CPU54.srcs/sources_1/new/cpu.v:343]
WARNING: [Synth 8-3295] tying undriven pin MUX7_1:line7[30] to constant 0 [D:/CPU54/CPU54.srcs/sources_1/new/cpu.v:343]
WARNING: [Synth 8-3295] tying undriven pin MUX7_1:line7[29] to constant 0 [D:/CPU54/CPU54.srcs/sources_1/new/cpu.v:343]
WARNING: [Synth 8-3295] tying undriven pin MUX7_1:line7[28] to constant 0 [D:/CPU54/CPU54.srcs/sources_1/new/cpu.v:343]
WARNING: [Synth 8-3295] tying undriven pin MUX7_1:line7[27] to constant 0 [D:/CPU54/CPU54.srcs/sources_1/new/cpu.v:343]
WARNING: [Synth 8-3295] tying undriven pin MUX7_1:line7[26] to constant 0 [D:/CPU54/CPU54.srcs/sources_1/new/cpu.v:343]
WARNING: [Synth 8-3295] tying undriven pin MUX7_1:line7[25] to constant 0 [D:/CPU54/CPU54.srcs/sources_1/new/cpu.v:343]
WARNING: [Synth 8-3295] tying undriven pin MUX7_1:line7[24] to constant 0 [D:/CPU54/CPU54.srcs/sources_1/new/cpu.v:343]
WARNING: [Synth 8-3295] tying undriven pin MUX7_1:line7[23] to constant 0 [D:/CPU54/CPU54.srcs/sources_1/new/cpu.v:343]
WARNING: [Synth 8-3295] tying undriven pin MUX7_1:line7[22] to constant 0 [D:/CPU54/CPU54.srcs/sources_1/new/cpu.v:343]
WARNING: [Synth 8-3295] tying undriven pin MUX7_1:line7[21] to constant 0 [D:/CPU54/CPU54.srcs/sources_1/new/cpu.v:343]
WARNING: [Synth 8-3295] tying undriven pin MUX7_1:line7[20] to constant 0 [D:/CPU54/CPU54.srcs/sources_1/new/cpu.v:343]
WARNING: [Synth 8-3295] tying undriven pin MUX7_1:line7[19] to constant 0 [D:/CPU54/CPU54.srcs/sources_1/new/cpu.v:343]
WARNING: [Synth 8-3295] tying undriven pin MUX7_1:line7[18] to constant 0 [D:/CPU54/CPU54.srcs/sources_1/new/cpu.v:343]
WARNING: [Synth 8-3295] tying undriven pin MUX7_1:line7[17] to constant 0 [D:/CPU54/CPU54.srcs/sources_1/new/cpu.v:343]
WARNING: [Synth 8-3295] tying undriven pin MUX7_1:line7[16] to constant 0 [D:/CPU54/CPU54.srcs/sources_1/new/cpu.v:343]
WARNING: [Synth 8-3295] tying undriven pin MUX7_1:line7[15] to constant 0 [D:/CPU54/CPU54.srcs/sources_1/new/cpu.v:343]
WARNING: [Synth 8-3295] tying undriven pin MUX7_1:line7[14] to constant 0 [D:/CPU54/CPU54.srcs/sources_1/new/cpu.v:343]
WARNING: [Synth 8-3295] tying undriven pin MUX7_1:line7[13] to constant 0 [D:/CPU54/CPU54.srcs/sources_1/new/cpu.v:343]
WARNING: [Synth 8-3295] tying undriven pin MUX7_1:line7[12] to constant 0 [D:/CPU54/CPU54.srcs/sources_1/new/cpu.v:343]
WARNING: [Synth 8-3295] tying undriven pin MUX7_1:line7[11] to constant 0 [D:/CPU54/CPU54.srcs/sources_1/new/cpu.v:343]
WARNING: [Synth 8-3295] tying undriven pin MUX7_1:line7[10] to constant 0 [D:/CPU54/CPU54.srcs/sources_1/new/cpu.v:343]
WARNING: [Synth 8-3295] tying undriven pin MUX7_1:line7[9] to constant 0 [D:/CPU54/CPU54.srcs/sources_1/new/cpu.v:343]
WARNING: [Synth 8-3295] tying undriven pin MUX7_1:line7[8] to constant 0 [D:/CPU54/CPU54.srcs/sources_1/new/cpu.v:343]
WARNING: [Synth 8-3295] tying undriven pin MUX7_1:line7[7] to constant 0 [D:/CPU54/CPU54.srcs/sources_1/new/cpu.v:343]
WARNING: [Synth 8-3295] tying undriven pin MUX7_1:line7[6] to constant 0 [D:/CPU54/CPU54.srcs/sources_1/new/cpu.v:343]
WARNING: [Synth 8-3295] tying undriven pin MUX7_1:line7[5] to constant 0 [D:/CPU54/CPU54.srcs/sources_1/new/cpu.v:343]
WARNING: [Synth 8-3295] tying undriven pin MUX7_1:line7[4] to constant 0 [D:/CPU54/CPU54.srcs/sources_1/new/cpu.v:343]
WARNING: [Synth 8-3295] tying undriven pin MUX7_1:line7[3] to constant 0 [D:/CPU54/CPU54.srcs/sources_1/new/cpu.v:343]
WARNING: [Synth 8-3295] tying undriven pin MUX7_1:line7[2] to constant 0 [D:/CPU54/CPU54.srcs/sources_1/new/cpu.v:343]
WARNING: [Synth 8-3295] tying undriven pin MUX7_1:line7[1] to constant 0 [D:/CPU54/CPU54.srcs/sources_1/new/cpu.v:343]
WARNING: [Synth 8-3295] tying undriven pin MUX7_1:line7[0] to constant 0 [D:/CPU54/CPU54.srcs/sources_1/new/cpu.v:343]
---------------------------------------------------------------------------------
Finished RTL Optimization Phase 1 : Time (s): cpu = 00:00:02 ; elapsed = 00:00:05 . Memory (MB): peak = 348.359 ; gain = 141.008
---------------------------------------------------------------------------------
WARNING: [Project 1-486] Could not resolve non-primitive black box cell 'dist_mem_gen_0' instantiated as 'imem/imem' [D:/CPU54/CPU54.srcs/sources_1/new/IMEM.v:31]
INFO: [Device 21-403] Loading part xc7a100tcsg324-1
INFO: [Project 1-570] Preparing netlist for logic optimization

Processing XDC Constraints
Initializing timing engine
Parsing XDC File [D:/CPU54/CPU54.runs/synth_1/.Xil/Vivado-7504-DESKTOP-D2C712Q/dcp/dist_mem_gen_0_in_context.xdc] for cell 'imem/imem'
Finished Parsing XDC File [D:/CPU54/CPU54.runs/synth_1/.Xil/Vivado-7504-DESKTOP-D2C712Q/dcp/dist_mem_gen_0_in_context.xdc] for cell 'imem/imem'
Parsing XDC File [D:/CPU54/CPU54.srcs/constrs_1/new/CPU.xdc]
Finished Parsing XDC File [D:/CPU54/CPU54.srcs/constrs_1/new/CPU.xdc]
INFO: [Project 1-236] Implementation specific constraints were found while reading constraint file [D:/CPU54/CPU54.srcs/constrs_1/new/CPU.xdc]. These constraints will be ignored for synthesis but will be used in implementation. Impacted constraints are listed in the file [.Xil/sccomp_dataflow_propImpl.xdc].
Resolution: To avoid this warning, move constraints listed in [.Xil/sccomp_dataflow_propImpl.xdc] to another XDC file and exclude this new file from synthesis with the used_in_synthesis property (File Properties dialog in GUI) and re-run elaboration/synthesis.
Completed Processing XDC Constraints

INFO: [Project 1-111] Unisim Transformation Summary:
No Unisim elements were transformed.

Constraint Validation Runtime : Time (s): cpu = 00:00:00 ; elapsed = 00:00:00 . Memory (MB): peak = 662.441 ; gain = 0.000
---------------------------------------------------------------------------------
Finished Constraint Validation : Time (s): cpu = 00:00:03 ; elapsed = 00:00:13 . Memory (MB): peak = 662.441 ; gain = 455.090
---------------------------------------------------------------------------------
---------------------------------------------------------------------------------
Start Loading Part and Timing Information
---------------------------------------------------------------------------------
Loading part: xc7a100tcsg324-1
---------------------------------------------------------------------------------
Finished Loading Part and Timing Information : Time (s): cpu = 00:00:03 ; elapsed = 00:00:13 . Memory (MB): peak = 662.441 ; gain = 455.090
---------------------------------------------------------------------------------
---------------------------------------------------------------------------------
Start Applying 'set_property' XDC Constraints
---------------------------------------------------------------------------------
---------------------------------------------------------------------------------
Finished applying 'set_property' XDC Constraints : Time (s): cpu = 00:00:03 ; elapsed = 00:00:13 . Memory (MB): peak = 662.441 ; gain = 455.090
---------------------------------------------------------------------------------
INFO: [Synth 8-5546] ROM "op_flags_42" won't be mapped to RAM because it is too sparse
INFO: [Synth 8-5546] ROM "op_flags_41" won't be mapped to RAM because it is too sparse
INFO: [Synth 8-5546] ROM "op_flags_40" won't be mapped to RAM because it is too sparse
INFO: [Synth 8-5546] ROM "op_flags_39" won't be mapped to RAM because it is too sparse
INFO: [Synth 8-5546] ROM "op_flags_38" won't be mapped to RAM because it is too sparse
INFO: [Synth 8-5546] ROM "op_flags_37" won't be mapped to RAM because it is too sparse
INFO: [Synth 8-5546] ROM "op_flags_30" won't be mapped to RAM because it is too sparse
INFO: [Synth 8-5546] ROM "op_flags_29" won't be mapped to RAM because it is too sparse
INFO: [Synth 8-5546] ROM "op_flags_28" won't be mapped to RAM because it is too sparse
INFO: [Synth 8-5546] ROM "op_flags_27" won't be mapped to RAM because it is too sparse
INFO: [Synth 8-5546] ROM "op_flags_26" won't be mapped to RAM because it is too sparse
INFO: [Synth 8-5546] ROM "op_flags_25" won't be mapped to RAM because it is too sparse
INFO: [Synth 8-5546] ROM "op_flags_24" won't be mapped to RAM because it is too sparse
INFO: [Synth 8-5546] ROM "op_flags_23" won't be mapped to RAM because it is too sparse
INFO: [Synth 8-5546] ROM "op_flags_22" won't be mapped to RAM because it is too sparse
INFO: [Synth 8-5546] ROM "op_flags_21" won't be mapped to RAM because it is too sparse
INFO: [Synth 8-5546] ROM "op_flags_20" won't be mapped to RAM because it is too sparse
INFO: [Synth 8-5546] ROM "op_flags_19" won't be mapped to RAM because it is too sparse
INFO: [Synth 8-5546] ROM "op_flags_18" won't be mapped to RAM because it is too sparse
INFO: [Synth 8-5546] ROM "op_flags_17" won't be mapped to RAM because it is too sparse
INFO: [Synth 8-5544] ROM "cause1" won't be mapped to Block RAM because address size (1) smaller than threshold (5)
INFO: [Synth 8-5545] ROM "zero" won't be mapped to RAM because address size (33) is larger than maximum supported(25)
INFO: [Synth 8-5546] ROM "array_reg_reg[31]" won't be mapped to RAM because it is too sparse
INFO: [Synth 8-5546] ROM "array_reg_reg[30]" won't be mapped to RAM because it is too sparse
INFO: [Synth 8-5546] ROM "array_reg_reg[29]" won't be mapped to RAM because it is too sparse
INFO: [Synth 8-5546] ROM "array_reg_reg[28]" won't be mapped to RAM because it is too sparse
INFO: [Synth 8-5546] ROM "array_reg_reg[27]" won't be mapped to RAM because it is too sparse
INFO: [Synth 8-5546] ROM "array_reg_reg[26]" won't be mapped to RAM because it is too sparse
INFO: [Synth 8-5546] ROM "array_reg_reg[25]" won't be mapped to RAM because it is too sparse
INFO: [Synth 8-5546] ROM "array_reg_reg[24]" won't be mapped to RAM because it is too sparse
INFO: [Synth 8-5546] ROM "array_reg_reg[23]" won't be mapped to RAM because it is too sparse
INFO: [Synth 8-5546] ROM "array_reg_reg[22]" won't be mapped to RAM because it is too sparse
INFO: [Synth 8-5546] ROM "array_reg_reg[21]" won't be mapped to RAM because it is too sparse
INFO: [Synth 8-5546] ROM "array_reg_reg[20]" won't be mapped to RAM because it is too sparse
INFO: [Synth 8-5546] ROM "array_reg_reg[19]" won't be mapped to RAM because it is too sparse
INFO: [Synth 8-5546] ROM "array_reg_reg[18]" won't be mapped to RAM because it is too sparse
INFO: [Synth 8-5546] ROM "array_reg_reg[17]" won't be mapped to RAM because it is too sparse
INFO: [Synth 8-5546] ROM "array_reg_reg[16]" won't be mapped to RAM because it is too sparse
INFO: [Synth 8-5546] ROM "array_reg_reg[15]" won't be mapped to RAM because it is too sparse
INFO: [Synth 8-5546] ROM "array_reg_reg[14]" won't be mapped to RAM because it is too sparse
INFO: [Synth 8-5546] ROM "array_reg_reg[13]" won't be mapped to RAM because it is too sparse
INFO: [Synth 8-5546] ROM "array_reg_reg[12]" won't be mapped to RAM because it is too sparse
INFO: [Synth 8-5546] ROM "array_reg_reg[11]" won't be mapped to RAM because it is too sparse
INFO: [Synth 8-5546] ROM "array_reg_reg[10]" won't be mapped to RAM because it is too sparse
INFO: [Synth 8-5546] ROM "array_reg_reg[9]" won't be mapped to RAM because it is too sparse
INFO: [Synth 8-5546] ROM "array_reg_reg[8]" won't be mapped to RAM because it is too sparse
INFO: [Synth 8-5546] ROM "array_reg_reg[7]" won't be mapped to RAM because it is too sparse
INFO: [Synth 8-5546] ROM "array_reg_reg[6]" won't be mapped to RAM because it is too sparse
INFO: [Synth 8-5546] ROM "array_reg_reg[5]" won't be mapped to RAM because it is too sparse
INFO: [Synth 8-5546] ROM "array_reg_reg[4]" won't be mapped to RAM because it is too sparse
INFO: [Synth 8-5546] ROM "array_reg_reg[3]" won't be mapped to RAM because it is too sparse
INFO: [Synth 8-5546] ROM "array_reg_reg[2]" won't be mapped to RAM because it is too sparse
INFO: [Synth 8-5546] ROM "array_reg_reg[1]" won't be mapped to RAM because it is too sparse
INFO: [Synth 8-5546] ROM "array_reg_reg[0]" won't be mapped to RAM because it is too sparse
INFO: [Synth 8-5545] ROM "R" won't be mapped to RAM because address size (32) is larger than maximum supported(25)
INFO: [Synth 8-5545] ROM "Q" won't be mapped to RAM because address size (32) is larger than maximum supported(25)
INFO: [Synth 8-5818] HDL ADVISOR - The operator resource <multiplier> is shared. To prevent sharing consider applying a KEEP on the output of the operator [D:/CPU54/CPU54.srcs/sources_1/new/MUL.v:81]
INFO: [Synth 8-5546] ROM "cp0_reg_reg[0]" won't be mapped to RAM because it is too sparse
INFO: [Synth 8-5546] ROM "cp0_reg_reg[1]" won't be mapped to RAM because it is too sparse
INFO: [Synth 8-5546] ROM "cp0_reg_reg[2]" won't be mapped to RAM because it is too sparse
INFO: [Synth 8-5546] ROM "cp0_reg_reg[3]" won't be mapped to RAM because it is too sparse
INFO: [Synth 8-5546] ROM "cp0_reg_reg[4]" won't be mapped to RAM because it is too sparse
INFO: [Synth 8-5546] ROM "cp0_reg_reg[5]" won't be mapped to RAM because it is too sparse
INFO: [Synth 8-5546] ROM "cp0_reg_reg[6]" won't be mapped to RAM because it is too sparse
INFO: [Synth 8-5546] ROM "cp0_reg_reg[7]" won't be mapped to RAM because it is too sparse
INFO: [Synth 8-5546] ROM "cp0_reg_reg[8]" won't be mapped to RAM because it is too sparse
INFO: [Synth 8-5546] ROM "cp0_reg_reg[9]" won't be mapped to RAM because it is too sparse
INFO: [Synth 8-5546] ROM "cp0_reg_reg[10]" won't be mapped to RAM because it is too sparse
INFO: [Synth 8-5546] ROM "cp0_reg_reg[11]" won't be mapped to RAM because it is too sparse
INFO: [Synth 8-5546] ROM "cp0_reg_reg[12]" won't be mapped to RAM because it is too sparse
INFO: [Synth 8-5546] ROM "cp0_reg_reg[13]" won't be mapped to RAM because it is too sparse
INFO: [Synth 8-5546] ROM "cp0_reg_reg[14]" won't be mapped to RAM because it is too sparse
INFO: [Synth 8-5546] ROM "cp0_reg_reg[15]" won't be mapped to RAM because it is too sparse
INFO: [Synth 8-5546] ROM "cp0_reg_reg[16]" won't be mapped to RAM because it is too sparse
INFO: [Synth 8-5546] ROM "cp0_reg_reg[17]" won't be mapped to RAM because it is too sparse
INFO: [Synth 8-5546] ROM "cp0_reg_reg[18]" won't be mapped to RAM because it is too sparse
INFO: [Synth 8-5546] ROM "cp0_reg_reg[19]" won't be mapped to RAM because it is too sparse
INFO: [Synth 8-5546] ROM "cp0_reg_reg[20]" won't be mapped to RAM because it is too sparse
INFO: [Synth 8-5546] ROM "cp0_reg_reg[21]" won't be mapped to RAM because it is too sparse
INFO: [Synth 8-5546] ROM "cp0_reg_reg[22]" won't be mapped to RAM because it is too sparse
INFO: [Synth 8-5546] ROM "cp0_reg_reg[23]" won't be mapped to RAM because it is too sparse
INFO: [Synth 8-5546] ROM "cp0_reg_reg[24]" won't be mapped to RAM because it is too sparse
INFO: [Synth 8-5546] ROM "cp0_reg_reg[25]" won't be mapped to RAM because it is too sparse
INFO: [Synth 8-5546] ROM "cp0_reg_reg[26]" won't be mapped to RAM because it is too sparse
INFO: [Synth 8-5546] ROM "cp0_reg_reg[27]" won't be mapped to RAM because it is too sparse
INFO: [Synth 8-5546] ROM "cp0_reg_reg[28]" won't be mapped to RAM because it is too sparse
INFO: [Synth 8-5546] ROM "cp0_reg_reg[29]" won't be mapped to RAM because it is too sparse
INFO: [Synth 8-5546] ROM "cp0_reg_reg[30]" won't be mapped to RAM because it is too sparse
INFO: [Synth 8-5546] ROM "cp0_reg_reg[31]" won't be mapped to RAM because it is too sparse
INFO: [Synth 8-5545] ROM "cnt" won't be mapped to RAM because address size (32) is larger than maximum supported(25)
INFO: [Synth 8-5545] ROM "cnt" won't be mapped to RAM because address size (32) is larger than maximum supported(25)
INFO: [Synth 8-5546] ROM "o_seg_r" won't be mapped to RAM because it is too sparse
INFO: [Synth 8-5545] ROM "count" won't be mapped to RAM because address size (32) is larger than maximum supported(25)
INFO: [Synth 8-5545] ROM "clk_out" won't be mapped to RAM because address size (32) is larger than maximum supported(25)
WARNING: [Synth 8-327] inferring latch for variable 'cnt_reg' [D:/CPU54/CPU54.srcs/sources_1/new/CLZ.v:31]
---------------------------------------------------------------------------------
Finished RTL Optimization Phase 2 : Time (s): cpu = 00:00:03 ; elapsed = 00:00:15 . Memory (MB): peak = 662.441 ; gain = 455.090
---------------------------------------------------------------------------------

Report RTL Partitions: 
+-+--------------+------------+----------+
| |RTL Partition |Replication |Instances |
+-+--------------+------------+----------+
+-+--------------+------------+----------+
---------------------------------------------------------------------------------
Start RTL Component Statistics 
---------------------------------------------------------------------------------
Detailed RTL Component Info : 
+---Adders : 
	   2 Input     64 Bit       Adders := 1     
	   2 Input     33 Bit       Adders := 2     
	   3 Input     33 Bit       Adders := 2     
	   2 Input     32 Bit       Adders := 4     
	   2 Input      3 Bit       Adders := 1     
+---XORs : 
	   2 Input     33 Bit         XORs := 1     
+---Registers : 
	               32 Bit    Registers := 34    
	                8 Bit    Registers := 1     
	                3 Bit    Registers := 1     
	                1 Bit    Registers := 1     
+---RAMs : 
	             1024 Bit         RAMs := 1     
+---Muxes : 
	   2 Input     34 Bit        Muxes := 2     
	   2 Input     32 Bit        Muxes := 27    
	   5 Input     32 Bit        Muxes := 1     
	   2 Input      8 Bit        Muxes := 1     
	  16 Input      8 Bit        Muxes := 1     
	   8 Input      8 Bit        Muxes := 1     
	  33 Input      6 Bit        Muxes := 1     
	   2 Input      5 Bit        Muxes := 12    
	   3 Input      4 Bit        Muxes := 1     
	   6 Input      3 Bit        Muxes := 1     
	   7 Input      3 Bit        Muxes := 1     
	   2 Input      2 Bit        Muxes := 1     
	   2 Input      1 Bit        Muxes := 168   
	   3 Input      1 Bit        Muxes := 3     
	   7 Input      1 Bit        Muxes := 1     
---------------------------------------------------------------------------------
Finished RTL Component Statistics 
---------------------------------------------------------------------------------
---------------------------------------------------------------------------------
Start RTL Hierarchical Component Statistics 
---------------------------------------------------------------------------------
Hierarchical RTL Component report 
Module sccomp_dataflow 
Detailed RTL Component Info : 
+---Adders : 
	   2 Input     32 Bit       Adders := 1     
Module DMEM 
Detailed RTL Component Info : 
+---RAMs : 
	             1024 Bit         RAMs := 1     
+---Muxes : 
	   2 Input     32 Bit        Muxes := 4     
	   5 Input     32 Bit        Muxes := 1     
	   2 Input      5 Bit        Muxes := 2     
Module Decoder 
Detailed RTL Component Info : 
+---Muxes : 
	   2 Input      5 Bit        Muxes := 8     
	   2 Input      1 Bit        Muxes := 75    
Module Controler 
Detailed RTL Component Info : 
+---Muxes : 
	   2 Input      5 Bit        Muxes := 2     
	   3 Input      4 Bit        Muxes := 1     
	   6 Input      3 Bit        Muxes := 1     
	   7 Input      3 Bit        Muxes := 1     
Module ALU 
Detailed RTL Component Info : 
+---Adders : 
	   2 Input     33 Bit       Adders := 2     
	   3 Input     33 Bit       Adders := 2     
+---XORs : 
	   2 Input     33 Bit         XORs := 1     
+---Muxes : 
	   2 Input      2 Bit        Muxes := 1     
	   2 Input      1 Bit        Muxes := 2     
Module regfile 
Detailed RTL Component Info : 
+---Muxes : 
	   2 Input      1 Bit        Muxes := 32    
Module DIV 
Detailed RTL Component Info : 
+---Muxes : 
	   2 Input     32 Bit        Muxes := 2     
Module MUL 
Detailed RTL Component Info : 
+---Adders : 
	   2 Input     64 Bit       Adders := 1     
+---Muxes : 
	   2 Input     34 Bit        Muxes := 2     
Module CP0 
Detailed RTL Component Info : 
+---Registers : 
	               32 Bit    Registers := 32    
+---Muxes : 
	   2 Input     32 Bit        Muxes := 4     
	   2 Input      1 Bit        Muxes := 30    
	   3 Input      1 Bit        Muxes := 3     
Module CLZ 
Detailed RTL Component Info : 
+---Muxes : 
	  33 Input      6 Bit        Muxes := 1     
	   7 Input      1 Bit        Muxes := 1     
	   2 Input      1 Bit        Muxes := 27    
Module cpu 
Detailed RTL Component Info : 
+---Adders : 
	   2 Input     32 Bit       Adders := 2     
+---Muxes : 
	   2 Input     32 Bit        Muxes := 16    
	   2 Input      1 Bit        Muxes := 1     
Module seg7x16 
Detailed RTL Component Info : 
+---Adders : 
	   2 Input      3 Bit       Adders := 1     
+---Registers : 
	               32 Bit    Registers := 1     
	                8 Bit    Registers := 1     
	                3 Bit    Registers := 1     
+---Muxes : 
	   2 Input      8 Bit        Muxes := 1     
	  16 Input      8 Bit        Muxes := 1     
	   8 Input      8 Bit        Muxes := 1     
Module Divider 
Detailed RTL Component Info : 
+---Adders : 
	   2 Input     32 Bit       Adders := 1     
+---Registers : 
	               32 Bit    Registers := 1     
	                1 Bit    Registers := 1     
+---Muxes : 
	   2 Input     32 Bit        Muxes := 1     
	   2 Input      1 Bit        Muxes := 1     
---------------------------------------------------------------------------------
Finished RTL Hierarchical Component Statistics
---------------------------------------------------------------------------------
---------------------------------------------------------------------------------
Start Part Resource Summary
---------------------------------------------------------------------------------
Part Resources:
DSPs: 240 (col length:80)
BRAMs: 270 (col length: RAMB18 80 RAMB36 40)
---------------------------------------------------------------------------------
Finished Part Resource Summary
---------------------------------------------------------------------------------
Start Parallel Synthesis Optimization  : Time (s): cpu = 00:00:03 ; elapsed = 00:00:15 . Memory (MB): peak = 662.441 ; gain = 455.090
---------------------------------------------------------------------------------
Start Cross Boundary Optimization
---------------------------------------------------------------------------------
INFO: [Synth 8-5546] ROM "op_flags_30" won't be mapped to RAM because it is too sparse
INFO: [Synth 8-5546] ROM "op_flags_29" won't be mapped to RAM because it is too sparse
INFO: [Synth 8-5545] ROM "zero" won't be mapped to RAM because address size (33) is larger than maximum supported(25)
INFO: [Synth 8-5545] ROM "R" won't be mapped to RAM because address size (32) is larger than maximum supported(25)
INFO: [Synth 8-5545] ROM "Q" won't be mapped to RAM because address size (32) is larger than maximum supported(25)
DSP Report: Generating DSP p_1_out, operation Mode is: A*B.
DSP Report: operator p_1_out is absorbed into DSP p_1_out.
DSP Report: operator p_0_out is absorbed into DSP p_1_out.
DSP Report: Generating DSP p_1_out, operation Mode is: (PCIN>>17)+A*B.
DSP Report: operator p_1_out is absorbed into DSP p_1_out.
DSP Report: operator p_0_out is absorbed into DSP p_1_out.
DSP Report: Generating DSP p_1_out, operation Mode is: A*B.
DSP Report: operator p_1_out is absorbed into DSP p_1_out.
DSP Report: operator p_0_out is absorbed into DSP p_1_out.
DSP Report: Generating DSP p_1_out, operation Mode is: (PCIN>>17)+A*B.
DSP Report: operator p_1_out is absorbed into DSP p_1_out.
DSP Report: operator p_0_out is absorbed into DSP p_1_out.
INFO: [Synth 8-5545] ROM "Divider_inst/count" won't be mapped to RAM because address size (32) is larger than maximum supported(25)
INFO: [Synth 8-5545] ROM "Divider_inst/clk_out" won't be mapped to RAM because address size (32) is larger than maximum supported(25)
WARNING: [Synth 8-3331] design CP0 has unconnected port addr[31]
WARNING: [Synth 8-3331] design CP0 has unconnected port addr[30]
WARNING: [Synth 8-3331] design CP0 has unconnected port addr[29]
WARNING: [Synth 8-3331] design CP0 has unconnected port addr[28]
WARNING: [Synth 8-3331] design CP0 has unconnected port addr[27]
WARNING: [Synth 8-3331] design CP0 has unconnected port addr[26]
WARNING: [Synth 8-3331] design CP0 has unconnected port addr[25]
WARNING: [Synth 8-3331] design CP0 has unconnected port addr[24]
WARNING: [Synth 8-3331] design CP0 has unconnected port addr[23]
WARNING: [Synth 8-3331] design CP0 has unconnected port addr[22]
WARNING: [Synth 8-3331] design CP0 has unconnected port addr[21]
WARNING: [Synth 8-3331] design CP0 has unconnected port addr[20]
WARNING: [Synth 8-3331] design CP0 has unconnected port addr[19]
WARNING: [Synth 8-3331] design CP0 has unconnected port addr[18]
WARNING: [Synth 8-3331] design CP0 has unconnected port addr[17]
WARNING: [Synth 8-3331] design CP0 has unconnected port addr[16]
WARNING: [Synth 8-3331] design CP0 has unconnected port addr[15]
WARNING: [Synth 8-3331] design CP0 has unconnected port addr[14]
WARNING: [Synth 8-3331] design CP0 has unconnected port addr[13]
WARNING: [Synth 8-3331] design CP0 has unconnected port addr[12]
WARNING: [Synth 8-3331] design CP0 has unconnected port addr[11]
WARNING: [Synth 8-3331] design CP0 has unconnected port addr[10]
WARNING: [Synth 8-3331] design CP0 has unconnected port addr[9]
WARNING: [Synth 8-3331] design CP0 has unconnected port addr[8]
WARNING: [Synth 8-3331] design CP0 has unconnected port addr[7]
WARNING: [Synth 8-3331] design CP0 has unconnected port addr[6]
WARNING: [Synth 8-3331] design CP0 has unconnected port addr[5]
WARNING: [Synth 8-3331] design DIV has unconnected port sign_flag
WARNING: [Synth 8-3331] design Controler has unconnected port mux[0]
---------------------------------------------------------------------------------
Finished Cross Boundary Optimization : Time (s): cpu = 00:00:04 ; elapsed = 00:00:16 . Memory (MB): peak = 662.441 ; gain = 455.090
---------------------------------------------------------------------------------
Finished Parallel Reinference  : Time (s): cpu = 00:00:04 ; elapsed = 00:00:16 . Memory (MB): peak = 662.441 ; gain = 455.090

Report RTL Partitions: 
+-+--------------+------------+----------+
| |RTL Partition |Replication |Instances |
+-+--------------+------------+----------+
+-+--------------+------------+----------+
---------------------------------------------------------------------------------
Start ROM, RAM, DSP and Shift Register Reporting
---------------------------------------------------------------------------------

Distributed RAM: Preliminary Mapping  Report (see note below)
+----------------+---------------+-----------+----------------------+---------------+
|Module Name     | RTL Object    | Inference | Size (Depth x Width) | Primitives    | 
+----------------+---------------+-----------+----------------------+---------------+
|sccomp_dataflow | dmem/dmem_reg | Implied   | 32 x 32              | RAM32M x 18   | 
+----------------+---------------+-----------+----------------------+---------------+

Note: The table above is a preliminary report that shows the Distributed RAMs at the current stage of the synthesis flow. Some Distributed RAMs may be reimplemented as non Distributed RAM primitives later in the synthesis flow. Multiple instantiated RAMs are reported only once.

DSP: Preliminary Mapping  Report (see note below)
+------------+----------------+--------+--------+--------+--------+--------+------+------+------+------+-------+------+------+
|Module Name | DSP Mapping    | A Size | B Size | C Size | D Size | P Size | AREG | BREG | CREG | DREG | ADREG | MREG | PREG | 
+------------+----------------+--------+--------+--------+--------+--------+------+------+------+------+-------+------+------+
|MUL         | A*B            | 18     | 17     | -      | -      | 48     | 0    | 0    | -    | -    | -     | 0    | 0    | 
|MUL         | (PCIN>>17)+A*B | 17     | 17     | -      | -      | 30     | 0    | 0    | -    | -    | -     | 0    | 0    | 
|MUL         | A*B            | 18     | 18     | -      | -      | 48     | 0    | 0    | -    | -    | -     | 0    | 0    | 
|MUL         | (PCIN>>17)+A*B | 18     | 17     | -      | -      | 47     | 0    | 0    | -    | -    | -     | 0    | 0    | 
+------------+----------------+--------+--------+--------+--------+--------+------+------+------+------+-------+------+------+

Note: The table above is a preliminary report that shows the DSPs inferred at the current stage of the synthesis flow. Some DSP may be reimplemented as non DSP primitives later in the synthesis flow. Multiple instantiated DSPs are reported only once.
---------------------------------------------------------------------------------
Finished ROM, RAM, DSP and Shift Register Reporting
---------------------------------------------------------------------------------
---------------------------------------------------------------------------------
Start Area Optimization
---------------------------------------------------------------------------------
INFO: [Synth 8-3886] merging instance 'seg7x16_inst/i_data_store_reg[29]' (FDC) to 'seg7x16_inst/i_data_store_reg[31]'
INFO: [Synth 8-3886] merging instance 'seg7x16_inst/i_data_store_reg[31]' (FDC) to 'seg7x16_inst/i_data_store_reg[30]'
INFO: [Synth 8-3886] merging instance 'seg7x16_inst/i_data_store_reg[30]' (FDC) to 'seg7x16_inst/i_data_store_reg[28]'
INFO: [Synth 8-3886] merging instance 'seg7x16_inst/i_data_store_reg[28]' (FDC) to 'seg7x16_inst/i_data_store_reg[27]'
INFO: [Synth 8-3886] merging instance 'seg7x16_inst/i_data_store_reg[13]' (FDC) to 'seg7x16_inst/i_data_store_reg[27]'
INFO: [Synth 8-3886] merging instance 'seg7x16_inst/i_data_store_reg[15]' (FDC) to 'seg7x16_inst/i_data_store_reg[27]'
INFO: [Synth 8-3886] merging instance 'seg7x16_inst/i_data_store_reg[14]' (FDC) to 'seg7x16_inst/i_data_store_reg[27]'
INFO: [Synth 8-3886] merging instance 'seg7x16_inst/i_data_store_reg[12]' (FDC) to 'seg7x16_inst/i_data_store_reg[27]'
INFO: [Synth 8-3886] merging instance 'seg7x16_inst/i_data_store_reg[21]' (FDC) to 'seg7x16_inst/i_data_store_reg[27]'
INFO: [Synth 8-3886] merging instance 'seg7x16_inst/i_data_store_reg[23]' (FDC) to 'seg7x16_inst/i_data_store_reg[27]'
INFO: [Synth 8-3886] merging instance 'seg7x16_inst/i_data_store_reg[22]' (FDC) to 'seg7x16_inst/i_data_store_reg[27]'
INFO: [Synth 8-3886] merging instance 'seg7x16_inst/i_data_store_reg[20]' (FDC) to 'seg7x16_inst/i_data_store_reg[27]'
INFO: [Synth 8-3886] merging instance 'seg7x16_inst/i_data_store_reg[5]' (FDC) to 'seg7x16_inst/i_data_store_reg[27]'
INFO: [Synth 8-3886] merging instance 'seg7x16_inst/i_data_store_reg[7]' (FDC) to 'seg7x16_inst/i_data_store_reg[27]'
INFO: [Synth 8-3886] merging instance 'seg7x16_inst/i_data_store_reg[6]' (FDC) to 'seg7x16_inst/i_data_store_reg[27]'
INFO: [Synth 8-3886] merging instance 'seg7x16_inst/i_data_store_reg[4]' (FDC) to 'seg7x16_inst/i_data_store_reg[27]'
INFO: [Synth 8-3886] merging instance 'seg7x16_inst/i_data_store_reg[25]' (FDC) to 'seg7x16_inst/i_data_store_reg[27]'
INFO: [Synth 8-3886] merging instance 'seg7x16_inst/i_data_store_reg[27]' (FDC) to 'seg7x16_inst/i_data_store_reg[26]'
INFO: [Synth 8-3886] merging instance 'seg7x16_inst/i_data_store_reg[26]' (FDC) to 'seg7x16_inst/i_data_store_reg[24]'
INFO: [Synth 8-3886] merging instance 'seg7x16_inst/i_data_store_reg[24]' (FDC) to 'seg7x16_inst/i_data_store_reg[18]'
INFO: [Synth 8-3886] merging instance 'seg7x16_inst/i_data_store_reg[9]' (FDC) to 'seg7x16_inst/i_data_store_reg[18]'
INFO: [Synth 8-3886] merging instance 'seg7x16_inst/i_data_store_reg[11]' (FDC) to 'seg7x16_inst/i_data_store_reg[18]'
INFO: [Synth 8-3886] merging instance 'seg7x16_inst/i_data_store_reg[10]' (FDC) to 'seg7x16_inst/i_data_store_reg[19]'
INFO: [Synth 8-3886] merging instance 'seg7x16_inst/i_data_store_reg[8]' (FDC) to 'seg7x16_inst/i_data_store_reg[19]'
INFO: [Synth 8-3886] merging instance 'seg7x16_inst/i_data_store_reg[17]' (FDC) to 'seg7x16_inst/i_data_store_reg[18]'
INFO: [Synth 8-3886] merging instance 'seg7x16_inst/i_data_store_reg[19]' (FDC) to 'seg7x16_inst/i_data_store_reg[16]'
INFO: [Synth 8-3886] merging instance 'seg7x16_inst/i_data_store_reg[18]' (FDC) to 'seg7x16_inst/i_data_store_reg[3]'
INFO: [Synth 8-3886] merging instance 'seg7x16_inst/i_data_store_reg[1]' (FDC) to 'seg7x16_inst/i_data_store_reg[3]'
INFO: [Synth 8-3886] merging instance 'seg7x16_inst/i_data_store_reg[3]' (FDC) to 'seg7x16_inst/i_data_store_reg[2]'
INFO: [Synth 8-3886] merging instance 'seg7x16_inst/i_data_store_reg[2]' (FDC) to 'seg7x16_inst/i_data_store_reg[0]'
INFO: [Synth 8-3333] propagating constant 0 across sequential element (\seg7x16_inst/i_data_store_reg[0] )
INFO: [Synth 8-3333] propagating constant 1 across sequential element (\seg7x16_inst/o_seg_r_reg[7] )
INFO: [Synth 8-3886] merging instance 'seg7x16_inst/o_seg_r_reg[0]' (FDP) to 'seg7x16_inst/o_seg_r_reg[2]'
INFO: [Synth 8-3886] merging instance 'seg7x16_inst/o_seg_r_reg[2]' (FDP) to 'seg7x16_inst/o_seg_r_reg[3]'
INFO: [Synth 8-3886] merging instance 'seg7x16_inst/o_seg_r_reg[3]' (FDP) to 'seg7x16_inst/o_seg_r_reg[5]'
WARNING: [Synth 8-3332] Sequential element (seg7x16_inst/i_data_store_reg[31]) is unused and will be removed from module sccomp_dataflow.
WARNING: [Synth 8-3332] Sequential element (seg7x16_inst/i_data_store_reg[30]) is unused and will be removed from module sccomp_dataflow.
WARNING: [Synth 8-3332] Sequential element (seg7x16_inst/i_data_store_reg[29]) is unused and will be removed from module sccomp_dataflow.
WARNING: [Synth 8-3332] Sequential element (seg7x16_inst/i_data_store_reg[28]) is unused and will be removed from module sccomp_dataflow.
WARNING: [Synth 8-3332] Sequential element (seg7x16_inst/i_data_store_reg[27]) is unused and will be removed from module sccomp_dataflow.
WARNING: [Synth 8-3332] Sequential element (seg7x16_inst/i_data_store_reg[26]) is unused and will be removed from module sccomp_dataflow.
WARNING: [Synth 8-3332] Sequential element (seg7x16_inst/i_data_store_reg[25]) is unused and will be removed from module sccomp_dataflow.
WARNING: [Synth 8-3332] Sequential element (seg7x16_inst/i_data_store_reg[24]) is unused and will be removed from module sccomp_dataflow.
WARNING: [Synth 8-3332] Sequential element (seg7x16_inst/i_data_store_reg[23]) is unused and will be removed from module sccomp_dataflow.
WARNING: [Synth 8-3332] Sequential element (seg7x16_inst/i_data_store_reg[22]) is unused and will be removed from module sccomp_dataflow.
WARNING: [Synth 8-3332] Sequential element (seg7x16_inst/i_data_store_reg[21]) is unused and will be removed from module sccomp_dataflow.
WARNING: [Synth 8-3332] Sequential element (seg7x16_inst/i_data_store_reg[20]) is unused and will be removed from module sccomp_dataflow.
WARNING: [Synth 8-3332] Sequential element (seg7x16_inst/i_data_store_reg[19]) is unused and will be removed from module sccomp_dataflow.
WARNING: [Synth 8-3332] Sequential element (seg7x16_inst/i_data_store_reg[18]) is unused and will be removed from module sccomp_dataflow.
WARNING: [Synth 8-3332] Sequential element (seg7x16_inst/i_data_store_reg[17]) is unused and will be removed from module sccomp_dataflow.
WARNING: [Synth 8-3332] Sequential element (seg7x16_inst/i_data_store_reg[15]) is unused and will be removed from module sccomp_dataflow.
WARNING: [Synth 8-3332] Sequential element (seg7x16_inst/i_data_store_reg[14]) is unused and will be removed from module sccomp_dataflow.
WARNING: [Synth 8-3332] Sequential element (seg7x16_inst/i_data_store_reg[13]) is unused and will be removed from module sccomp_dataflow.
WARNING: [Synth 8-3332] Sequential element (seg7x16_inst/i_data_store_reg[12]) is unused and will be removed from module sccomp_dataflow.
WARNING: [Synth 8-3332] Sequential element (seg7x16_inst/i_data_store_reg[11]) is unused and will be removed from module sccomp_dataflow.
WARNING: [Synth 8-3332] Sequential element (seg7x16_inst/i_data_store_reg[10]) is unused and will be removed from module sccomp_dataflow.
WARNING: [Synth 8-3332] Sequential element (seg7x16_inst/i_data_store_reg[9]) is unused and will be removed from module sccomp_dataflow.
WARNING: [Synth 8-3332] Sequential element (seg7x16_inst/i_data_store_reg[8]) is unused and will be removed from module sccomp_dataflow.
WARNING: [Synth 8-3332] Sequential element (seg7x16_inst/i_data_store_reg[7]) is unused and will be removed from module sccomp_dataflow.
WARNING: [Synth 8-3332] Sequential element (seg7x16_inst/i_data_store_reg[6]) is unused and will be removed from module sccomp_dataflow.
WARNING: [Synth 8-3332] Sequential element (seg7x16_inst/i_data_store_reg[5]) is unused and will be removed from module sccomp_dataflow.
WARNING: [Synth 8-3332] Sequential element (seg7x16_inst/i_data_store_reg[4]) is unused and will be removed from module sccomp_dataflow.
WARNING: [Synth 8-3332] Sequential element (seg7x16_inst/i_data_store_reg[3]) is unused and will be removed from module sccomp_dataflow.
WARNING: [Synth 8-3332] Sequential element (seg7x16_inst/i_data_store_reg[2]) is unused and will be removed from module sccomp_dataflow.
WARNING: [Synth 8-3332] Sequential element (seg7x16_inst/i_data_store_reg[1]) is unused and will be removed from module sccomp_dataflow.
WARNING: [Synth 8-3332] Sequential element (seg7x16_inst/i_data_store_reg[0]) is unused and will be removed from module sccomp_dataflow.
WARNING: [Synth 8-3332] Sequential element (seg7x16_inst/o_seg_r_reg[7]) is unused and will be removed from module sccomp_dataflow.
WARNING: [Synth 8-3332] Sequential element (seg7x16_inst/o_seg_r_reg[3]) is unused and will be removed from module sccomp_dataflow.
WARNING: [Synth 8-3332] Sequential element (seg7x16_inst/o_seg_r_reg[2]) is unused and will be removed from module sccomp_dataflow.
WARNING: [Synth 8-3332] Sequential element (seg7x16_inst/o_seg_r_reg[0]) is unused and will be removed from module sccomp_dataflow.
---------------------------------------------------------------------------------
Finished Area Optimization : Time (s): cpu = 00:00:05 ; elapsed = 00:00:28 . Memory (MB): peak = 662.441 ; gain = 455.090
---------------------------------------------------------------------------------
Finished Parallel Area Optimization  : Time (s): cpu = 00:00:05 ; elapsed = 00:00:28 . Memory (MB): peak = 662.441 ; gain = 455.090

Report RTL Partitions: 
+-+--------------+------------+----------+
| |RTL Partition |Replication |Instances |
+-+--------------+------------+----------+
+-+--------------+------------+----------+
---------------------------------------------------------------------------------
Start Timing Optimization
---------------------------------------------------------------------------------
---------------------------------------------------------------------------------
Start Applying XDC Timing Constraints
---------------------------------------------------------------------------------
---------------------------------------------------------------------------------
Finished Applying XDC Timing Constraints : Time (s): cpu = 00:00:06 ; elapsed = 00:00:40 . Memory (MB): peak = 706.168 ; gain = 498.816
---------------------------------------------------------------------------------
---------------------------------------------------------------------------------
Finished Timing Optimization : Time (s): cpu = 00:00:06 ; elapsed = 00:00:40 . Memory (MB): peak = 719.285 ; gain = 511.934
---------------------------------------------------------------------------------

Report RTL Partitions: 
+-+--------------+------------+----------+
| |RTL Partition |Replication |Instances |
+-+--------------+------------+----------+
+-+--------------+------------+----------+
---------------------------------------------------------------------------------
Start Technology Mapping
---------------------------------------------------------------------------------
WARNING: [Synth 8-3332] Sequential element (sccpu/CLZ_inst/cnt_reg[31]) is unused and will be removed from module sccomp_dataflow.
WARNING: [Synth 8-3332] Sequential element (sccpu/CLZ_inst/cnt_reg[30]) is unused and will be removed from module sccomp_dataflow.
WARNING: [Synth 8-3332] Sequential element (sccpu/CLZ_inst/cnt_reg[29]) is unused and will be removed from module sccomp_dataflow.
WARNING: [Synth 8-3332] Sequential element (sccpu/CLZ_inst/cnt_reg[28]) is unused and will be removed from module sccomp_dataflow.
WARNING: [Synth 8-3332] Sequential element (sccpu/CLZ_inst/cnt_reg[27]) is unused and will be removed from module sccomp_dataflow.
WARNING: [Synth 8-3332] Sequential element (sccpu/CLZ_inst/cnt_reg[26]) is unused and will be removed from module sccomp_dataflow.
WARNING: [Synth 8-3332] Sequential element (sccpu/CLZ_inst/cnt_reg[25]) is unused and will be removed from module sccomp_dataflow.
WARNING: [Synth 8-3332] Sequential element (sccpu/CLZ_inst/cnt_reg[24]) is unused and will be removed from module sccomp_dataflow.
WARNING: [Synth 8-3332] Sequential element (sccpu/CLZ_inst/cnt_reg[23]) is unused and will be removed from module sccomp_dataflow.
WARNING: [Synth 8-3332] Sequential element (sccpu/CLZ_inst/cnt_reg[22]) is unused and will be removed from module sccomp_dataflow.
WARNING: [Synth 8-3332] Sequential element (sccpu/CLZ_inst/cnt_reg[21]) is unused and will be removed from module sccomp_dataflow.
WARNING: [Synth 8-3332] Sequential element (sccpu/CLZ_inst/cnt_reg[20]) is unused and will be removed from module sccomp_dataflow.
WARNING: [Synth 8-3332] Sequential element (sccpu/CLZ_inst/cnt_reg[19]) is unused and will be removed from module sccomp_dataflow.
WARNING: [Synth 8-3332] Sequential element (sccpu/CLZ_inst/cnt_reg[18]) is unused and will be removed from module sccomp_dataflow.
WARNING: [Synth 8-3332] Sequential element (sccpu/CLZ_inst/cnt_reg[17]) is unused and will be removed from module sccomp_dataflow.
WARNING: [Synth 8-3332] Sequential element (sccpu/CLZ_inst/cnt_reg[16]) is unused and will be removed from module sccomp_dataflow.
WARNING: [Synth 8-3332] Sequential element (sccpu/CLZ_inst/cnt_reg[15]) is unused and will be removed from module sccomp_dataflow.
WARNING: [Synth 8-3332] Sequential element (sccpu/CLZ_inst/cnt_reg[14]) is unused and will be removed from module sccomp_dataflow.
WARNING: [Synth 8-3332] Sequential element (sccpu/CLZ_inst/cnt_reg[13]) is unused and will be removed from module sccomp_dataflow.
WARNING: [Synth 8-3332] Sequential element (sccpu/CLZ_inst/cnt_reg[12]) is unused and will be removed from module sccomp_dataflow.
WARNING: [Synth 8-3332] Sequential element (sccpu/CLZ_inst/cnt_reg[11]) is unused and will be removed from module sccomp_dataflow.
WARNING: [Synth 8-3332] Sequential element (sccpu/CLZ_inst/cnt_reg[10]) is unused and will be removed from module sccomp_dataflow.
WARNING: [Synth 8-3332] Sequential element (sccpu/CLZ_inst/cnt_reg[9]) is unused and will be removed from module sccomp_dataflow.
WARNING: [Synth 8-3332] Sequential element (sccpu/CLZ_inst/cnt_reg[8]) is unused and will be removed from module sccomp_dataflow.
WARNING: [Synth 8-3332] Sequential element (sccpu/CLZ_inst/cnt_reg[7]) is unused and will be removed from module sccomp_dataflow.
WARNING: [Synth 8-3332] Sequential element (sccpu/CLZ_inst/cnt_reg[6]) is unused and will be removed from module sccomp_dataflow.
---------------------------------------------------------------------------------
Finished Technology Mapping : Time (s): cpu = 00:00:07 ; elapsed = 00:00:41 . Memory (MB): peak = 789.191 ; gain = 581.840
---------------------------------------------------------------------------------
Finished Parallel Technology Mapping Optimization  : Time (s): cpu = 00:00:07 ; elapsed = 00:00:41 . Memory (MB): peak = 789.191 ; gain = 581.840

Report RTL Partitions: 
+-+--------------+------------+----------+
| |RTL Partition |Replication |Instances |
+-+--------------+------------+----------+
+-+--------------+------------+----------+
Finished Parallel Synthesis Optimization  : Time (s): cpu = 00:00:07 ; elapsed = 00:00:41 . Memory (MB): peak = 789.191 ; gain = 581.840
---------------------------------------------------------------------------------
Start IO Insertion
---------------------------------------------------------------------------------
---------------------------------------------------------------------------------
Start Flattening Before IO Insertion
---------------------------------------------------------------------------------
---------------------------------------------------------------------------------
Finished Flattening Before IO Insertion
---------------------------------------------------------------------------------
---------------------------------------------------------------------------------
Start Final Netlist Cleanup
---------------------------------------------------------------------------------
---------------------------------------------------------------------------------
Finished Final Netlist Cleanup
---------------------------------------------------------------------------------
---------------------------------------------------------------------------------
Finished IO Insertion : Time (s): cpu = 00:00:07 ; elapsed = 00:00:42 . Memory (MB): peak = 789.191 ; gain = 581.840
---------------------------------------------------------------------------------

Report Check Netlist: 
+------+------------------+-------+---------+-------+------------------+
|      |Item              |Errors |Warnings |Status |Description       |
+------+------------------+-------+---------+-------+------------------+
|1     |multi_driven_nets |      0|        0|Passed |Multi driven nets |
+------+------------------+-------+---------+-------+------------------+
---------------------------------------------------------------------------------
Start Renaming Generated Instances
---------------------------------------------------------------------------------
---------------------------------------------------------------------------------
Finished Renaming Generated Instances : Time (s): cpu = 00:00:07 ; elapsed = 00:00:42 . Memory (MB): peak = 789.191 ; gain = 581.840
---------------------------------------------------------------------------------

Report RTL Partitions: 
+-+--------------+------------+----------+
| |RTL Partition |Replication |Instances |
+-+--------------+------------+----------+
+-+--------------+------------+----------+
---------------------------------------------------------------------------------
Start Rebuilding User Hierarchy
---------------------------------------------------------------------------------
---------------------------------------------------------------------------------
Finished Rebuilding User Hierarchy : Time (s): cpu = 00:00:07 ; elapsed = 00:00:43 . Memory (MB): peak = 789.191 ; gain = 581.840
---------------------------------------------------------------------------------
---------------------------------------------------------------------------------
Start Renaming Generated Ports
---------------------------------------------------------------------------------
---------------------------------------------------------------------------------
Finished Renaming Generated Ports : Time (s): cpu = 00:00:07 ; elapsed = 00:00:43 . Memory (MB): peak = 789.191 ; gain = 581.840
---------------------------------------------------------------------------------
---------------------------------------------------------------------------------
Start Handling Custom Attributes
---------------------------------------------------------------------------------
---------------------------------------------------------------------------------
Finished Handling Custom Attributes : Time (s): cpu = 00:00:07 ; elapsed = 00:00:43 . Memory (MB): peak = 789.191 ; gain = 581.840
---------------------------------------------------------------------------------
---------------------------------------------------------------------------------
Start Renaming Generated Nets
---------------------------------------------------------------------------------
---------------------------------------------------------------------------------
Finished Renaming Generated Nets : Time (s): cpu = 00:00:07 ; elapsed = 00:00:43 . Memory (MB): peak = 789.191 ; gain = 581.840
---------------------------------------------------------------------------------
---------------------------------------------------------------------------------
Start Writing Synthesis Report
---------------------------------------------------------------------------------

Report BlackBoxes: 
+------+---------------+----------+
|      |BlackBox name  |Instances |
+------+---------------+----------+
|1     |dist_mem_gen_0 |         1|
+------+---------------+----------+

Report Cell Usage: 
+------+---------------+------+
|      |Cell           |Count |
+------+---------------+------+
|1     |dist_mem_gen_0 |     1|
|2     |BUFG           |     2|
|3     |CARRY4         |   659|
|4     |DSP48E1        |     4|
|5     |LUT1           |   403|
|6     |LUT2           |   736|
|7     |LUT3           |  2100|
|8     |LUT4           |   324|
|9     |LUT5           |   443|
|10    |LUT6           |  1552|
|11    |MUXF7          |   446|
|12    |RAM32M         |    18|
|13    |FDCE           |  1075|
|14    |FDPE           |     4|
|15    |FDRE           |  1120|
|16    |FDSE           |     1|
|17    |LD             |     6|
|18    |IBUF           |     2|
|19    |OBUF           |    16|
+------+---------------+------+

Report Instance Areas: 
+------+---------------+--------+------+
|      |Instance       |Module  |Cells |
+------+---------------+--------+------+
|1     |top            |        |  8943|
|2     |  Divider_inst |Divider |   114|
|3     |  dmem         |DMEM    |    50|
|4     |  imem         |IMEM    |  1321|
|5     |  sccpu        |cpu     |  7381|
|6     |    CLZ_inst   |CLZ     |     6|
|7     |    CP0_inst   |CP0     |  1530|
|8     |    DIV_inst   |DIV     |  2677|
|9     |    HI_LO_inst |HI_LO   |   129|
|10    |    MUL_inst   |MUL     |    75|
|11    |    MUX6_1     |MUX     |    64|
|12    |    MUX7_1     |MUX_0   |   128|
|13    |    PC_inst    |PC      |   108|
|14    |    cpu_ref    |regfile |  2664|
|15    |  seg7x16_inst |seg7x16 |    56|
+------+---------------+--------+------+
---------------------------------------------------------------------------------
Finished Writing Synthesis Report : Time (s): cpu = 00:00:07 ; elapsed = 00:00:43 . Memory (MB): peak = 789.191 ; gain = 581.840
---------------------------------------------------------------------------------
Synthesis finished with 0 errors, 0 critical warnings and 91 warnings.
Synthesis Optimization Runtime : Time (s): cpu = 00:00:04 ; elapsed = 00:00:36 . Memory (MB): peak = 789.191 ; gain = 239.590
Synthesis Optimization Complete : Time (s): cpu = 00:00:07 ; elapsed = 00:00:43 . Memory (MB): peak = 789.191 ; gain = 581.840
INFO: [Project 1-571] Translating synthesized netlist
INFO: [Netlist 29-17] Analyzing 689 Unisim elements for replacement
INFO: [Netlist 29-28] Unisim Transformation completed in 0 CPU seconds
INFO: [Project 1-570] Preparing netlist for logic optimization
INFO: [Opt 31-138] Pushed 4 inverter(s) to 1138 load pin(s).
INFO: [Project 1-111] Unisim Transformation Summary:
  A total of 24 instances were transformed.
  LD => LDCE: 6 instances
  RAM32M => RAM32M (inverted pins: WCLK) (RAMD32, RAMD32, RAMD32, RAMD32, RAMD32, RAMD32, RAMS32, RAMS32): 18 instances

INFO: [Common 17-83] Releasing license: Synthesis
185 Infos, 249 Warnings, 34 Critical Warnings and 0 Errors encountered.
synth_design completed successfully
synth_design: Time (s): cpu = 00:00:06 ; elapsed = 00:00:43 . Memory (MB): peak = 789.191 ; gain = 557.969
report_utilization: Time (s): cpu = 00:00:00 ; elapsed = 00:00:00.031 . Memory (MB): peak = 789.191 ; gain = 0.000
INFO: [Common 17-206] Exiting Vivado at Mon Jul 15 19:13:03 2024...
