#
# A fatal error has been detected by the Java Runtime Environment:
#
#  EXCEPTION_ACCESS_VIOLATION (0xc0000005) at pc=0x000000000a904c44, pid=10520, tid=13840
#
# JRE version: Java(TM) SE Runtime Environment (8.0_66-b18) (build 1.8.0_66-b18)
# Java VM: Java HotSpot(TM) 64-Bit Server VM (25.66-b18 mixed mode windows-amd64 compressed oops)
# Problematic frame:
# C  [SHSMP64.dll+0x4c44]
#
# Failed to write core dump. Minidumps are not enabled by default on client versions of Windows
#
# If you would like to submit a bug report, please visit:
#   http://bugreport.java.com/bugreport/crash.jsp
# The crash happened outside the Java Virtual Machine in native code.
# See problematic frame for where to report the bug.
#

---------------  T H R E A D  ---------------

Current thread (0x000001e5a4965000):  JavaThread "Swing-Shell" daemon [_thread_in_native, id=13840, stack(0x00000005b9d00000,0x00000005ba200000)]

siginfo: ExceptionCode=0xc0000005, reading address 0x000001e5abc90038

Registers:
RAX=0x000001e5abc90000, RBX=0x00007fff2d173610, RCX=0x000001e5abc951b0, RDX=0x000001e586ed4510
RSP=0x00000005ba1fe670, RBP=0x00000005ba1fe870, RSI=0x0000000000000000, RDI=0x000001e5abc951b0
R8 =0x000001e586ce1a40, R9 =0x0000000000000001, R10=0xce709ee7125b9070, R11=0x00000005ba1fe680
R12=0x0000000000000000, R13=0x000001e5aa231360, R14=0x00000005ba1fed40, R15=0x000001e5a4965000
RIP=0x000000000a904c44, EFLAGS=0x0000000000010206

Top of Stack: (sp=0x00000005ba1fe670)
0x00000005ba1fe670:   00007fff2d173610 0000000000000001
0x00000005ba1fe680:   000001e5a4965000 00000005ba1fed40
0x00000005ba1fe690:   000001e5ffffffff 0000000001e5abc9
0x00000005ba1fe6a0:   000000000a9346d0 00007fff2fdaaff1
0x00000005ba1fe6b0:   000001e5a85ce360 000000000a9178e1
0x00000005ba1fe6c0:   000001e5abc951b0 0000000000000000
0x00000005ba1fe6d0:   0000000000000000 0000000000000000
0x00000005ba1fe6e0:   0000000000000000 00007fff2d471e0f
0x00000005ba1fe6f0:   00000005ba1fed40 000000000a917bb3
0x00000005ba1fe700:   000001e5abc951b0 00000005ba1fe870
0x00000005ba1fe710:   0000000000000000 000001e5abc951b0
0x00000005ba1fe720:   0000000000000000 00007fff2d18039c
0x00000005ba1fe730:   000001e5abc951b0 000001e5abc951b0
0x00000005ba1fe740:   0000000000000000 0000000000000000
0x00000005ba1fe750:   000001e5abc951b0 00007fff2db57b21
0x00000005ba1fe760:   0000000000000000 0065006800000007 

Instructions: (pc=0x000000000a904c44)
0x000000000a904c24:   c4 30 5f c3 cc cc cc cc cc cc cc cc 48 89 4c 24
0x000000000a904c34:   08 48 83 ec 48 48 8b 44 24 50 48 25 00 00 ff ff
0x000000000a904c44:   0f b7 40 38 25 f8 ff 00 00 3d d0 ca 00 00 74 16
0x000000000a904c54:   ba 0e 00 00 00 48 8b 4c 24 50 e8 5d 64 00 00 33 


Register to memory mapping:

RAX=0x000001e5abc90000 is an unknown value
RBX=0x00007fff2d173610 is an unknown value
RCX=0x000001e5abc951b0 is an unknown value
RDX=0x000001e586ed4510 is an unknown value
RSP=0x00000005ba1fe670 is pointing into the stack for thread: 0x000001e5a4965000
RBP=0x00000005ba1fe870 is pointing into the stack for thread: 0x000001e5a4965000
RSI=0x0000000000000000 is an unknown value
RDI=0x000001e5abc951b0 is an unknown value
R8 =0x000001e586ce1a40 is an unknown value
R9 =0x0000000000000001 is an unknown value
R10=0xce709ee7125b9070 is an unknown value
R11=0x00000005ba1fe680 is pointing into the stack for thread: 0x000001e5a4965000
R12=0x0000000000000000 is an unknown value
R13={method} {0x000001e5aa231368} 'getLinkLocation' '(JJZ)J' in 'sun/awt/shell/Win32ShellFolder2'
R14=0x00000005ba1fed40 is pointing into the stack for thread: 0x000001e5a4965000
R15=0x000001e5a4965000 is a thread


Stack: [0x00000005b9d00000,0x00000005ba200000],  sp=0x00000005ba1fe670,  free space=5113k
Native frames: (J=compiled Java code, j=interpreted, Vv=VM code, C=native code)
C  [SHSMP64.dll+0x4c44]
C  [SHSMP64.dll+0x178e1]
C  [SHSMP64.dll+0x17bb3]
C  [ucrtbase.dll+0x2039c]
C  [shcore.dll+0x7b21]
C  [windows.storage.dll+0x95315]
C  [windows.storage.dll+0x17532d]
C  [windows.storage.dll+0x1751f4]
C  [windows.storage.dll+0x175199]
C  0x000000005839a5fa
C  0x000001e58c8b6f1b

Java frames: (J=compiled Java code, j=interpreted, Vv=VM code)
j  sun.awt.shell.Win32ShellFolder2.getLinkLocation(JJZ)J+0
j  sun.awt.shell.Win32ShellFolder2.access$1400(JJZ)J+4
j  sun.awt.shell.Win32ShellFolder2$11.call()Lsun/awt/shell/ShellFolder;+32
j  sun.awt.shell.Win32ShellFolder2$11.call()Ljava/lang/Object;+1
j  java.util.concurrent.FutureTask.run()V+42
j  java.util.concurrent.ThreadPoolExecutor.runWorker(Ljava/util/concurrent/ThreadPoolExecutor$Worker;)V+95
j  java.util.concurrent.ThreadPoolExecutor$Worker.run()V+5
j  sun.awt.shell.Win32ShellFolderManager2$ComInvoker$3.run()V+7
j  java.lang.Thread.run()V+11
v  ~StubRoutines::call_stub

---------------  P R O C E S S  ---------------

Java Threads: ( => current thread )
=>0x000001e5a4965000 JavaThread "Swing-Shell" daemon [_thread_in_native, id=13840, stack(0x00000005b9d00000,0x00000005ba200000)]
  0x000001e5a6f60800 JavaThread "HFileChooser Load File & Folder Choosers Thread" [_thread_blocked, id=13844, stack(0x00000005b9800000,0x00000005b9d00000)]
  0x000001e5a4365800 JavaThread "Monitor File Timestamp" [_thread_blocked, id=5944, stack(0x00000005b9300000,0x00000005b9800000)]
  0x000001e5a64a5000 JavaThread "Image Fetcher 2" daemon [_thread_blocked, id=11424, stack(0x00000005b8e00000,0x00000005b9300000)]
  0x000001e5a64ad800 JavaThread "Image Fetcher 1" daemon [_thread_blocked, id=2512, stack(0x00000005b8900000,0x00000005b8e00000)]
  0x000001e5a73f2800 JavaThread "Image Fetcher 0" daemon [_thread_blocked, id=7384, stack(0x00000005b7500000,0x00000005b7a00000)]
  0x000001e58c6ee800 JavaThread "AWT-EventQueue-1" [_thread_in_native, id=2564, stack(0x00000005b8400000,0x00000005b8900000)]
  0x000001e58c6ef800 JavaThread "Process Messages" [_thread_blocked, id=6164, stack(0x00000005b7f00000,0x00000005b8400000)]
  0x000001e58c182800 JavaThread "Thread-3" [_thread_blocked, id=7228, stack(0x00000005b1300000,0x00000005b2700000)]
  0x000001e5a49a5800 JavaThread "AWT-EventQueue-0" [_thread_blocked, id=9444, stack(0x00000005b7a00000,0x00000005b7f00000)]
  0x000001e5a48e0800 JavaThread "AWT-Windows" daemon [_thread_in_native, id=8536, stack(0x00000005b7000000,0x00000005b7500000)]
  0x000001e5a48e5800 JavaThread "AWT-Shutdown" [_thread_blocked, id=14816, stack(0x00000005b6b00000,0x00000005b7000000)]
  0x000001e5a48e2000 JavaThread "Java2D Disposer" daemon [_thread_blocked, id=1432, stack(0x00000005b6600000,0x00000005b6b00000)]
  0x000001e5a4661000 JavaThread "TimerQueue" daemon [_thread_blocked, id=11800, stack(0x00000005b6100000,0x00000005b6600000)]
  0x000001e5a41d7800 JavaThread "Service Thread" daemon [_thread_blocked, id=19288, stack(0x00000005b5b00000,0x00000005b6000000)]
  0x000001e5a3ddc000 JavaThread "C1 CompilerThread11" daemon [_thread_blocked, id=13952, stack(0x00000005b5a00000,0x00000005b5b00000)]
  0x000001e5a3dde000 JavaThread "C1 CompilerThread10" daemon [_thread_blocked, id=18596, stack(0x00000005b5900000,0x00000005b5a00000)]
  0x000001e5a3ddf800 JavaThread "C1 CompilerThread9" daemon [_thread_blocked, id=18516, stack(0x00000005b5800000,0x00000005b5900000)]
  0x000001e5a3d04800 JavaThread "C1 CompilerThread8" daemon [_thread_blocked, id=8724, stack(0x00000005b5700000,0x00000005b5800000)]
  0x000001e5a3ce7800 JavaThread "C2 CompilerThread7" daemon [_thread_blocked, id=3300, stack(0x00000005b5600000,0x00000005b5700000)]
  0x000001e5a3cd1000 JavaThread "C2 CompilerThread6" daemon [_thread_blocked, id=9148, stack(0x00000005b5500000,0x00000005b5600000)]
  0x000001e5a3881000 JavaThread "C2 CompilerThread5" daemon [_thread_blocked, id=18120, stack(0x00000005b5400000,0x00000005b5500000)]
  0x000001e5a3cf1000 JavaThread "C2 CompilerThread4" daemon [_thread_blocked, id=6980, stack(0x00000005b5300000,0x00000005b5400000)]
  0x000001e5a3d10800 JavaThread "C2 CompilerThread3" daemon [_thread_blocked, id=8884, stack(0x00000005b5200000,0x00000005b5300000)]
  0x000001e5a3d12000 JavaThread "C2 CompilerThread2" daemon [_thread_blocked, id=17008, stack(0x00000005b5100000,0x00000005b5200000)]
  0x000001e5a3d14000 JavaThread "C2 CompilerThread1" daemon [_thread_blocked, id=9296, stack(0x00000005b5000000,0x00000005b5100000)]
  0x000001e5a3d15800 JavaThread "C2 CompilerThread0" daemon [_thread_blocked, id=2752, stack(0x00000005b4f00000,0x00000005b5000000)]
  0x000001e5a3d06000 JavaThread "Attach Listener" daemon [_thread_blocked, id=9428, stack(0x00000005b4a00000,0x00000005b4f00000)]
  0x000001e5a3d07800 JavaThread "Signal Dispatcher" daemon [_thread_blocked, id=7536, stack(0x00000005b4500000,0x00000005b4a00000)]
  0x000001e5a3c19000 JavaThread "Finalizer" daemon [_thread_blocked, id=12124, stack(0x00000005b4000000,0x00000005b4500000)]
  0x000001e5a3c1a800 JavaThread "Reference Handler" daemon [_thread_blocked, id=9944, stack(0x00000005b3b00000,0x00000005b4000000)]
  0x000001e58c706800 JavaThread "main" [_thread_blocked, id=13024, stack(0x00000005b2a00000,0x00000005b2b00000)]

Other Threads:
  0x000001e5a3c1e000 VMThread [stack: 0x00000005b3a00000,0x00000005b3b00000] [id=8680]
  0x000001e5a4347800 WatcherThread [stack: 0x00000005b6000000,0x00000005b6100000] [id=8544]

VM state:not at safepoint (normal execution)

VM Mutex/Monitor currently owned by a thread: None

Heap:
 PSYoungGen      total 53760K, used 2971K [0x00000007bc400000, 0x00000007c0000000, 0x00000007c0000000)
  eden space 46080K, 6% used [0x00000007bc400000,0x00000007bc6e6f38,0x00000007bf100000)
  from space 7680K, 0% used [0x00000007bf100000,0x00000007bf100000,0x00000007bf880000)
  to   space 7680K, 0% used [0x00000007bf880000,0x00000007bf880000,0x00000007c0000000)
 ParOldGen       total 122880K, used 28785K [0x0000000700000000, 0x0000000707800000, 0x00000007bc400000)
  object space 122880K, 23% used [0x0000000700000000,0x0000000701c1c7b8,0x0000000707800000)
 Metaspace       used 35059K, capacity 35352K, committed 35712K, reserved 1079296K
  class space    used 4866K, capacity 4938K, committed 4992K, reserved 1048576K

Card table byte_map: [0x000001e59bc60000,0x000001e59c270000] byte_map_base: 0x000001e598460000

Marking Bits: (ParMarkBitMap*) 0x0000000058e1a5b0
 Begin Bits: [0x000001e59c960000, 0x000001e59f960000)
 End Bits:   [0x000001e59f960000, 0x000001e5a2960000)

Polling page: 0x000001e5888b0000

CodeCache: size=245760Kb used=13169Kb max_used=13453Kb free=232590Kb
 bounds [0x000001e58c8a0000, 0x000001e58d5e0000, 0x000001e59b8a0000]
 total_blobs=4266 nmethods=3574 adapters=599
 compilation: enabled

Compilation events (10 events):
Event: 6.394 Thread 0x000001e5a3d04800 4027       3       java.util.concurrent.LinkedBlockingQueue::enqueue (14 bytes)
Event: 6.394 Thread 0x000001e5a3ddf800 nmethod 4028 0x000001e58cc65150 code [0x000001e58cc652c0, 0x000001e58cc655f8]
Event: 6.394 Thread 0x000001e5a3ddf800 4029       3       java.util.concurrent.ThreadPoolExecutor$Worker::lock (6 bytes)
Event: 6.394 Thread 0x000001e5a3ddc000 4030       3       java.util.concurrent.FutureTask$WaitNode::<init> (12 bytes)
Event: 6.394 Thread 0x000001e5a3d04800 nmethod 4027 0x000001e58d345890 code [0x000001e58d3459e0, 0x000001e58d345b78]
Event: 6.395 Thread 0x000001e5a3d04800 4031   !   3       java.util.concurrent.LinkedBlockingQueue::signalNotEmpty (33 bytes)
Event: 6.395 Thread 0x000001e5a3ddc000 nmethod 4030 0x000001e58d3bf790 code [0x000001e58d3bf900, 0x000001e58d3bfaf8]
Event: 6.395 Thread 0x000001e5a3ddf800 nmethod 4029 0x000001e58d138390 code [0x000001e58d138540, 0x000001e58d138cf0]
Event: 6.395 Thread 0x000001e5a3d04800 nmethod 4031 0x000001e58d2e9e90 code [0x000001e58d2ea080, 0x000001e58d2eaa00]
Event: 6.395 Thread 0x000001e5a3dde000 nmethod 4024 0x000001e58d329810 code [0x000001e58d329ac0, 0x000001e58d32b0d0]

GC Heap History (10 events):
Event: 4.748 GC heap before
{Heap before GC invocations=3 (full 1):
 PSYoungGen      total 53760K, used 7653K [0x00000007bc400000, 0x00000007c0000000, 0x00000007c0000000)
  eden space 46080K, 0% used [0x00000007bc400000,0x00000007bc400000,0x00000007bf100000)
  from space 7680K, 99% used [0x00000007bf880000,0x00000007bfff9798,0x00000007c0000000)
  to   space 7680K, 0% used [0x00000007bf100000,0x00000007bf100000,0x00000007bf880000)
 ParOldGen       total 69632K, used 6071K [0x0000000700000000, 0x0000000704400000, 0x00000007bc400000)
  object space 69632K, 8% used [0x0000000700000000,0x00000007005edd28,0x0000000704400000)
 Metaspace       used 20897K, capacity 21084K, committed 21296K, reserved 1069056K
  class space    used 2580K, capacity 2643K, committed 2688K, reserved 1048576K
Event: 4.773 GC heap after
Heap after GC invocations=3 (full 1):
 PSYoungGen      total 53760K, used 0K [0x00000007bc400000, 0x00000007c0000000, 0x00000007c0000000)
  eden space 46080K, 0% used [0x00000007bc400000,0x00000007bc400000,0x00000007bf100000)
  from space 7680K, 0% used [0x00000007bf880000,0x00000007bf880000,0x00000007c0000000)
  to   space 7680K, 0% used [0x00000007bf100000,0x00000007bf100000,0x00000007bf880000)
 ParOldGen       total 69632K, used 12509K [0x0000000700000000, 0x0000000704400000, 0x00000007bc400000)
  object space 69632K, 17% used [0x0000000700000000,0x0000000700c374d0,0x0000000704400000)
 Metaspace       used 20897K, capacity 21084K, committed 21296K, reserved 1069056K
  class space    used 2580K, capacity 2643K, committed 2688K, reserved 1048576K
}
Event: 5.367 GC heap before
{Heap before GC invocations=4 (full 1):
 PSYoungGen      total 53760K, used 46080K [0x00000007bc400000, 0x00000007c0000000, 0x00000007c0000000)
  eden space 46080K, 100% used [0x00000007bc400000,0x00000007bf100000,0x00000007bf100000)
  from space 7680K, 0% used [0x00000007bf880000,0x00000007bf880000,0x00000007c0000000)
  to   space 7680K, 0% used [0x00000007bf100000,0x00000007bf100000,0x00000007bf880000)
 ParOldGen       total 69632K, used 12509K [0x0000000700000000, 0x0000000704400000, 0x00000007bc400000)
  object space 69632K, 17% used [0x0000000700000000,0x0000000700c374d0,0x0000000704400000)
 Metaspace       used 26660K, capacity 26953K, committed 27264K, reserved 1073152K
  class space    used 3382K, capacity 3454K, committed 3456K, reserved 1048576K
Event: 5.371 GC heap after
Heap after GC invocations=4 (full 1):
 PSYoungGen      total 53760K, used 7649K [0x00000007bc400000, 0x00000007c0000000, 0x00000007c0000000)
  eden space 46080K, 0% used [0x00000007bc400000,0x00000007bc400000,0x00000007bf100000)
  from space 7680K, 99% used [0x00000007bf100000,0x00000007bf878750,0x00000007bf880000)
  to   space 7680K, 0% used [0x00000007bf880000,0x00000007bf880000,0x00000007c0000000)
 ParOldGen       total 69632K, used 13558K [0x0000000700000000, 0x0000000704400000, 0x00000007bc400000)
  object space 69632K, 19% used [0x0000000700000000,0x0000000700d3d920,0x0000000704400000)
 Metaspace       used 26660K, capacity 26953K, committed 27264K, reserved 1073152K
  class space    used 3382K, capacity 3454K, committed 3456K, reserved 1048576K
}
Event: 5.833 GC heap before
{Heap before GC invocations=5 (full 1):
 PSYoungGen      total 53760K, used 53729K [0x00000007bc400000, 0x00000007c0000000, 0x00000007c0000000)
  eden space 46080K, 100% used [0x00000007bc400000,0x00000007bf100000,0x00000007bf100000)
  from space 7680K, 99% used [0x00000007bf100000,0x00000007bf878750,0x00000007bf880000)
  to   space 7680K, 0% used [0x00000007bf880000,0x00000007bf880000,0x00000007c0000000)
 ParOldGen       total 69632K, used 13558K [0x0000000700000000, 0x0000000704400000, 0x00000007bc400000)
  object space 69632K, 19% used [0x0000000700000000,0x0000000700d3d920,0x0000000704400000)
 Metaspace       used 29978K, capacity 30325K, committed 30464K, reserved 1075200K
  class space    used 4001K, capacity 4068K, committed 4096K, reserved 1048576K
Event: 5.839 GC heap after
Heap after GC invocations=5 (full 1):
 PSYoungGen      total 53760K, used 7678K [0x00000007bc400000, 0x00000007c0000000, 0x00000007c0000000)
  eden space 46080K, 0% used [0x00000007bc400000,0x00000007bc400000,0x00000007bf100000)
  from space 7680K, 99% used [0x00000007bf880000,0x00000007bffff8a8,0x00000007c0000000)
  to   space 7680K, 0% used [0x00000007bf100000,0x00000007bf100000,0x00000007bf880000)
 ParOldGen       total 69632K, used 17896K [0x0000000700000000, 0x0000000704400000, 0x00000007bc400000)
  object space 69632K, 25% used [0x0000000700000000,0x000000070117a010,0x0000000704400000)
 Metaspace       used 29978K, capacity 30325K, committed 30464K, reserved 1075200K
  class space    used 4001K, capacity 4068K, committed 4096K, reserved 1048576K
}
Event: 6.308 GC heap before
{Heap before GC invocations=6 (full 1):
 PSYoungGen      total 53760K, used 38653K [0x00000007bc400000, 0x00000007c0000000, 0x00000007c0000000)
  eden space 46080K, 67% used [0x00000007bc400000,0x00000007be23fd68,0x00000007bf100000)
  from space 7680K, 99% used [0x00000007bf880000,0x00000007bffff8a8,0x00000007c0000000)
  to   space 7680K, 0% used [0x00000007bf100000,0x00000007bf100000,0x00000007bf880000)
 ParOldGen       total 69632K, used 17896K [0x0000000700000000, 0x0000000704400000, 0x00000007bc400000)
  object space 69632K, 25% used [0x0000000700000000,0x000000070117a010,0x0000000704400000)
 Metaspace       used 34912K, capacity 35224K, committed 35456K, reserved 1079296K
  class space    used 4841K, capacity 4938K, committed 4992K, reserved 1048576K
Event: 6.316 GC heap after
Heap after GC invocations=6 (full 1):
 PSYoungGen      total 53760K, used 7668K [0x00000007bc400000, 0x00000007c0000000, 0x00000007c0000000)
  eden space 46080K, 0% used [0x00000007bc400000,0x00000007bc400000,0x00000007bf100000)
  from space 7680K, 99% used [0x00000007bf100000,0x00000007bf87d020,0x00000007bf880000)
  to   space 7680K, 0% used [0x00000007bf880000,0x00000007bf880000,0x00000007c0000000)
 ParOldGen       total 69632K, used 36596K [0x0000000700000000, 0x0000000704400000, 0x00000007bc400000)
  object space 69632K, 52% used [0x0000000700000000,0x00000007023bd030,0x0000000704400000)
 Metaspace       used 34912K, capacity 35224K, committed 35456K, reserved 1079296K
  class space    used 4841K, capacity 4938K, committed 4992K, reserved 1048576K
}
Event: 6.316 GC heap before
{Heap before GC invocations=7 (full 2):
 PSYoungGen      total 53760K, used 7668K [0x00000007bc400000, 0x00000007c0000000, 0x00000007c0000000)
  eden space 46080K, 0% used [0x00000007bc400000,0x00000007bc400000,0x00000007bf100000)
  from space 7680K, 99% used [0x00000007bf100000,0x00000007bf87d020,0x00000007bf880000)
  to   space 7680K, 0% used [0x00000007bf880000,0x00000007bf880000,0x00000007c0000000)
 ParOldGen       total 69632K, used 36596K [0x0000000700000000, 0x0000000704400000, 0x00000007bc400000)
  object space 69632K, 52% used [0x0000000700000000,0x00000007023bd030,0x0000000704400000)
 Metaspace       used 34912K, capacity 35224K, committed 35456K, reserved 1079296K
  class space    used 4841K, capacity 4938K, committed 4992K, reserved 1048576K
Event: 6.361 GC heap after
Heap after GC invocations=7 (full 2):
 PSYoungGen      total 53760K, used 0K [0x00000007bc400000, 0x00000007c0000000, 0x00000007c0000000)
  eden space 46080K, 0% used [0x00000007bc400000,0x00000007bc400000,0x00000007bf100000)
  from space 7680K, 0% used [0x00000007bf100000,0x00000007bf100000,0x00000007bf880000)
  to   space 7680K, 0% used [0x00000007bf880000,0x00000007bf880000,0x00000007c0000000)
 ParOldGen       total 122880K, used 28785K [0x0000000700000000, 0x0000000707800000, 0x00000007bc400000)
  object space 122880K, 23% used [0x0000000700000000,0x0000000701c1c7b8,0x0000000707800000)
 Metaspace       used 34912K, capacity 35224K, committed 35456K, reserved 1079296K
  class space    used 4841K, capacity 4938K, committed 4992K, reserved 1048576K
}

Deoptimization events (10 events):
Event: 6.211 Thread 0x000001e58c6ee800 Uncommon trap: reason=bimorphic action=maybe_recompile pc=0x000001e58d32c7ac method=java.awt.Component.getBackground()Ljava/awt/Color; @ 21
Event: 6.212 Thread 0x000001e58c6ee800 Uncommon trap: reason=bimorphic action=maybe_recompile pc=0x000001e58d32c7ac method=java.awt.Component.getBackground()Ljava/awt/Color; @ 21
Event: 6.216 Thread 0x000001e58c6ee800 Uncommon trap: reason=bimorphic action=maybe_recompile pc=0x000001e58d32c7ac method=java.awt.Component.getBackground()Ljava/awt/Color; @ 21
Event: 6.217 Thread 0x000001e58c6ee800 Uncommon trap: reason=bimorphic action=maybe_recompile pc=0x000001e58d32c7ac method=java.awt.Component.getBackground()Ljava/awt/Color; @ 21
Event: 6.257 Thread 0x000001e58c6ee800 Uncommon trap: reason=unstable_if action=reinterpret pc=0x000001e58cbf88e0 method=java.awt.Component.setBackground(Ljava/awt/Color;)V @ 16
Event: 6.259 Thread 0x000001e58c6ee800 Uncommon trap: reason=unstable_if action=reinterpret pc=0x000001e58d4fb744 method=java.awt.Component.setBackground(Ljava/awt/Color;)V @ 16
Event: 6.273 Thread 0x000001e58c6ee800 Uncommon trap: reason=class_check action=maybe_recompile pc=0x000001e58d0089d8 method=java.util.Hashtable.put(Ljava/lang/Object;Ljava/lang/Object;)Ljava/lang/Object; @ 60
Event: 6.298 Thread 0x000001e58c6ee800 Uncommon trap: reason=class_check action=maybe_recompile pc=0x000001e58d2d6c84 method=java.awt.AWTEventMulticaster.removeInternal(Ljava/util/EventListener;Ljava/util/EventListener;)Ljava/util/EventListener; @ 19
Event: 6.374 Thread 0x000001e58c6ee800 Uncommon trap: reason=unstable_if action=reinterpret pc=0x000001e58d081e20 method=java.security.AccessControlContext.combine([Ljava/security/ProtectionDomain;[Ljava/security/ProtectionDomain;)[Ljava/security/ProtectionDomain; @ 151
Event: 6.384 Thread 0x000001e58c6ee800 Uncommon trap: reason=unstable_if action=reinterpret pc=0x000001e58d38e1d0 method=java.awt.KeyboardFocusManager.getFocusOwner()Ljava/awt/Component; @ 8

Internal exceptions (10 events):
Event: 2.978 Thread 0x000001e58c6ee800 Implicit null exception at 0x000001e58cda69cc to 0x000001e58cda6a11
Event: 2.978 Thread 0x000001e58c6ee800 Implicit null exception at 0x000001e58cdd4cd8 to 0x000001e58cdd4d66
Event: 3.041 Thread 0x000001e58c6ee800 Exception <a 'java/io/FileNotFoundException'> (0x00000007bc8109b8) thrown at [C:\re\workspace\8-2-build-windows-amd64-cygwin\jdk8u66\5298\hotspot\src\share\vm\prims\jni.cpp, line 709]
Event: 3.041 Thread 0x000001e58c6ee800 Exception <a 'java/lang/NullPointerException'> (0x00000007bc810ea8) thrown at [C:\re\workspace\8-2-build-windows-amd64-cygwin\jdk8u66\5298\hotspot\src\share\vm\interpreter\linkResolver.cpp, line 1178]
Event: 3.139 Thread 0x000001e58c6ee800 Exception <a 'java/io/FileNotFoundException'> (0x00000007bcc92450) thrown at [C:\re\workspace\8-2-build-windows-amd64-cygwin\jdk8u66\5298\hotspot\src\share\vm\prims\jni.cpp, line 709]
Event: 3.139 Thread 0x000001e58c6ee800 Exception <a 'java/lang/NullPointerException'> (0x00000007bcc92948) thrown at [C:\re\workspace\8-2-build-windows-amd64-cygwin\jdk8u66\5298\hotspot\src\share\vm\interpreter\linkResolver.cpp, line 1178]
Event: 3.172 Thread 0x000001e58c6ee800 Exception <a 'java/io/FileNotFoundException'> (0x00000007bccabf58) thrown at [C:\re\workspace\8-2-build-windows-amd64-cygwin\jdk8u66\5298\hotspot\src\share\vm\prims\jni.cpp, line 709]
Event: 3.185 Thread 0x000001e58c6ee800 Exception <a 'java/io/FileNotFoundException'> (0x00000007bccd1d78) thrown at [C:\re\workspace\8-2-build-windows-amd64-cygwin\jdk8u66\5298\hotspot\src\share\vm\prims\jni.cpp, line 709]
Event: 3.190 Thread 0x000001e58c6ee800 Exception <a 'java/io/FileNotFoundException'> (0x00000007bccea4c0) thrown at [C:\re\workspace\8-2-build-windows-amd64-cygwin\jdk8u66\5298\hotspot\src\share\vm\prims\jni.cpp, line 709]
Event: 5.401 Thread 0x000001e5a64ad800 Implicit null exception at 0x000001e58cfd148f to 0x000001e58cfd1965

Events (10 events):
Event: 6.394 Thread 0x000001e5a3ddc000 flushing nmethod 0x000001e58d2e9e90
Event: 6.394 Thread 0x000001e5a3ddc000 flushing nmethod 0x000001e58d329710
Event: 6.394 Thread 0x000001e5a3ddc000 flushing nmethod 0x000001e58d338d90
Event: 6.394 Thread 0x000001e5a3ddc000 flushing nmethod 0x000001e58d3455d0
Event: 6.395 Thread 0x000001e5a3d04800 flushing nmethod 0x000001e58d375090
Event: 6.395 Thread 0x000001e5a3d04800 flushing nmethod 0x000001e58d37a910
Event: 6.395 Thread 0x000001e5a3d04800 flushing nmethod 0x000001e58d37d050
Event: 6.395 Thread 0x000001e5a3d04800 flushing nmethod 0x000001e58d3bf510
Event: 6.395 Executing VM operation: RevokeBias
Event: 6.395 Executing VM operation: RevokeBias done


Dynamic libraries:
0x00007ff70b6b0000 - 0x00007ff70b6e0000 	D:\Vivado\2016.2\bin\unwrapped\win64.o\vivado.exe
0x00007fff2fd70000 - 0x00007fff2ff87000 	C:\WINDOWS\SYSTEM32\ntdll.dll
0x00007fff2e610000 - 0x00007fff2e6d4000 	C:\WINDOWS\System32\KERNEL32.DLL
0x00007fff2d450000 - 0x00007fff2d7fc000 	C:\WINDOWS\System32\KERNELBASE.dll
0x00007fff0ed60000 - 0x00007fff0ed73000 	D:\Vivado\2016.2\lib\win64.o\libboost_signals.dll
0x00007fff0eec0000 - 0x00007fff0ef67000 	C:\WINDOWS\SYSTEM32\MSVCP110.dll
0x00007fff0ede0000 - 0x00007fff0eeb4000 	C:\WINDOWS\SYSTEM32\MSVCR110.dll
0x00007fff0ed40000 - 0x00007fff0ed51000 	D:\Vivado\2016.2\lib\win64.o\librdi_commonmain.dll
0x000000000a900000 - 0x000000000a98d000 	D:\Vivado\2016.2\lib\win64.o\SHSMP64.dll
0x00007fff2ebb0000 - 0x00007fff2ed5e000 	C:\WINDOWS\System32\USER32.dll
0x00007fff2d280000 - 0x00007fff2d2a6000 	C:\WINDOWS\System32\win32u.dll
0x00007fff2f650000 - 0x00007fff2f679000 	C:\WINDOWS\System32\GDI32.dll
0x00007fff2d8f0000 - 0x00007fff2da09000 	C:\WINDOWS\System32\gdi32full.dll
0x00007fff2da10000 - 0x00007fff2daaa000 	C:\WINDOWS\System32\msvcp_win.dll
0x00007fff2d160000 - 0x00007fff2d271000 	C:\WINDOWS\System32\ucrtbase.dll
0x00007fff2f0a0000 - 0x00007fff2f152000 	C:\WINDOWS\System32\ADVAPI32.dll
0x00007fff2f690000 - 0x00007fff2f737000 	C:\WINDOWS\System32\msvcrt.dll
0x00007fff2e890000 - 0x00007fff2e93a000 	C:\WINDOWS\System32\sechost.dll
0x00007fff2d420000 - 0x00007fff2d448000 	C:\WINDOWS\System32\bcrypt.dll
0x00007fff2e9b0000 - 0x00007fff2eac5000 	C:\WINDOWS\System32\RPCRT4.dll
0x00007fff0ed10000 - 0x00007fff0ed34000 	D:\Vivado\2016.2\lib\win64.o\libboost_filesystem.dll
0x00007fff0ed00000 - 0x00007fff0ed09000 	D:\Vivado\2016.2\lib\win64.o\librdi_commonversion.dll
0x00007fff024c0000 - 0x00007fff02514000 	D:\Vivado\2016.2\lib\win64.o\librdi_commonxillic.dll
0x00007fff26040000 - 0x00007fff2604a000 	C:\WINDOWS\SYSTEM32\VERSION.dll
0x0000000058ea0000 - 0x0000000058fc7000 	D:\Vivado\2016.2\lib\win64.o\tcl85t.dll
0x00007fff2ed60000 - 0x00007fff2edd1000 	C:\WINDOWS\System32\WS2_32.dll
0x00007fff0ecf0000 - 0x00007fff0ecf9000 	D:\Vivado\2016.2\lib\win64.o\libboost_system.dll
0x00007ffeaf380000 - 0x00007ffeaf59f000 	D:\Vivado\2016.2\lib\win64.o\libXil_lmgr11.dll
0x00007fff2e510000 - 0x00007fff2e606000 	C:\WINDOWS\System32\COMDLG32.dll
0x00007fff2f2c0000 - 0x00007fff2f648000 	C:\WINDOWS\System32\combase.dll
0x00007fff2db50000 - 0x00007fff2dc44000 	C:\WINDOWS\System32\shcore.dll
0x00007fff2e940000 - 0x00007fff2e99e000 	C:\WINDOWS\System32\SHLWAPI.dll
0x00007fff2dc50000 - 0x00007fff2e4ac000 	C:\WINDOWS\System32\SHELL32.dll
0x00007fff2efa0000 - 0x00007fff2f077000 	C:\WINDOWS\System32\OLEAUT32.dll
0x00007fff2e6e0000 - 0x00007fff2e885000 	C:\WINDOWS\System32\ole32.dll
0x00007fff2d800000 - 0x00007fff2d86b000 	C:\WINDOWS\System32\WINTRUST.dll
0x00007fff2d2b0000 - 0x00007fff2d417000 	C:\WINDOWS\System32\CRYPT32.dll
0x00007ffead420000 - 0x00007ffead526000 	D:\Vivado\2016.2\lib\win64.o\libboost_regex.dll
0x00007fff19ea0000 - 0x00007fff19eb9000 	C:\WINDOWS\SYSTEM32\NETAPI32.dll
0x00007fff115f0000 - 0x00007fff116a3000 	C:\WINDOWS\WinSxS\amd64_microsoft.windows.common-controls_6595b64144ccf1df_5.82.22621.3527_none_b43b7f4b638cc64f\COMCTL32.dll
0x00007fff04250000 - 0x00007fff04259000 	C:\WINDOWS\SYSTEM32\WSOCK32.dll
0x00007ffeab460000 - 0x00007ffeabea0000 	D:\Vivado\2016.2\lib\win64.o\librdi_common.dll
0x00007fff2f820000 - 0x00007fff2f828000 	C:\WINDOWS\System32\PSAPI.DLL
0x00007ffeee740000 - 0x00007ffeee75d000 	D:\Vivado\2016.2\lib\win64.o\libboost_thread.dll
0x00007ffeafc20000 - 0x00007ffeafc97000 	D:\Vivado\2016.2\lib\win64.o\libboost_program_options.dll
0x00007fff03e60000 - 0x00007fff03e70000 	D:\Vivado\2016.2\lib\win64.o\libboost_date_time.dll
0x00007ffeab0f0000 - 0x00007ffeab45e000 	D:\Vivado\2016.2\lib\win64.o\libCOIN-all.dll
0x00007fff024b0000 - 0x00007fff024bb000 	D:\Vivado\2016.2\lib\win64.o\libboost_xilinx.dll
0x00007ffeaf680000 - 0x00007ffeaf700000 	D:\Vivado\2016.2\lib\win64.o\libhdlpsolve.dll
0x00007ffeaf2e0000 - 0x00007ffeaf37a000 	D:\Vivado\2016.2\lib\win64.o\libhdxml.dll
0x00007ffee7c00000 - 0x00007ffee7c2a000 	D:\Vivado\2016.2\lib\win64.o\libisl_sysinfo.dll
0x00007ffeeb8b0000 - 0x00007ffeeb8c5000 	D:\Vivado\2016.2\lib\win64.o\pthreadVC2.dll
0x00007ffead1a0000 - 0x00007ffead2d0000 	D:\Vivado\2016.2\lib\win64.o\librdi_curl.dll
0x00007ffee4b40000 - 0x00007ffee4b58000 	D:\Vivado\2016.2\lib\win64.o\librdiconfig.dll
0x0000000058610000 - 0x0000000058e99000 	D:\Vivado\2016.2\tps\win64\jre\bin\server\jvm.dll
0x00007fff12610000 - 0x00007fff12b04000 	C:\WINDOWS\SYSTEM32\WININET.dll
0x00007fff26ac0000 - 0x00007fff26bf6000 	C:\WINDOWS\SYSTEM32\WINHTTP.dll
0x00007fff1bbf0000 - 0x00007fff1bde0000 	C:\WINDOWS\SYSTEM32\urlmon.dll
0x00007ffedbeb0000 - 0x00007ffedbed3000 	D:\Vivado\2016.2\lib\win64.o\librdizlib.dll
0x00007ffedb2a0000 - 0x00007ffedb2c3000 	C:\WINDOWS\SYSTEM32\VCOMP110.DLL
0x00007fff26070000 - 0x00007fff260a4000 	C:\WINDOWS\SYSTEM32\WINMM.dll
0x0000000058530000 - 0x0000000058602000 	C:\WINDOWS\SYSTEM32\MSVCR100.dll
0x00007fff1b900000 - 0x00007fff1bbbe000 	C:\WINDOWS\SYSTEM32\iertutil.dll
0x00007fff1bbc0000 - 0x00007fff1bbe8000 	C:\WINDOWS\SYSTEM32\srvcli.dll
0x00007fff2bac0000 - 0x00007fff2bacc000 	C:\WINDOWS\SYSTEM32\netutils.dll
0x00007ffefb570000 - 0x00007ffefb57b000 	D:\Vivado\2016.2\lib\win64.o\libboost_chrono.dll
0x0000000012000000 - 0x0000000012263000 	D:\Vivado\2016.2\lib\win64.o\xerces-c_3_1.dll
0x00007ffeaac80000 - 0x00007ffeab0e5e00 	D:\Vivado\2016.2\lib\win64.o\libisl_iostreams.dll
0x00007ffee19f0000 - 0x00007ffee1a06000 	D:\Vivado\2016.2\lib\win64.o\libboost_iostreams.dll
0x00007ffebb520000 - 0x00007ffebb543000 	D:\Vivado\2016.2\lib\win64.o\libisl_iosutils.dll
0x00007fff2dab0000 - 0x00007fff2dae1000 	C:\WINDOWS\System32\IMM32.DLL
0x00007fff2cd30000 - 0x00007fff2cd42000 	C:\WINDOWS\SYSTEM32\MSASN1.dll
0x00007ffeaa860000 - 0x00007ffeaac7e000 	D:\Vivado\2016.2\lib\win64.o\librdi_commontasks.dll
0x00007fff2afa0000 - 0x00007fff2b897000 	C:\WINDOWS\SYSTEM32\windows.storage.dll
0x00007fff2ae60000 - 0x00007fff2af9f000 	C:\WINDOWS\SYSTEM32\wintypes.dll
0x00007ffea8c00000 - 0x00007ffeaa856000 	D:\Vivado\2016.2\lib\win64.o\librdi_tcltasks.dll
0x00007ffead060000 - 0x00007ffead19f000 	D:\Vivado\2016.2\lib\win64.o\librdi_board.dll
0x00007ffeaf120000 - 0x00007ffeaf17d000 	D:\Vivado\2016.2\lib\win64.o\librdi_boarddep.dll
0x00007ffea8980000 - 0x00007ffea8bf7000 	D:\Vivado\2016.2\lib\win64.o\librdi_bitstream.dll
0x00007ffea8760000 - 0x00007ffea8971000 	D:\Vivado\2016.2\lib\win64.o\librdi_chipscope.dll
0x00007ffea8670000 - 0x00007ffea8753000 	D:\Vivado\2016.2\lib\win64.o\librdi_containers.dll
0x00007ffea7400000 - 0x00007ffea866b000 	D:\Vivado\2016.2\lib\win64.o\librdi_constraints.dll
0x00007ffea3b90000 - 0x00007ffea73f7000 	D:\Vivado\2016.2\lib\win64.o\librdi_designutils.dll
0x00007ffea3970000 - 0x00007ffea3b90000 	D:\Vivado\2016.2\lib\win64.o\librdi_dlyest.dll
0x00007ffea3460000 - 0x00007ffea3963000 	D:\Vivado\2016.2\lib\win64.o\librdi_drc.dll
0x00007ffea33a0000 - 0x00007ffea3460000 	D:\Vivado\2016.2\lib\win64.o\librdi_dsp.dll
0x00007ffea3160000 - 0x00007ffea33a0000 	D:\Vivado\2016.2\lib\win64.o\librdi_guitools.dll
0x00007ffea2bd0000 - 0x00007ffea315d000 	D:\Vivado\2016.2\lib\win64.o\librdi_memdata.dll
0x00007ffe99d00000 - 0x00007ffea2bc1000 	D:\Vivado\2016.2\lib\win64.o\librdi_device.dll
0x00007ffe997b0000 - 0x00007ffe99cfa000 	D:\Vivado\2016.2\lib\win64.o\librdi_filemgmt.dll
0x00007ffe99370000 - 0x00007ffe997a4000 	D:\Vivado\2016.2\lib\win64.o\librdi_netlist.dll
0x00007ffeb4450000 - 0x00007ffeb448b000 	D:\Vivado\2016.2\lib\win64.o\librdi_pfi.dll
0x00007ffe98db0000 - 0x00007ffe99368000 	D:\Vivado\2016.2\lib\win64.o\librdi_power.dll
0x00007ffe97410000 - 0x00007ffe98dae000 	D:\Vivado\2016.2\lib\win64.o\librdi_place.dll
0x00007ffe96f90000 - 0x00007ffe9740d000 	D:\Vivado\2016.2\lib\win64.o\librdi_project.dll
0x00007ffe94480000 - 0x00007ffe96f83000 	D:\Vivado\2016.2\lib\win64.o\librdi_coregen.dll
0x00007ffe93fa0000 - 0x00007ffe94471000 	D:\Vivado\2016.2\lib\win64.o\librdi_psta.dll
0x00007ffe93360000 - 0x00007ffe93f96000 	D:\Vivado\2016.2\lib\win64.o\librdi_route.dll
0x00007ffead3c0000 - 0x00007ffead41b000 	D:\Vivado\2016.2\lib\win64.o\librdi_runsbase.dll
0x00007ffe93080000 - 0x00007ffe93356000 	D:\Vivado\2016.2\lib\win64.o\librdi_runs.dll
0x00007ffe92a90000 - 0x00007ffe93074000 	D:\Vivado\2016.2\lib\win64.o\librdi_rsb.dll
0x00007ffe92910000 - 0x00007ffe92a8d000 	D:\Vivado\2016.2\lib\win64.o\librdi_simdata.dll
0x00007ffeacff0000 - 0x00007ffead053000 	D:\Vivado\2016.2\lib\win64.o\liblmx6.0.dll
0x00007ffe92720000 - 0x00007ffe92910000 	D:\Vivado\2016.2\lib\win64.o\librdi_sio.dll
0x00007ffe91c90000 - 0x00007ffe9271e000 	D:\Vivado\2016.2\lib\win64.o\librdi_timing.dll
0x00007ffeaefc0000 - 0x00007ffeaf007000 	D:\Vivado\2016.2\lib\win64.o\libboost_serialization.dll
0x00007ffe91750000 - 0x00007ffe91c90000 	D:\Vivado\2016.2\lib\win64.o\librdi_xdm.dll
0x00007ffe916b0000 - 0x00007ffe91747000 	D:\Vivado\2016.2\lib\win64.o\libise.dll
0x00007ffeae940000 - 0x00007ffeae97a000 	D:\Vivado\2016.2\lib\win64.o\librdi_wavedata_SimpleApi.dll
0x00007ffe91300000 - 0x00007ffe916a1000 	D:\Vivado\2016.2\lib\win64.o\librdi_wavedata.dll
0x00007ffe912b0000 - 0x00007ffe912f3000 	D:\Vivado\2016.2\lib\win64.o\librdi_hdf.dll
0x00007ffe910b0000 - 0x00007ffe912a2000 	D:\Vivado\2016.2\lib\win64.o\librdi_hsm.dll
0x00007ffe90e20000 - 0x00007ffe910a1000 	D:\Vivado\2016.2\lib\win64.o\librdi_ippcw.dll
0x00007ffe90860000 - 0x00007ffe90e1c000 	D:\Vivado\2016.2\lib\win64.o\librdi_abc_nomp.dll
0x00007ffee1970000 - 0x00007ffee1989000 	D:\Vivado\2016.2\lib\win64.o\librdi_hmetis.dll
0x00007ffe8f020000 - 0x00007ffe90851000 	D:\Vivado\2016.2\lib\win64.o\librdi_mig.dll
0x00007ffe8e6a0000 - 0x00007ffe8f01f000 	D:\Vivado\2016.2\lib\win64.o\libverific.dll
0x00007ffe8e000000 - 0x00007ffe8e694000 	D:\Vivado\2016.2\lib\win64.o\librdi_labtools.dll
0x00007ffe8dfb0000 - 0x00007ffe8dffd000 	D:\Vivado\2016.2\lib\win64.o\librdi_projectbase.dll
0x00007fff2bb40000 - 0x00007fff2bb6d000 	C:\WINDOWS\SYSTEM32\IPHLPAPI.DLL
0x00007ffe8c5f0000 - 0x00007ffe8dfac000 	D:\Vivado\2016.2\lib\win64.o\librdi_synth.dll
0x00007ffe8c570000 - 0x00007ffe8c5ef000 	D:\Vivado\2016.2\lib\win64.o\librdi_simbridge_kernel.dll
0x00007ffe8c4b0000 - 0x00007ffe8c565000 	D:\Vivado\2016.2\lib\win64.o\librdi_hwh.dll
0x00007ffeafbf0000 - 0x00007ffeafc18000 	D:\Vivado\2016.2\lib\win64.o\librdi_commoncwebtalk.dll
0x00007ffeaf0f0000 - 0x00007ffeaf11a000 	D:\Vivado\2016.2\lib\win64.o\librdi_hcp.dll
0x00007ffedb230000 - 0x00007ffedb24f000 	D:\Vivado\2016.2\lib\win64.o\librdi_bmg.dll
0x00007ffe8c240000 - 0x00007ffe8c4a7000 	D:\Vivado\2016.2\lib\win64.o\librdi_xicom_hw.dll
0x00007ffe8bb80000 - 0x00007ffe8c233000 	D:\Vivado\2016.2\lib\win64.o\librdi_coregenipxact.dll

VM Arguments:
jvm_args: -Dsun.java2d.pmoffscreen=false -Dsun.java2d.d3d=false -Dsun.awt.nopixfmt=true -Xverify:none -Dswing.aatext=true -XX:-UsePerfData -Djdk.map.althashing.threshold=512 -XX:StringTableSize=4072 -XX:NewSize=60m -XX:MaxNewSize=60m -Xms128m -Xmx3072m -Xss5m 
java_command: <unknown>
java_class_path (initial): D:/Vivado/2016.2\lib\classes\alloy.jar;D:/Vivado/2016.2\lib\classes\batik-anim.jar;D:/Vivado/2016.2\lib\classes\batik-awt-util.jar;D:/Vivado/2016.2\lib\classes\batik-bridge.jar;D:/Vivado/2016.2\lib\classes\batik-codec.jar;D:/Vivado/2016.2\lib\classes\batik-css.jar;D:/Vivado/2016.2\lib\classes\batik-dom.jar;D:/Vivado/2016.2\lib\classes\batik-ext.jar;D:/Vivado/2016.2\lib\classes\batik-gui-util.jar;D:/Vivado/2016.2\lib\classes\batik-gvt.jar;D:/Vivado/2016.2\lib\classes\batik-parser.jar;D:/Vivado/2016.2\lib\classes\batik-script.jar;D:/Vivado/2016.2\lib\classes\batik-svg-dom.jar;D:/Vivado/2016.2\lib\classes\batik-swing.jar;D:/Vivado/2016.2\lib\classes\batik-transcoder.jar;D:/Vivado/2016.2\lib\classes\batik-util.jar;D:/Vivado/2016.2\lib\classes\batik-xml.jar;D:/Vivado/2016.2\lib\classes\commons-math-2.2.jar;D:/Vivado/2016.2\lib\classes\dom4j-1.6.1.jar;D:/Vivado/2016.2\lib\classes\forms.jar;D:/Vivado/2016.2\lib\classes\guava-18.0.jar;D:/Vivado/2016.2\lib\classes\help.jar;D:/Vivado/2016.2\lib\classes\hsqldb.jar;D:/Vivado/2016.2\lib\classes\jh.jar;D:/Vivado/2016.2\lib\classes\jide-action.jar;D:/Vivado/2016.2\lib\classes\jide-charts.jar;D:/Vivado/2016.2\lib\classes\jide-common.jar;D:/Vivado/2016.2\lib\classes\jide-components.jar;D:/Vivado/2016.2\lib\classes\jide-dashboard.jar;D:/Vivado/2016.2\lib\classes\jide-data.jar;D:/Vivado/2016.2\lib\classes\jide-dialogs.jar;D:/Vivado/2016.2\lib\classes\jide-diff.jar;D:/Vivado/2016.2\lib\classes\jide-dock.jar;D:/Vivado/2016.2\lib\classes\jide-editor.jar;D:/Vivado/2016.2\lib\classes\jide-gantt.jar;D:/Vivado/2016.2\lib\classes\jide-grids.jar;D:/Vivado/2016.2\lib\classes\jide-pivot.jar;D:/Vivado/2016.2\lib\classes\jide-plaf-jdk7.jar;D:/Vivado/2016.2\lib\classes\jide-properties.jar;D:/Vivado/2016.2\lib\classes\jide-shortcut.jar;D:/Vivado/2016.2\lib\classes\jide-treemap.jar;D:/Vivado/2016.2\lib\classes\jmi.jar;D:/Vivado/2016.2\lib\classes\jydocking.jar;D:/Vivado/2016.2\lib\classes\jytable.jar;D:/Vivado/2016.2\lib\
Launcher Type: generic

Environment Variables:
JAVA_HOME=D:\promgram files(x86)\java
CLASSPATH=.;D:\promgram files(x86)\java\lib\dt.jar;D:\promgram files(x86)\java\lib\tools.jar
PATH=D:/Vivado/2016.2/bin;D:/Vivado/2016.2/lib/win64.o;D:/Vivado/2016.2/tps/win64/jre/bin/server;D:/Vivado/2016.2/tps/win64/jre/bin;D:/Vivado/2016.2/ids_lite/ISE/bin/nt64;D:/Vivado/2016.2/ids_lite/ISE/lib/nt64;D:/Vivado_HLS/2016.2/bin;C:\Program Files\Common Files\Oracle\Java\javapath;D:\promgram files(x86)\python\Scripts\;D:\promgram files(x86)\python\;C:\Program Files (x86)\VMware\VMware Workstation\bin\;D:\opencv\build\x64\vc15\bin;C:\Windows;C:\Windows\System32\Wbem;C:\Windows\System32\WindowsPowerShell\v1.0\;C:\Windows\System32\OpenSSH\;C:\Program Files (x86)\NVIDIA Corporation\PhysX\Common;C:\Program Files\NVIDIA Corporation\NVIDIA NvDLISR;C:\WINDOWS\system32;%MYSQL_HOME%\bin;C:\ProgramData\anaconda3;C:\ProgramData\anaconda3\Scripts;C:\ProgramData\anaconda3\Library\mingw-w64\bin;C:\ProgramData\anaconda3\Library\usr\bin;C:\ProgramData\anaconda3\Library\bin;C:\Users\user\Downloads\x86_64-13.2.0-release-win32-seh-ucrt-rt_v11-rev0\mingw64\bin;D:\promgram files(x86)\vscode\mingw64\bin;C:\Program Files\Docker\Docker\resources\bin;D:\promgram files(x86)\java\bin;D:\promgram files(x86)\java\jre\bin;D:\promgram files(x86)\Scripts\;D:\promgram files(x86)\;C:\Program Files\MySQL\MySQL Shell 8.0\bin\;C:\Users\user\AppData\Local\Microsoft\WindowsApps;C:\Program Files\mingw-w64\x86_64-8.1.0-win32-seh-rt_v6-rev0;;D:\promgram files(x86)\pycharm\PyCharm Community Edition 2023.2.3\bin;D:\promgram files(x86)\vscode\Microsoft VS Code\bin
USERNAME=user
OS=Windows_NT
PROCESSOR_IDENTIFIER=Intel64 Family 6 Model 154 Stepping 3, GenuineIntel



---------------  S Y S T E M  ---------------

OS: Windows 10.0 , 64 bit Build 22621 (10.0.22621.3672)

CPU:total 20 (10 cores per cpu, 2 threads per core) family 6 model 154 stepping 3, cmov, cx8, fxsr, mmx, sse, sse2, sse3, ssse3, sse4.1, sse4.2, popcnt, avx, avx2, aes, clmul, erms, 3dnowpref, lzcnt, ht, tsc, tscinvbit, bmi1, bmi2, adx

Memory: 4k page, physical 16474616k(8743780k free), swap 20144632k(10440528k free)

vm_info: Java HotSpot(TM) 64-Bit Server VM (25.66-b18) for windows-amd64 JRE (1.8.0_66-b18), built on Nov  9 2015 10:51:13 by "java_re" with MS VC++ 10.0 (VS2010)

time: Wed Jul 10 14:09:10 2024
elapsed time: 6 seconds (0d 0h 0m 6s)

