#
# A fatal error has been detected by the Java Runtime Environment:
#
#  EXCEPTION_ACCESS_VIOLATION (0xc0000005) at pc=0x000000000a904c44, pid=14048, tid=412
#
# JRE version: Java(TM) SE Runtime Environment (8.0_66-b18) (build 1.8.0_66-b18)
# Java VM: Java HotSpot(TM) 64-Bit Server VM (25.66-b18 mixed mode windows-amd64 compressed oops)
# Problematic frame:
# C  [SHSMP64.dll+0x4c44]
#
# Failed to write core dump. Minidumps are not enabled by default on client versions of Windows
#
# If you would like to submit a bug report, please visit:
#   http://bugreport.java.com/bugreport/crash.jsp
# The crash happened outside the Java Virtual Machine in native code.
# See problematic frame for where to report the bug.
#

---------------  T H R E A D  ---------------

Current thread (0x000002078292c000):  JavaThread "Swing-Shell" daemon [_thread_in_native, id=412, stack(0x0000007f21d00000,0x0000007f22200000)]

siginfo: ExceptionCode=0xc0000005, reading address 0x0000020717790038

Registers:
RAX=0x0000020717790000, RBX=0x00007ffa46ca3610, RCX=0x000002071779fce0, RDX=0x00000207750198d0
RSP=0x0000007f221fec10, RBP=0x0000007f221fee10, RSI=0x0000000000000000, RDI=0x000002071779fce0
R8 =0x0000020774eb1b00, R9 =0x0000000000000001, R10=0xce709ee7125b9070, R11=0x0000007f221fec20
R12=0x0000000000000000, R13=0x00000207164c4178, R14=0x0000007f221ff2e0, R15=0x000002078292c000
RIP=0x000000000a904c44, EFLAGS=0x0000000000010206

Top of Stack: (sp=0x0000007f221fec10)
0x0000007f221fec10:   00007ffa46ca3610 0000000000000001
0x0000007f221fec20:   000002078292c000 0000007f221ff2e0
0x0000007f221fec30:   00000207ffffffff 0000000002071779
0x0000007f221fec40:   000000000a9346d0 00007ffa4988aff1
0x0000007f221fec50:   000002077f98f030 000000000a9178e1
0x0000007f221fec60:   000002071779fce0 0000000000000000
0x0000007f221fec70:   0000000000000000 0000000000000000
0x0000007f221fec80:   0000000000000000 00007ffa46f41e0f
0x0000007f221fec90:   0000007f221ff2e0 000000000a917bb3
0x0000007f221feca0:   000002071779fce0 0000007f221fee10
0x0000007f221fecb0:   0000000000000000 000002071779fce0
0x0000007f221fecc0:   0000000000000000 00007ffa46cb039c
0x0000007f221fecd0:   000002071779fce0 000002071779fce0
0x0000007f221fece0:   0000000000000000 0000000000000000
0x0000007f221fecf0:   000002071779fce0 00007ffa47ad7b21
0x0000007f221fed00:   0000000000000000 0000000000000007 

Instructions: (pc=0x000000000a904c44)
0x000000000a904c24:   c4 30 5f c3 cc cc cc cc cc cc cc cc 48 89 4c 24
0x000000000a904c34:   08 48 83 ec 48 48 8b 44 24 50 48 25 00 00 ff ff
0x000000000a904c44:   0f b7 40 38 25 f8 ff 00 00 3d d0 ca 00 00 74 16
0x000000000a904c54:   ba 0e 00 00 00 48 8b 4c 24 50 e8 5d 64 00 00 33 


Register to memory mapping:

RAX=0x0000020717790000 is an unknown value
RBX=0x00007ffa46ca3610 is an unknown value
RCX=0x000002071779fce0 is an unknown value
RDX=0x00000207750198d0 is an unknown value
RSP=0x0000007f221fec10 is pointing into the stack for thread: 0x000002078292c000
RBP=0x0000007f221fee10 is pointing into the stack for thread: 0x000002078292c000
RSI=0x0000000000000000 is an unknown value
RDI=0x000002071779fce0 is an unknown value
R8 =0x0000020774eb1b00 is an unknown value
R9 =0x0000000000000001 is an unknown value
R10=0xce709ee7125b9070 is an unknown value
R11=0x0000007f221fec20 is pointing into the stack for thread: 0x000002078292c000
R12=0x0000000000000000 is an unknown value
R13={method} {0x00000207164c4180} 'getLinkLocation' '(JJZ)J' in 'sun/awt/shell/Win32ShellFolder2'
R14=0x0000007f221ff2e0 is pointing into the stack for thread: 0x000002078292c000
R15=0x000002078292c000 is a thread


Stack: [0x0000007f21d00000,0x0000007f22200000],  sp=0x0000007f221fec10,  free space=5115k
Native frames: (J=compiled Java code, j=interpreted, Vv=VM code, C=native code)
C  [SHSMP64.dll+0x4c44]
C  [SHSMP64.dll+0x178e1]
C  [SHSMP64.dll+0x17bb3]
C  [ucrtbase.dll+0x2039c]
C  [shcore.dll+0x7b21]
C  [windows.storage.dll+0x95315]
C  [windows.storage.dll+0x17532d]
C  [windows.storage.dll+0x1751f4]
C  [windows.storage.dll+0x175199]
C  0x000000006f27a5fa
C  0x0000020700016f1b

Java frames: (J=compiled Java code, j=interpreted, Vv=VM code)
j  sun.awt.shell.Win32ShellFolder2.getLinkLocation(JJZ)J+0
j  sun.awt.shell.Win32ShellFolder2.access$1400(JJZ)J+4
j  sun.awt.shell.Win32ShellFolder2$11.call()Lsun/awt/shell/ShellFolder;+32
j  sun.awt.shell.Win32ShellFolder2$11.call()Ljava/lang/Object;+1
j  java.util.concurrent.FutureTask.run()V+42
j  java.util.concurrent.ThreadPoolExecutor.runWorker(Ljava/util/concurrent/ThreadPoolExecutor$Worker;)V+95
j  java.util.concurrent.ThreadPoolExecutor$Worker.run()V+5
j  sun.awt.shell.Win32ShellFolderManager2$ComInvoker$3.run()V+7
j  java.lang.Thread.run()V+11
v  ~StubRoutines::call_stub

---------------  P R O C E S S  ---------------

Java Threads: ( => current thread )
=>0x000002078292c000 JavaThread "Swing-Shell" daemon [_thread_in_native, id=412, stack(0x0000007f21d00000,0x0000007f22200000)]
  0x00000207827d0800 JavaThread "HFileChooser Load File & Folder Choosers Thread" [_thread_blocked, id=19668, stack(0x0000007f21800000,0x0000007f21d00000)]
  0x0000020781131000 JavaThread "Monitor File Timestamp" [_thread_blocked, id=11204, stack(0x0000007f21300000,0x0000007f21800000)]
  0x0000020781875800 JavaThread "Image Fetcher 1" daemon [_thread_blocked, id=18912, stack(0x0000007f20e00000,0x0000007f21300000)]
  0x00000207804fd800 JavaThread "Image Fetcher 0" daemon [_thread_blocked, id=21604, stack(0x0000007f1fa00000,0x0000007f1ff00000)]
  0x000002077a84e800 JavaThread "AWT-EventQueue-1" [_thread_in_native, id=21116, stack(0x0000007f20900000,0x0000007f20e00000)]
  0x000002077a84f800 JavaThread "Process Messages" [_thread_blocked, id=9384, stack(0x0000007f20400000,0x0000007f20900000)]
  0x000002077a2e2800 JavaThread "Thread-3" [_thread_blocked, id=21888, stack(0x0000007f19800000,0x0000007f1ac00000)]
  0x000002077fae4000 JavaThread "AWT-EventQueue-0" [_thread_blocked, id=13904, stack(0x0000007f1ff00000,0x0000007f20400000)]
  0x000002077d6b7800 JavaThread "AWT-Windows" daemon [_thread_in_native, id=7920, stack(0x0000007f1f500000,0x0000007f1fa00000)]
  0x000002077d691800 JavaThread "AWT-Shutdown" [_thread_blocked, id=18248, stack(0x0000007f1f000000,0x0000007f1f500000)]
  0x000002077d697800 JavaThread "Java2D Disposer" daemon [_thread_blocked, id=17944, stack(0x0000007f1eb00000,0x0000007f1f000000)]
  0x000002077d9e7800 JavaThread "TimerQueue" daemon [_thread_blocked, id=21264, stack(0x0000007f1e600000,0x0000007f1eb00000)]
  0x000002077ce51000 JavaThread "Service Thread" daemon [_thread_blocked, id=21528, stack(0x0000007f1e000000,0x0000007f1e500000)]
  0x000002077ce5a800 JavaThread "C1 CompilerThread11" daemon [_thread_blocked, id=13760, stack(0x0000007f1df00000,0x0000007f1e000000)]
  0x000002077ce5c000 JavaThread "C1 CompilerThread10" daemon [_thread_blocked, id=1668, stack(0x0000007f1de00000,0x0000007f1df00000)]
  0x000002077ce5e000 JavaThread "C1 CompilerThread9" daemon [_thread_blocked, id=17168, stack(0x0000007f1dd00000,0x0000007f1de00000)]
  0x000002077ce5f800 JavaThread "C1 CompilerThread8" daemon [_thread_blocked, id=15288, stack(0x0000007f1dc00000,0x0000007f1dd00000)]
  0x000002077cdf7800 JavaThread "C2 CompilerThread7" daemon [_thread_blocked, id=21556, stack(0x0000007f1db00000,0x0000007f1dc00000)]
  0x000002077cde1000 JavaThread "C2 CompilerThread6" daemon [_thread_blocked, id=20852, stack(0x0000007f1da00000,0x0000007f1db00000)]
  0x000002077c9a1000 JavaThread "C2 CompilerThread5" daemon [_thread_blocked, id=16084, stack(0x0000007f1d900000,0x0000007f1da00000)]
  0x000002077ce01000 JavaThread "C2 CompilerThread4" daemon [_thread_blocked, id=22160, stack(0x0000007f1d800000,0x0000007f1d900000)]
  0x000002077ce20800 JavaThread "C2 CompilerThread3" daemon [_thread_blocked, id=21616, stack(0x0000007f1d700000,0x0000007f1d800000)]
  0x000002077ce22000 JavaThread "C2 CompilerThread2" daemon [_thread_blocked, id=21980, stack(0x0000007f1d600000,0x0000007f1d700000)]
  0x000002077ce24000 JavaThread "C2 CompilerThread1" daemon [_thread_blocked, id=21884, stack(0x0000007f1d500000,0x0000007f1d600000)]
  0x000002077ce25800 JavaThread "C2 CompilerThread0" daemon [_thread_blocked, id=13704, stack(0x0000007f1d400000,0x0000007f1d500000)]
  0x000002077ce16000 JavaThread "Attach Listener" daemon [_thread_blocked, id=13080, stack(0x0000007f1cf00000,0x0000007f1d400000)]
  0x000002077ce17800 JavaThread "Signal Dispatcher" daemon [_thread_blocked, id=18120, stack(0x0000007f1ca00000,0x0000007f1cf00000)]
  0x000002077cd38800 JavaThread "Finalizer" daemon [_thread_blocked, id=22092, stack(0x0000007f1c500000,0x0000007f1ca00000)]
  0x000002077cd3a800 JavaThread "Reference Handler" daemon [_thread_blocked, id=7972, stack(0x0000007f1c000000,0x0000007f1c500000)]
  0x000002077a866800 JavaThread "main" [_thread_blocked, id=9720, stack(0x0000007f1af00000,0x0000007f1b000000)]

Other Threads:
  0x000002077cd3e000 VMThread [stack: 0x0000007f1bf00000,0x0000007f1c000000] [id=21844]
  0x000002077d3a5800 WatcherThread [stack: 0x0000007f1e500000,0x0000007f1e600000] [id=3952]

VM state:not at safepoint (normal execution)

VM Mutex/Monitor currently owned by a thread: None

Heap:
 PSYoungGen      total 53760K, used 9247K [0x00000007bc400000, 0x00000007c0000000, 0x00000007c0000000)
  eden space 46080K, 3% used [0x00000007bc400000,0x00000007bc58acf0,0x00000007bf100000)
  from space 7680K, 99% used [0x00000007bf100000,0x00000007bf87d020,0x00000007bf880000)
  to   space 7680K, 0% used [0x00000007bf880000,0x00000007bf880000,0x00000007c0000000)
 ParOldGen       total 99840K, used 36556K [0x0000000700000000, 0x0000000706180000, 0x00000007bc400000)
  object space 99840K, 36% used [0x0000000700000000,0x00000007023b31d8,0x0000000706180000)
 Metaspace       used 34996K, capacity 35348K, committed 35712K, reserved 1079296K
  class space    used 4859K, capacity 4938K, committed 4992K, reserved 1048576K

Card table byte_map: [0x000002077adc0000,0x000002077b3d0000] byte_map_base: 0x00000207775c0000

Marking Bits: (ParMarkBitMap*) 0x000000006ee1a5b0
 Begin Bits: [0x000002070f000000, 0x0000020712000000)
 End Bits:   [0x0000020712000000, 0x0000020715000000)

Polling page: 0x0000020776a80000

CodeCache: size=245760Kb used=14991Kb max_used=14998Kb free=230768Kb
 bounds [0x0000020700000000, 0x0000020700ec0000, 0x000002070f000000]
 total_blobs=4661 nmethods=3969 adapters=599
 compilation: enabled

Compilation events (10 events):
Event: 3.233 Thread 0x000002077ce5c000 nmethod 4031 0x0000020700ea17d0 code [0x0000020700ea1960, 0x0000020700ea1df0]
Event: 3.233 Thread 0x000002077ce5f800 nmethod 4033 0x0000020700ea1f50 code [0x0000020700ea20a0, 0x0000020700ea2198]
Event: 3.233 Thread 0x000002077ce5a800 nmethod 4029 0x0000020700ea2210 code [0x0000020700ea26c0, 0x0000020700ea5490]
Event: 3.233 Thread 0x000002077ce5a800 4034       3       java.awt.Component::repaint (11 bytes)
Event: 3.234 Thread 0x000002077ce5a800 nmethod 4034 0x0000020700ea6950 code [0x0000020700ea6ac0, 0x0000020700ea6d10]
Event: 3.237 Thread 0x000002077ce22000 nmethod 3948 0x0000020700eac110 code [0x0000020700eac3c0, 0x0000020700eae9c0]
Event: 3.245 Thread 0x000002077ce5a800 4036       3       java.util.concurrent.locks.AbstractQueuedSynchronizer::unparkSuccessor (84 bytes)
Event: 3.245 Thread 0x000002077ce5e000 4035   !   3       sun.awt.shell.Win32ShellFolder2::equals (185 bytes)
Event: 3.245 Thread 0x000002077ce5a800 nmethod 4036 0x0000020700eab810 code [0x0000020700eab9a0, 0x0000020700eabf10]
Event: 3.246 Thread 0x000002077ce5e000 nmethod 4035 0x0000020700ea8b50 code [0x0000020700ea8e60, 0x0000020700eaae80]

GC Heap History (10 events):
Event: 1.584 GC heap before
{Heap before GC invocations=2 (full 0):
 PSYoungGen      total 53760K, used 42656K [0x00000007bc400000, 0x00000007c0000000, 0x00000007c0000000)
  eden space 46080K, 75% used [0x00000007bc400000,0x00000007be6292a0,0x00000007bf100000)
  from space 7680K, 99% used [0x00000007bf100000,0x00000007bf87ed80,0x00000007bf880000)
  to   space 7680K, 0% used [0x00000007bf880000,0x00000007bf880000,0x00000007c0000000)
 ParOldGen       total 69632K, used 885K [0x0000000700000000, 0x0000000704400000, 0x00000007bc400000)
  object space 69632K, 1% used [0x0000000700000000,0x00000007000dd478,0x0000000704400000)
 Metaspace       used 20891K, capacity 21080K, committed 21296K, reserved 1069056K
  class space    used 2580K, capacity 2643K, committed 2688K, reserved 1048576K
Event: 1.592 GC heap after
Heap after GC invocations=2 (full 0):
 PSYoungGen      total 53760K, used 7669K [0x00000007bc400000, 0x00000007c0000000, 0x00000007c0000000)
  eden space 46080K, 0% used [0x00000007bc400000,0x00000007bc400000,0x00000007bf100000)
  from space 7680K, 99% used [0x00000007bf880000,0x00000007bfffd7a8,0x00000007c0000000)
  to   space 7680K, 0% used [0x00000007bf100000,0x00000007bf100000,0x00000007bf880000)
 ParOldGen       total 69632K, used 5889K [0x0000000700000000, 0x0000000704400000, 0x00000007bc400000)
  object space 69632K, 8% used [0x0000000700000000,0x00000007005c0598,0x0000000704400000)
 Metaspace       used 20891K, capacity 21080K, committed 21296K, reserved 1069056K
  class space    used 2580K, capacity 2643K, committed 2688K, reserved 1048576K
}
Event: 1.592 GC heap before
{Heap before GC invocations=3 (full 1):
 PSYoungGen      total 53760K, used 7669K [0x00000007bc400000, 0x00000007c0000000, 0x00000007c0000000)
  eden space 46080K, 0% used [0x00000007bc400000,0x00000007bc400000,0x00000007bf100000)
  from space 7680K, 99% used [0x00000007bf880000,0x00000007bfffd7a8,0x00000007c0000000)
  to   space 7680K, 0% used [0x00000007bf100000,0x00000007bf100000,0x00000007bf880000)
 ParOldGen       total 69632K, used 5889K [0x0000000700000000, 0x0000000704400000, 0x00000007bc400000)
  object space 69632K, 8% used [0x0000000700000000,0x00000007005c0598,0x0000000704400000)
 Metaspace       used 20891K, capacity 21080K, committed 21296K, reserved 1069056K
  class space    used 2580K, capacity 2643K, committed 2688K, reserved 1048576K
Event: 1.633 GC heap after
Heap after GC invocations=3 (full 1):
 PSYoungGen      total 53760K, used 0K [0x00000007bc400000, 0x00000007c0000000, 0x00000007c0000000)
  eden space 46080K, 0% used [0x00000007bc400000,0x00000007bc400000,0x00000007bf100000)
  from space 7680K, 0% used [0x00000007bf880000,0x00000007bf880000,0x00000007c0000000)
  to   space 7680K, 0% used [0x00000007bf100000,0x00000007bf100000,0x00000007bf880000)
 ParOldGen       total 99840K, used 12491K [0x0000000700000000, 0x0000000706180000, 0x00000007bc400000)
  object space 99840K, 12% used [0x0000000700000000,0x0000000700c32e38,0x0000000706180000)
 Metaspace       used 20891K, capacity 21080K, committed 21296K, reserved 1069056K
  class space    used 2580K, capacity 2643K, committed 2688K, reserved 1048576K
}
Event: 2.201 GC heap before
{Heap before GC invocations=4 (full 1):
 PSYoungGen      total 53760K, used 46080K [0x00000007bc400000, 0x00000007c0000000, 0x00000007c0000000)
  eden space 46080K, 100% used [0x00000007bc400000,0x00000007bf100000,0x00000007bf100000)
  from space 7680K, 0% used [0x00000007bf880000,0x00000007bf880000,0x00000007c0000000)
  to   space 7680K, 0% used [0x00000007bf100000,0x00000007bf100000,0x00000007bf880000)
 ParOldGen       total 99840K, used 12491K [0x0000000700000000, 0x0000000706180000, 0x00000007bc400000)
  object space 99840K, 12% used [0x0000000700000000,0x0000000700c32e38,0x0000000706180000)
 Metaspace       used 26711K, capacity 27045K, committed 27392K, reserved 1073152K
  class space    used 3388K, capacity 3486K, committed 3584K, reserved 1048576K
Event: 2.208 GC heap after
Heap after GC invocations=4 (full 1):
 PSYoungGen      total 53760K, used 7679K [0x00000007bc400000, 0x00000007c0000000, 0x00000007c0000000)
  eden space 46080K, 0% used [0x00000007bc400000,0x00000007bc400000,0x00000007bf100000)
  from space 7680K, 99% used [0x00000007bf100000,0x00000007bf87fda0,0x00000007bf880000)
  to   space 7680K, 0% used [0x00000007bf880000,0x00000007bf880000,0x00000007c0000000)
 ParOldGen       total 99840K, used 13520K [0x0000000700000000, 0x0000000706180000, 0x00000007bc400000)
  object space 99840K, 13% used [0x0000000700000000,0x0000000700d34290,0x0000000706180000)
 Metaspace       used 26711K, capacity 27045K, committed 27392K, reserved 1073152K
  class space    used 3388K, capacity 3486K, committed 3584K, reserved 1048576K
}
Event: 2.732 GC heap before
{Heap before GC invocations=5 (full 1):
 PSYoungGen      total 53760K, used 53759K [0x00000007bc400000, 0x00000007c0000000, 0x00000007c0000000)
  eden space 46080K, 100% used [0x00000007bc400000,0x00000007bf100000,0x00000007bf100000)
  from space 7680K, 99% used [0x00000007bf100000,0x00000007bf87fda0,0x00000007bf880000)
  to   space 7680K, 0% used [0x00000007bf880000,0x00000007bf880000,0x00000007c0000000)
 ParOldGen       total 99840K, used 13520K [0x0000000700000000, 0x0000000706180000, 0x00000007bc400000)
  object space 99840K, 13% used [0x0000000700000000,0x0000000700d34290,0x0000000706180000)
 Metaspace       used 30086K, capacity 30417K, committed 30848K, reserved 1075200K
  class space    used 4033K, capacity 4100K, committed 4224K, reserved 1048576K
Event: 2.738 GC heap after
Heap after GC invocations=5 (full 1):
 PSYoungGen      total 53760K, used 7652K [0x00000007bc400000, 0x00000007c0000000, 0x00000007c0000000)
  eden space 46080K, 0% used [0x00000007bc400000,0x00000007bc400000,0x00000007bf100000)
  from space 7680K, 99% used [0x00000007bf880000,0x00000007bfff9048,0x00000007c0000000)
  to   space 7680K, 0% used [0x00000007bf100000,0x00000007bf100000,0x00000007bf880000)
 ParOldGen       total 99840K, used 17924K [0x0000000700000000, 0x0000000706180000, 0x00000007bc400000)
  object space 99840K, 17% used [0x0000000700000000,0x0000000701181048,0x0000000706180000)
 Metaspace       used 30086K, capacity 30417K, committed 30848K, reserved 1075200K
  class space    used 4033K, capacity 4100K, committed 4224K, reserved 1048576K
}
Event: 3.210 GC heap before
{Heap before GC invocations=6 (full 1):
 PSYoungGen      total 53760K, used 38852K [0x00000007bc400000, 0x00000007c0000000, 0x00000007c0000000)
  eden space 46080K, 67% used [0x00000007bc400000,0x00000007be2782e0,0x00000007bf100000)
  from space 7680K, 99% used [0x00000007bf880000,0x00000007bfff9048,0x00000007c0000000)
  to   space 7680K, 0% used [0x00000007bf100000,0x00000007bf100000,0x00000007bf880000)
 ParOldGen       total 99840K, used 17924K [0x0000000700000000, 0x0000000706180000, 0x00000007bc400000)
  object space 99840K, 17% used [0x0000000700000000,0x0000000701181048,0x0000000706180000)
 Metaspace       used 34869K, capacity 35284K, committed 35712K, reserved 1079296K
  class space    used 4837K, capacity 4938K, committed 4992K, reserved 1048576K
Event: 3.223 GC heap after
Heap after GC invocations=6 (full 1):
 PSYoungGen      total 53760K, used 7668K [0x00000007bc400000, 0x00000007c0000000, 0x00000007c0000000)
  eden space 46080K, 0% used [0x00000007bc400000,0x00000007bc400000,0x00000007bf100000)
  from space 7680K, 99% used [0x00000007bf100000,0x00000007bf87d020,0x00000007bf880000)
  to   space 7680K, 0% used [0x00000007bf880000,0x00000007bf880000,0x00000007c0000000)
 ParOldGen       total 99840K, used 36556K [0x0000000700000000, 0x0000000706180000, 0x00000007bc400000)
  object space 99840K, 36% used [0x0000000700000000,0x00000007023b31d8,0x0000000706180000)
 Metaspace       used 34869K, capacity 35284K, committed 35712K, reserved 1079296K
  class space    used 4837K, capacity 4938K, committed 4992K, reserved 1048576K
}

Deoptimization events (10 events):
Event: 3.117 Thread 0x000002077a84e800 Uncommon trap: reason=class_check action=maybe_recompile pc=0x0000020700a1c8bc method=javax.swing.RepaintManager.addDirtyRegion0(Ljava/awt/Container;IIII)V @ 16
Event: 3.118 Thread 0x000002077a84e800 Uncommon trap: reason=bimorphic action=maybe_recompile pc=0x0000020700b945ac method=java.awt.Component.getBackground()Ljava/awt/Color; @ 21
Event: 3.119 Thread 0x000002077a84e800 Uncommon trap: reason=bimorphic action=maybe_recompile pc=0x0000020700b945ac method=java.awt.Component.getBackground()Ljava/awt/Color; @ 21
Event: 3.124 Thread 0x000002077a84e800 Uncommon trap: reason=unstable_if action=reinterpret pc=0x00000207005609a4 method=java.awt.Color.HSBtoRGB(FFF)I @ 11
Event: 3.124 Thread 0x000002077a84e800 Uncommon trap: reason=bimorphic action=maybe_recompile pc=0x0000020700b945ac method=java.awt.Component.getBackground()Ljava/awt/Color; @ 21
Event: 3.124 Thread 0x000002077a84e800 Uncommon trap: reason=bimorphic action=maybe_recompile pc=0x0000020700b945ac method=java.awt.Component.getBackground()Ljava/awt/Color; @ 21
Event: 3.142 Thread 0x000002077a84e800 Uncommon trap: reason=unstable_if action=reinterpret pc=0x0000020700d8d284 method=java.awt.Component.setBackground(Ljava/awt/Color;)V @ 16
Event: 3.163 Thread 0x000002077a84e800 Uncommon trap: reason=class_check action=maybe_recompile pc=0x000002070074a810 method=java.util.Hashtable.put(Ljava/lang/Object;Ljava/lang/Object;)Ljava/lang/Object; @ 60
Event: 3.224 Thread 0x000002077a84e800 Uncommon trap: reason=unstable_if action=reinterpret pc=0x000002070032c7e4 method=java.security.AccessControlContext.combine([Ljava/security/ProtectionDomain;[Ljava/security/ProtectionDomain;)[Ljava/security/ProtectionDomain; @ 151
Event: 3.233 Thread 0x000002077a84e800 Uncommon trap: reason=unstable_if action=reinterpret pc=0x0000020700bf9c90 method=java.awt.KeyboardFocusManager.getFocusOwner()Ljava/awt/Component; @ 8

Internal exceptions (10 events):
Event: 0.982 Thread 0x000002077a84e800 Implicit null exception at 0x00000207004e790c to 0x00000207004e7951
Event: 0.983 Thread 0x000002077a84e800 Implicit null exception at 0x0000020700505d98 to 0x0000020700505e26
Event: 1.006 Thread 0x000002077a84e800 Exception <a 'java/io/FileNotFoundException'> (0x00000007bc644110) thrown at [C:\re\workspace\8-2-build-windows-amd64-cygwin\jdk8u66\5298\hotspot\src\share\vm\prims\jni.cpp, line 709]
Event: 1.006 Thread 0x000002077a84e800 Exception <a 'java/lang/NullPointerException'> (0x00000007bc644600) thrown at [C:\re\workspace\8-2-build-windows-amd64-cygwin\jdk8u66\5298\hotspot\src\share\vm\interpreter\linkResolver.cpp, line 1178]
Event: 1.088 Thread 0x000002077a84e800 Exception <a 'java/io/FileNotFoundException'> (0x00000007bcbac278) thrown at [C:\re\workspace\8-2-build-windows-amd64-cygwin\jdk8u66\5298\hotspot\src\share\vm\prims\jni.cpp, line 709]
Event: 1.088 Thread 0x000002077a84e800 Exception <a 'java/lang/NullPointerException'> (0x00000007bcbac770) thrown at [C:\re\workspace\8-2-build-windows-amd64-cygwin\jdk8u66\5298\hotspot\src\share\vm\interpreter\linkResolver.cpp, line 1178]
Event: 1.095 Thread 0x000002077a84e800 Exception <a 'java/io/FileNotFoundException'> (0x00000007bcbc5d80) thrown at [C:\re\workspace\8-2-build-windows-amd64-cygwin\jdk8u66\5298\hotspot\src\share\vm\prims\jni.cpp, line 709]
Event: 1.108 Thread 0x000002077a84e800 Exception <a 'java/io/FileNotFoundException'> (0x00000007bccd2200) thrown at [C:\re\workspace\8-2-build-windows-amd64-cygwin\jdk8u66\5298\hotspot\src\share\vm\prims\jni.cpp, line 709]
Event: 1.113 Thread 0x000002077a84e800 Exception <a 'java/io/FileNotFoundException'> (0x00000007bccea948) thrown at [C:\re\workspace\8-2-build-windows-amd64-cygwin\jdk8u66\5298\hotspot\src\share\vm\prims\jni.cpp, line 709]
Event: 2.219 Thread 0x00000207804fd800 Implicit null exception at 0x00000207005bdf8e to 0x00000207005be465

Events (10 events):
Event: 3.233 Thread 0x000002077a84e800 DEOPT PACKING pc=0x0000020700bf9c90 sp=0x0000007f20dfcf40
Event: 3.233 Thread 0x000002077a84e800 DEOPT UNPACKING pc=0x0000020700045832 sp=0x0000007f20dfced8 mode 2
Event: 3.233 loading class com/jidesoft/docking/DefaultDockingManager$55$0
Event: 3.233 loading class com/jidesoft/docking/DefaultDockingManager$55$0 done
Event: 3.244 loading class sun/awt/shell/Win32ShellFolder2$18
Event: 3.244 loading class sun/awt/shell/Win32ShellFolder2$18 done
Event: 3.244 loading class sun/awt/shell/Win32ShellFolder2$ColumnComparator$1
Event: 3.244 loading class sun/awt/shell/Win32ShellFolder2$ColumnComparator$1 done
Event: 3.245 loading class sun/awt/shell/Win32ShellFolder2$11
Event: 3.245 loading class sun/awt/shell/Win32ShellFolder2$11 done


Dynamic libraries:
0x00007ff742a00000 - 0x00007ff742a30000 	D:\Vivado\2016.2\bin\unwrapped\win64.o\vivado.exe
0x00007ffa49850000 - 0x00007ffa49a67000 	C:\WINDOWS\SYSTEM32\ntdll.dll
0x00007ffa47e10000 - 0x00007ffa47ed4000 	C:\WINDOWS\System32\KERNEL32.DLL
0x00007ffa46f20000 - 0x00007ffa472cc000 	C:\WINDOWS\System32\KERNELBASE.dll
0x000000000a900000 - 0x000000000a98d000 	D:\Vivado\2016.2\lib\win64.o\SHSMP64.dll
0x00007ffa40130000 - 0x00007ffa40143000 	D:\Vivado\2016.2\lib\win64.o\libboost_signals.dll
0x00007ffa476f0000 - 0x00007ffa4789e000 	C:\WINDOWS\System32\USER32.dll
0x00007ff9cdf40000 - 0x00007ff9ce980000 	D:\Vivado\2016.2\lib\win64.o\librdi_common.dll
0x00007ffa3fff0000 - 0x00007ffa40001000 	D:\Vivado\2016.2\lib\win64.o\librdi_commonmain.dll
0x00007ffa47420000 - 0x00007ffa47446000 	C:\WINDOWS\System32\win32u.dll
0x00007ffa28710000 - 0x00007ffa287b7000 	C:\WINDOWS\SYSTEM32\MSVCP110.dll
0x00007ffa489c0000 - 0x00007ffa489e9000 	C:\WINDOWS\System32\GDI32.dll
0x00007ffa47e00000 - 0x00007ffa47e08000 	C:\WINDOWS\System32\PSAPI.DLL
0x00007ffa472d0000 - 0x00007ffa473e9000 	C:\WINDOWS\System32\gdi32full.dll
0x00007ffa48c20000 - 0x00007ffa4947c000 	C:\WINDOWS\System32\SHELL32.dll
0x00007ffa46b80000 - 0x00007ffa46c1a000 	C:\WINDOWS\System32\msvcp_win.dll
0x00007ffa01f70000 - 0x00007ffa02044000 	C:\WINDOWS\SYSTEM32\MSVCR110.dll
0x00007ffa46c90000 - 0x00007ffa46da1000 	C:\WINDOWS\System32\ucrtbase.dll
0x00007ffa47bd0000 - 0x00007ffa47c82000 	C:\WINDOWS\System32\ADVAPI32.dll
0x00007ffa47a20000 - 0x00007ffa47ac7000 	C:\WINDOWS\System32\msvcrt.dll
0x00007ffa47ee0000 - 0x00007ffa47f8a000 	C:\WINDOWS\System32\sechost.dll
0x00007ffa473f0000 - 0x00007ffa47418000 	C:\WINDOWS\System32\bcrypt.dll
0x00007ff9edd40000 - 0x00007ff9ee0ae000 	D:\Vivado\2016.2\lib\win64.o\libCOIN-all.dll
0x00007ffa01d50000 - 0x00007ffa01f6f000 	D:\Vivado\2016.2\lib\win64.o\libXil_lmgr11.dll
0x00007ffa48a10000 - 0x00007ffa48b25000 	C:\WINDOWS\System32\RPCRT4.dll
0x00007ffa475f0000 - 0x00007ffa476e6000 	C:\WINDOWS\System32\COMDLG32.dll
0x00007ffa49480000 - 0x00007ffa49808000 	C:\WINDOWS\System32\combase.dll
0x00007ffa47ad0000 - 0x00007ffa47bc4000 	C:\WINDOWS\System32\shcore.dll
0x00007ffa40120000 - 0x00007ffa40130000 	D:\Vivado\2016.2\lib\win64.o\libboost_date_time.dll
0x00007ffa48bc0000 - 0x00007ffa48c1e000 	C:\WINDOWS\System32\SHLWAPI.dll
0x00007ffa2d6c0000 - 0x00007ffa2d6e4000 	D:\Vivado\2016.2\lib\win64.o\libboost_filesystem.dll
0x00007ffa08910000 - 0x00007ffa08987000 	D:\Vivado\2016.2\lib\win64.o\libboost_program_options.dll
0x00007ffa01b20000 - 0x00007ffa01c26000 	D:\Vivado\2016.2\lib\win64.o\libboost_regex.dll
0x00007ffa47c90000 - 0x00007ffa47d67000 	C:\WINDOWS\System32\OLEAUT32.dll
0x00007ffa48630000 - 0x00007ffa487d5000 	C:\WINDOWS\System32\ole32.dll
0x00007ffa46c20000 - 0x00007ffa46c8b000 	C:\WINDOWS\System32\WINTRUST.dll
0x00007ffa46db0000 - 0x00007ffa46f17000 	C:\WINDOWS\System32\CRYPT32.dll
0x00007ffa3ffe0000 - 0x00007ffa3ffe9000 	D:\Vivado\2016.2\lib\win64.o\libboost_system.dll
0x00007ffa424b0000 - 0x00007ffa424b9000 	D:\Vivado\2016.2\lib\win64.o\librdi_commonversion.dll
0x00007ffa3fe40000 - 0x00007ffa3fe5d000 	D:\Vivado\2016.2\lib\win64.o\libboost_thread.dll
0x00007ffa3ffd0000 - 0x00007ffa3ffdb000 	D:\Vivado\2016.2\lib\win64.o\libboost_xilinx.dll
0x00007ffa1acc0000 - 0x00007ffa1ad14000 	D:\Vivado\2016.2\lib\win64.o\librdi_commonxillic.dll
0x000000006f4f0000 - 0x000000006f617000 	D:\Vivado\2016.2\lib\win64.o\tcl85t.dll
0x00007ffa47d70000 - 0x00007ffa47de1000 	C:\WINDOWS\System32\WS2_32.dll
0x00007ffa02aa0000 - 0x00007ffa02b20000 	D:\Vivado\2016.2\lib\win64.o\libhdlpsolve.dll
0x00007ffa01cb0000 - 0x00007ffa01d4a000 	D:\Vivado\2016.2\lib\win64.o\libhdxml.dll
0x00007ff9cdad0000 - 0x00007ff9cdf35e00 	D:\Vivado\2016.2\lib\win64.o\libisl_iostreams.dll
0x00007ffa28850000 - 0x00007ffa2887a000 	D:\Vivado\2016.2\lib\win64.o\libisl_sysinfo.dll
0x000000006e610000 - 0x000000006ee99000 	D:\Vivado\2016.2\tps\win64\jre\bin\server\jvm.dll
0x00007ffa28810000 - 0x00007ffa28825000 	D:\Vivado\2016.2\lib\win64.o\pthreadVC2.dll
0x00007ffa019a0000 - 0x00007ffa01ad0000 	D:\Vivado\2016.2\lib\win64.o\librdi_curl.dll
0x00007ffa286e0000 - 0x00007ffa28703000 	D:\Vivado\2016.2\lib\win64.o\librdizlib.dll
0x00007ffa287f0000 - 0x00007ffa28808000 	D:\Vivado\2016.2\lib\win64.o\librdiconfig.dll
0x0000000012000000 - 0x0000000012263000 	D:\Vivado\2016.2\lib\win64.o\xerces-c_3_1.dll
0x00007ffa2c660000 - 0x00007ffa2cb54000 	C:\WINDOWS\SYSTEM32\WININET.dll
0x00007ffa30af0000 - 0x00007ffa30ce0000 	C:\WINDOWS\SYSTEM32\urlmon.dll
0x00007ffa40cf0000 - 0x00007ffa40e26000 	C:\WINDOWS\SYSTEM32\WINHTTP.dll
0x00007ffa2d6b0000 - 0x00007ffa2d6b9000 	C:\WINDOWS\SYSTEM32\WSOCK32.dll
0x00007ffa1a950000 - 0x00007ffa1a973000 	C:\WINDOWS\SYSTEM32\VCOMP110.DLL
0x00007ffa2e6d0000 - 0x00007ffa2e6e9000 	C:\WINDOWS\SYSTEM32\NETAPI32.dll
0x00007ffa25d80000 - 0x00007ffa25e33000 	C:\WINDOWS\WinSxS\amd64_microsoft.windows.common-controls_6595b64144ccf1df_5.82.22621.3527_none_b43b7f4b638cc64f\COMCTL32.dll
0x00007ffa3f7d0000 - 0x00007ffa3f7da000 	C:\WINDOWS\SYSTEM32\VERSION.dll
0x00007ffa288c0000 - 0x00007ffa288cb000 	D:\Vivado\2016.2\lib\win64.o\libboost_chrono.dll
0x00007ffa22b80000 - 0x00007ffa22b96000 	D:\Vivado\2016.2\lib\win64.o\libboost_iostreams.dll
0x00007ffa1a8f0000 - 0x00007ffa1a913000 	D:\Vivado\2016.2\lib\win64.o\libisl_iosutils.dll
0x00007ffa3fe00000 - 0x00007ffa3fe34000 	C:\WINDOWS\SYSTEM32\WINMM.dll
0x000000006f410000 - 0x000000006f4e2000 	C:\WINDOWS\SYSTEM32\MSVCR100.dll
0x00007ffa30800000 - 0x00007ffa30abe000 	C:\WINDOWS\SYSTEM32\iertutil.dll
0x00007ffa30ac0000 - 0x00007ffa30ae8000 	C:\WINDOWS\SYSTEM32\srvcli.dll
0x00007ffa455a0000 - 0x00007ffa455ac000 	C:\WINDOWS\SYSTEM32\netutils.dll
0x00007ffa47990000 - 0x00007ffa479c1000 	C:\WINDOWS\System32\IMM32.DLL
0x00007ffa46810000 - 0x00007ffa46822000 	C:\WINDOWS\SYSTEM32\MSASN1.dll
0x00007ff9cd6b0000 - 0x00007ff9cdace000 	D:\Vivado\2016.2\lib\win64.o\librdi_commontasks.dll
0x00007ffa44a80000 - 0x00007ffa45377000 	C:\WINDOWS\SYSTEM32\windows.storage.dll
0x00007ffa44940000 - 0x00007ffa44a7f000 	C:\WINDOWS\SYSTEM32\wintypes.dll
0x00007ff9caec0000 - 0x00007ff9ccb16000 	D:\Vivado\2016.2\lib\win64.o\librdi_tcltasks.dll
0x00007ffa010e0000 - 0x00007ffa0121f000 	D:\Vivado\2016.2\lib\win64.o\librdi_board.dll
0x00007ff9ee1c0000 - 0x00007ff9ee437000 	D:\Vivado\2016.2\lib\win64.o\librdi_bitstream.dll
0x00007ffa1a1f0000 - 0x00007ffa1a24d000 	D:\Vivado\2016.2\lib\win64.o\librdi_boarddep.dll
0x00007ff9edb20000 - 0x00007ff9edd31000 	D:\Vivado\2016.2\lib\win64.o\librdi_chipscope.dll
0x00007ff9c5a40000 - 0x00007ff9c6cab000 	D:\Vivado\2016.2\lib\win64.o\librdi_constraints.dll
0x00007ffa012b0000 - 0x00007ffa01393000 	D:\Vivado\2016.2\lib\win64.o\librdi_containers.dll
0x00007ff9b9690000 - 0x00007ff9bc193000 	D:\Vivado\2016.2\lib\win64.o\librdi_coregen.dll
0x00007ff9c6cd0000 - 0x00007ff9ca537000 	D:\Vivado\2016.2\lib\win64.o\librdi_designutils.dll
0x00007ff9bcb70000 - 0x00007ff9c5a31000 	D:\Vivado\2016.2\lib\win64.o\librdi_device.dll
0x00007ff9cd490000 - 0x00007ff9cd6b0000 	D:\Vivado\2016.2\lib\win64.o\librdi_dlyest.dll
0x00007ff9ccf80000 - 0x00007ff9cd483000 	D:\Vivado\2016.2\lib\win64.o\librdi_drc.dll
0x00007ff9f75f0000 - 0x00007ff9f76b0000 	D:\Vivado\2016.2\lib\win64.o\librdi_dsp.dll
0x00007ff9ca970000 - 0x00007ff9caeba000 	D:\Vivado\2016.2\lib\win64.o\librdi_filemgmt.dll
0x00007ff9ccd40000 - 0x00007ff9ccf80000 	D:\Vivado\2016.2\lib\win64.o\librdi_guitools.dll
0x00007ff9bc5e0000 - 0x00007ff9bcb6d000 	D:\Vivado\2016.2\lib\win64.o\librdi_memdata.dll
0x00007ff9bc1a0000 - 0x00007ff9bc5d4000 	D:\Vivado\2016.2\lib\win64.o\librdi_netlist.dll
0x00007ffa18910000 - 0x00007ffa1894b000 	D:\Vivado\2016.2\lib\win64.o\librdi_pfi.dll
0x00007ff9b6190000 - 0x00007ff9b660d000 	D:\Vivado\2016.2\lib\win64.o\librdi_project.dll
0x00007ff9b7250000 - 0x00007ff9b7721000 	D:\Vivado\2016.2\lib\win64.o\librdi_psta.dll
0x00007ff9b7730000 - 0x00007ff9b90ce000 	D:\Vivado\2016.2\lib\win64.o\librdi_place.dll
0x00007ff9b90d0000 - 0x00007ff9b9688000 	D:\Vivado\2016.2\lib\win64.o\librdi_power.dll
0x00007ff9b6610000 - 0x00007ff9b7246000 	D:\Vivado\2016.2\lib\win64.o\librdi_route.dll
0x00007ff9b5ba0000 - 0x00007ff9b6184000 	D:\Vivado\2016.2\lib\win64.o\librdi_rsb.dll
0x00007ff9b58c0000 - 0x00007ff9b5b96000 	D:\Vivado\2016.2\lib\win64.o\librdi_runs.dll
0x00007ffa01810000 - 0x00007ffa0186b000 	D:\Vivado\2016.2\lib\win64.o\librdi_runsbase.dll
0x00007ff9ccbc0000 - 0x00007ff9ccd3d000 	D:\Vivado\2016.2\lib\win64.o\librdi_simdata.dll
0x00007ff9ca780000 - 0x00007ff9ca970000 	D:\Vivado\2016.2\lib\win64.o\librdi_sio.dll
0x00007ff9b48f0000 - 0x00007ff9b537e000 	D:\Vivado\2016.2\lib\win64.o\librdi_timing.dll
0x00007ffa01070000 - 0x00007ffa010d3000 	D:\Vivado\2016.2\lib\win64.o\liblmx6.0.dll
0x00007ff9b3b10000 - 0x00007ff9b448f000 	D:\Vivado\2016.2\lib\win64.o\libverific.dll
0x00007ffa00f80000 - 0x00007ffa00fc7000 	D:\Vivado\2016.2\lib\win64.o\libboost_serialization.dll
0x00007ff9aeef0000 - 0x00007ff9af5a3000 	D:\Vivado\2016.2\lib\win64.o\librdi_coregenipxact.dll
0x00007ff9b5380000 - 0x00007ff9b58c0000 	D:\Vivado\2016.2\lib\win64.o\librdi_xdm.dll
0x00007ff9ee7b0000 - 0x00007ff9ee847000 	D:\Vivado\2016.2\lib\win64.o\libise.dll
0x00007ff9b4540000 - 0x00007ff9b48e1000 	D:\Vivado\2016.2\lib\win64.o\librdi_wavedata.dll
0x00007ffa18780000 - 0x00007ffa187ba000 	D:\Vivado\2016.2\lib\win64.o\librdi_wavedata_SimpleApi.dll
0x00007ff9b3680000 - 0x00007ff9b3872000 	D:\Vivado\2016.2\lib\win64.o\librdi_hsm.dll
0x00007ffa00f30000 - 0x00007ffa00f73000 	D:\Vivado\2016.2\lib\win64.o\librdi_hdf.dll
0x00007ff9af820000 - 0x00007ff9afeb4000 	D:\Vivado\2016.2\lib\win64.o\librdi_labtools.dll
0x00007ff9b1880000 - 0x00007ff9b30b1000 	D:\Vivado\2016.2\lib\win64.o\librdi_mig.dll
0x00007ff9ee170000 - 0x00007ff9ee1bd000 	D:\Vivado\2016.2\lib\win64.o\librdi_projectbase.dll
0x00007ff9afec0000 - 0x00007ff9b187c000 	D:\Vivado\2016.2\lib\win64.o\librdi_synth.dll
0x00007ff9b30c0000 - 0x00007ff9b367c000 	D:\Vivado\2016.2\lib\win64.o\librdi_abc_nomp.dll
0x00007ffa19f10000 - 0x00007ffa19f29000 	D:\Vivado\2016.2\lib\win64.o\librdi_hmetis.dll
0x00007ff9b3880000 - 0x00007ff9b3b01000 	D:\Vivado\2016.2\lib\win64.o\librdi_ippcw.dll
0x00007ff9eda60000 - 0x00007ff9edb15000 	D:\Vivado\2016.2\lib\win64.o\librdi_hwh.dll
0x00007ffa45620000 - 0x00007ffa4564d000 	C:\WINDOWS\SYSTEM32\IPHLPAPI.DLL
0x00007ff9cf1b0000 - 0x00007ff9cf22f000 	D:\Vivado\2016.2\lib\win64.o\librdi_simbridge_kernel.dll
0x00007ffa10520000 - 0x00007ffa10548000 	D:\Vivado\2016.2\lib\win64.o\librdi_commoncwebtalk.dll
0x00007ffa105e0000 - 0x00007ffa1060a000 	D:\Vivado\2016.2\lib\win64.o\librdi_hcp.dll
0x00007ff9af5b0000 - 0x00007ff9af817000 	D:\Vivado\2016.2\lib\win64.o\librdi_xicom_hw.dll
0x00007ffa182e0000 - 0x00007ffa182ff000 	D:\Vivado\2016.2\lib\win64.o\librdi_bmg.dll

VM Arguments:
jvm_args: -Dsun.java2d.pmoffscreen=false -Dsun.java2d.d3d=false -Dsun.awt.nopixfmt=true -Xverify:none -Dswing.aatext=true -XX:-UsePerfData -Djdk.map.althashing.threshold=512 -XX:StringTableSize=4072 -XX:NewSize=60m -XX:MaxNewSize=60m -Xms128m -Xmx3072m -Xss5m 
java_command: <unknown>
java_class_path (initial): D:/Vivado/2016.2\lib\classes\alloy.jar;D:/Vivado/2016.2\lib\classes\batik-anim.jar;D:/Vivado/2016.2\lib\classes\batik-awt-util.jar;D:/Vivado/2016.2\lib\classes\batik-bridge.jar;D:/Vivado/2016.2\lib\classes\batik-codec.jar;D:/Vivado/2016.2\lib\classes\batik-css.jar;D:/Vivado/2016.2\lib\classes\batik-dom.jar;D:/Vivado/2016.2\lib\classes\batik-ext.jar;D:/Vivado/2016.2\lib\classes\batik-gui-util.jar;D:/Vivado/2016.2\lib\classes\batik-gvt.jar;D:/Vivado/2016.2\lib\classes\batik-parser.jar;D:/Vivado/2016.2\lib\classes\batik-script.jar;D:/Vivado/2016.2\lib\classes\batik-svg-dom.jar;D:/Vivado/2016.2\lib\classes\batik-swing.jar;D:/Vivado/2016.2\lib\classes\batik-transcoder.jar;D:/Vivado/2016.2\lib\classes\batik-util.jar;D:/Vivado/2016.2\lib\classes\batik-xml.jar;D:/Vivado/2016.2\lib\classes\commons-math-2.2.jar;D:/Vivado/2016.2\lib\classes\dom4j-1.6.1.jar;D:/Vivado/2016.2\lib\classes\forms.jar;D:/Vivado/2016.2\lib\classes\guava-18.0.jar;D:/Vivado/2016.2\lib\classes\help.jar;D:/Vivado/2016.2\lib\classes\hsqldb.jar;D:/Vivado/2016.2\lib\classes\jh.jar;D:/Vivado/2016.2\lib\classes\jide-action.jar;D:/Vivado/2016.2\lib\classes\jide-charts.jar;D:/Vivado/2016.2\lib\classes\jide-common.jar;D:/Vivado/2016.2\lib\classes\jide-components.jar;D:/Vivado/2016.2\lib\classes\jide-dashboard.jar;D:/Vivado/2016.2\lib\classes\jide-data.jar;D:/Vivado/2016.2\lib\classes\jide-dialogs.jar;D:/Vivado/2016.2\lib\classes\jide-diff.jar;D:/Vivado/2016.2\lib\classes\jide-dock.jar;D:/Vivado/2016.2\lib\classes\jide-editor.jar;D:/Vivado/2016.2\lib\classes\jide-gantt.jar;D:/Vivado/2016.2\lib\classes\jide-grids.jar;D:/Vivado/2016.2\lib\classes\jide-pivot.jar;D:/Vivado/2016.2\lib\classes\jide-plaf-jdk7.jar;D:/Vivado/2016.2\lib\classes\jide-properties.jar;D:/Vivado/2016.2\lib\classes\jide-shortcut.jar;D:/Vivado/2016.2\lib\classes\jide-treemap.jar;D:/Vivado/2016.2\lib\classes\jmi.jar;D:/Vivado/2016.2\lib\classes\jydocking.jar;D:/Vivado/2016.2\lib\classes\jytable.jar;D:/Vivado/2016.2\lib\
Launcher Type: generic

Environment Variables:
JAVA_HOME=D:\promgram files(x86)\java
CLASSPATH=.;D:\promgram files(x86)\java\lib\dt.jar;D:\promgram files(x86)\java\lib\tools.jar
PATH=D:/Vivado/2016.2/bin;D:/Vivado/2016.2/lib/win64.o;D:/Vivado/2016.2/tps/win64/jre/bin/server;D:/Vivado/2016.2/tps/win64/jre/bin;D:/Vivado/2016.2/ids_lite/ISE/bin/nt64;D:/Vivado/2016.2/ids_lite/ISE/lib/nt64;D:/Vivado_HLS/2016.2/bin;C:\Program Files\Common Files\Oracle\Java\javapath;D:\promgram files(x86)\python\Scripts\;D:\promgram files(x86)\python\;C:\Program Files (x86)\VMware\VMware Workstation\bin\;D:\opencv\build\x64\vc15\bin;C:\Windows;C:\Windows\System32\Wbem;C:\Windows\System32\WindowsPowerShell\v1.0\;C:\Windows\System32\OpenSSH\;C:\Program Files (x86)\NVIDIA Corporation\PhysX\Common;C:\Program Files\NVIDIA Corporation\NVIDIA NvDLISR;C:\WINDOWS\system32;%MYSQL_HOME%\bin;C:\ProgramData\anaconda3;C:\ProgramData\anaconda3\Scripts;C:\ProgramData\anaconda3\Library\mingw-w64\bin;C:\ProgramData\anaconda3\Library\usr\bin;C:\ProgramData\anaconda3\Library\bin;C:\Users\user\Downloads\x86_64-13.2.0-release-win32-seh-ucrt-rt_v11-rev0\mingw64\bin;D:\promgram files(x86)\vscode\mingw64\bin;C:\Program Files\Docker\Docker\resources\bin;D:\promgram files(x86)\java\bin;D:\promgram files(x86)\java\jre\bin;D:\promgram files(x86)\Scripts\;D:\promgram files(x86)\;C:\Program Files\MySQL\MySQL Shell 8.0\bin\;C:\Users\user\AppData\Local\Microsoft\WindowsApps;C:\Program Files\mingw-w64\x86_64-8.1.0-win32-seh-rt_v6-rev0;;D:\promgram files(x86)\pycharm\PyCharm Community Edition 2023.2.3\bin;D:\promgram files(x86)\vscode\Microsoft VS Code\bin
USERNAME=user
OS=Windows_NT
PROCESSOR_IDENTIFIER=Intel64 Family 6 Model 154 Stepping 3, GenuineIntel



---------------  S Y S T E M  ---------------

OS: Windows 10.0 , 64 bit Build 22621 (10.0.22621.3672)

CPU:total 20 (10 cores per cpu, 2 threads per core) family 6 model 154 stepping 3, cmov, cx8, fxsr, mmx, sse, sse2, sse3, ssse3, sse4.1, sse4.2, popcnt, avx, avx2, aes, clmul, erms, 3dnowpref, lzcnt, ht, tsc, tscinvbit, bmi1, bmi2, adx

Memory: 4k page, physical 16474616k(7052436k free), swap 20144632k(7284232k free)

vm_info: Java HotSpot(TM) 64-Bit Server VM (25.66-b18) for windows-amd64 JRE (1.8.0_66-b18), built on Nov  9 2015 10:51:13 by "java_re" with MS VC++ 10.0 (VS2010)

time: Thu Jul 11 10:27:09 2024
elapsed time: 3 seconds (0d 0h 0m 3s)

