#-----------------------------------------------------------
# Vivado v2016.2 (64-bit)
# SW Build 1577090 on Thu Jun  2 16:32:40 MDT 2016
# IP Build 1577682 on Fri Jun  3 12:00:54 MDT 2016
# Start of session at: Thu Oct 31 21:43:19 2024
# Process ID: 27896
# Current directory: D:/大二下所有文件/作业/计组verilog/CPU54
# Command line: vivado.exe -gui_launcher_event rodinguilauncherevent27316 D:\大二下所有文件\作业\计组verilog\CPU54\CPU54.xpr
# Log file: D:/大二下所有文件/作业/计组verilog/CPU54/vivado.log
# Journal file: D:/大二下所有文件/作业/计组verilog/CPU54\vivado.jou
#-----------------------------------------------------------
start_gui
open_project D:/大二下所有文件/作业/计组verilog/CPU54/CPU54.xpr
CRITICAL WARNING: [Project 1-19] Could not find the file 'D:/大二下所有文件/作业/计组verilog/EggDrop.coe'.
Scanning sources...
Finished scanning sources
INFO: [IP_Flow 19-234] Refreshing IP repositories
INFO: [IP_Flow 19-1704] No user IP repositories specified
INFO: [IP_Flow 19-2313] Loaded Vivado IP repository 'D:/Vivado/2016.2/data/ip'.
update_compile_order -fileset sources_1
exit
INFO: [Common 17-206] Exiting Vivado at Fri Nov 01 00:00:27 2024...
