#-----------------------------------------------------------
# Vivado v2016.2 (64-bit)
# SW Build 1577090 on Thu Jun  2 16:32:40 MDT 2016
# IP Build 1577682 on Fri Jun  3 12:00:54 MDT 2016
# Start of session at: Mon Jul 15 18:43:34 2024
# Process ID: 8376
# Current directory: D:/CPU54
# Command line: vivado.exe -gui_launcher_event rodinguilauncherevent15308 D:\CPU54\CPU54.xpr
# Log file: D:/CPU54/vivado.log
# Journal file: D:/CPU54\vivado.jou
#-----------------------------------------------------------
start_gui
open_project D:/CPU54/CPU54.xpr
Scanning sources...
Finished scanning sources
INFO: [IP_Flow 19-234] Refreshing IP repositories
INFO: [IP_Flow 19-1704] No user IP repositories specified
INFO: [IP_Flow 19-2313] Loaded Vivado IP repository 'D:/Vivado/2016.2/data/ip'.
open_project: Time (s): cpu = 00:00:02 ; elapsed = 00:00:05 . Memory (MB): peak = 861.266 ; gain = 192.941
update_compile_order -fileset sources_1
launch_simulation
INFO: [USF-XSim-27] Simulation object is 'sim_1'
INFO: [USF-XSim-37] Inspecting design source files for 'cpu_tb' in fileset 'sim_1'...
INFO: [USF-XSim-25] Exported 'D:/CPU54/CPU54.sim/sim_1/behav/dist_mem_gen_0.mif'
INFO: [USF-XSim-25] Exported 'D:/CPU54/CPU54.sim/sim_1/behav/EggDrop.coe'
INFO: [USF-XSim-25] Exported 'D:/CPU54/CPU54.sim/sim_1/behav/test.coe'
INFO: [USF-XSim-97] Finding global include files...
INFO: [USF-XSim-98] Fetching design files from 'sim_1'...
INFO: [USF-XSim-2] XSim::Compile design
INFO: [USF-XSim-61] Executing 'COMPILE and ANALYZE' step in 'D:/CPU54/CPU54.sim/sim_1/behav'
"xvlog -m64 --relax -prj cpu_tb_vlog.prj"
INFO: [VRFC 10-2263] Analyzing Verilog file "D:/CPU54/CPU54.ip_user_files/ipstatic/dist_mem_gen_v8_0_10/simulation/dist_mem_gen_v8_0.v" into library dist_mem_gen_v8_0_10
INFO: [VRFC 10-311] analyzing module dist_mem_gen_v8_0_10
INFO: [VRFC 10-2263] Analyzing Verilog file "D:/CPU54/CPU54.srcs/sources_1/ip/dist_mem_gen_0/sim/dist_mem_gen_0.v" into library xil_defaultlib
INFO: [VRFC 10-311] analyzing module dist_mem_gen_0
INFO: [VRFC 10-2263] Analyzing Verilog file "D:/CPU54/CPU54.srcs/sources_1/new/CLZ.v" into library xil_defaultlib
INFO: [VRFC 10-311] analyzing module CLZ
INFO: [VRFC 10-2263] Analyzing Verilog file "D:/CPU54/CPU54.srcs/sources_1/new/Decoder.v" into library xil_defaultlib
INFO: [VRFC 10-311] analyzing module Decoder
INFO: [VRFC 10-2263] Analyzing Verilog file "D:/CPU54/CPU54.srcs/sources_1/new/Controler.v" into library xil_defaultlib
INFO: [VRFC 10-311] analyzing module Controler
INFO: [VRFC 10-2263] Analyzing Verilog file "D:/CPU54/CPU54.srcs/sources_1/new/ALU.v" into library xil_defaultlib
INFO: [VRFC 10-311] analyzing module ALU
INFO: [VRFC 10-2263] Analyzing Verilog file "D:/CPU54/CPU54.srcs/sources_1/new/regfile.v" into library xil_defaultlib
INFO: [VRFC 10-311] analyzing module regfile
INFO: [VRFC 10-2263] Analyzing Verilog file "D:/CPU54/CPU54.srcs/sources_1/new/PC.v" into library xil_defaultlib
INFO: [VRFC 10-311] analyzing module PC
INFO: [VRFC 10-2263] Analyzing Verilog file "D:/CPU54/CPU54.srcs/sources_1/new/CP0.v" into library xil_defaultlib
INFO: [VRFC 10-311] analyzing module CP0
INFO: [VRFC 10-2263] Analyzing Verilog file "D:/CPU54/CPU54.srcs/sources_1/new/MUL.v" into library xil_defaultlib
INFO: [VRFC 10-311] analyzing module MUL
INFO: [VRFC 10-2263] Analyzing Verilog file "D:/CPU54/CPU54.srcs/sources_1/new/DIV.v" into library xil_defaultlib
INFO: [VRFC 10-311] analyzing module DIV
INFO: [VRFC 10-2263] Analyzing Verilog file "D:/CPU54/CPU54.srcs/sources_1/new/MUX.v" into library xil_defaultlib
INFO: [VRFC 10-311] analyzing module MUX
INFO: [VRFC 10-2263] Analyzing Verilog file "D:/CPU54/CPU54.srcs/sources_1/new/HI_LO.v" into library xil_defaultlib
INFO: [VRFC 10-311] analyzing module HI_LO
INFO: [VRFC 10-2263] Analyzing Verilog file "D:/CPU54/CPU54.srcs/sources_1/new/seg7x16.v" into library xil_defaultlib
INFO: [VRFC 10-311] analyzing module seg7x16
INFO: [VRFC 10-2263] Analyzing Verilog file "D:/CPU54/CPU54.srcs/sources_1/new/IMEM.v" into library xil_defaultlib
INFO: [VRFC 10-311] analyzing module IMEM
INFO: [VRFC 10-2263] Analyzing Verilog file "D:/CPU54/CPU54.srcs/sources_1/new/DMEM.v" into library xil_defaultlib
INFO: [VRFC 10-311] analyzing module DMEM
INFO: [VRFC 10-2263] Analyzing Verilog file "D:/CPU54/CPU54.srcs/sources_1/new/Divider.v" into library xil_defaultlib
INFO: [VRFC 10-311] analyzing module Divider
INFO: [VRFC 10-2263] Analyzing Verilog file "D:/CPU54/CPU54.srcs/sources_1/new/cpu.v" into library xil_defaultlib
INFO: [VRFC 10-311] analyzing module cpu
INFO: [VRFC 10-2263] Analyzing Verilog file "D:/CPU54/CPU54.srcs/sources_1/new/sccomp_dataflow.v" into library xil_defaultlib
INFO: [VRFC 10-311] analyzing module sccomp_dataflow
INFO: [VRFC 10-2458] undeclared symbol pc, assumed default net type wire [D:/CPU54/CPU54.srcs/sources_1/new/sccomp_dataflow.v:54]
INFO: [VRFC 10-2458] undeclared symbol inst, assumed default net type wire [D:/CPU54/CPU54.srcs/sources_1/new/sccomp_dataflow.v:55]
INFO: [VRFC 10-2458] undeclared symbol clk_cpu, assumed default net type wire [D:/CPU54/CPU54.srcs/sources_1/new/sccomp_dataflow.v:65]
INFO: [VRFC 10-2263] Analyzing Verilog file "D:/CPU54/CPU54.srcs/sim_1/new/cpu_tb.v" into library xil_defaultlib
INFO: [VRFC 10-311] analyzing module cpu_tb
INFO: [VRFC 10-2263] Analyzing Verilog file "D:/CPU54/CPU54.sim/sim_1/behav/glbl.v" into library xil_defaultlib
INFO: [VRFC 10-311] analyzing module glbl
INFO: [USF-XSim-69] 'compile' step finished in '1' seconds
INFO: [USF-XSim-3] XSim::Elaborate design
INFO: [USF-XSim-61] Executing 'ELABORATE' step in 'D:/CPU54/CPU54.sim/sim_1/behav'
Vivado Simulator 2016.2
Copyright 1986-1999, 2001-2016 Xilinx, Inc. All Rights Reserved.
Running: D:/Vivado/2016.2/bin/unwrapped/win64.o/xelab.exe -wto df18b9b47f8a44c18686a8b00f0e57e8 --debug typical --relax --mt 2 -L dist_mem_gen_v8_0_10 -L xil_defaultlib -L unisims_ver -L unimacro_ver -L secureip --snapshot cpu_tb_behav xil_defaultlib.cpu_tb xil_defaultlib.glbl -log elaborate.log 
Using 2 slave threads.
Starting static elaboration
Completed static elaboration
Starting simulation data flow analysis
Completed simulation data flow analysis
Time Resolution for simulation is 1ps
Compiling module dist_mem_gen_v8_0_10.dist_mem_gen_v8_0_10(C_FAMILY="a...
Compiling module xil_defaultlib.dist_mem_gen_0
Compiling module xil_defaultlib.IMEM
Compiling module xil_defaultlib.DMEM
Compiling module xil_defaultlib.Decoder
Compiling module xil_defaultlib.Controler
Compiling module xil_defaultlib.ALU
Compiling module xil_defaultlib.regfile
Compiling module xil_defaultlib.PC
Compiling module xil_defaultlib.HI_LO
Compiling module xil_defaultlib.MUX
Compiling module xil_defaultlib.DIV
Compiling module xil_defaultlib.MUL
Compiling module xil_defaultlib.CP0
Compiling module xil_defaultlib.CLZ
Compiling module xil_defaultlib.cpu
Compiling module xil_defaultlib.seg7x16
Compiling module xil_defaultlib.Divider
Compiling module xil_defaultlib.sccomp_dataflow
Compiling module xil_defaultlib.cpu_tb
Compiling module xil_defaultlib.glbl
Built simulation snapshot cpu_tb_behav

****** Webtalk v2016.2 (64-bit)
  **** SW Build 1577090 on Thu Jun  2 16:32:40 MDT 2016
  **** IP Build 1577682 on Fri Jun  3 12:00:54 MDT 2016
    ** Copyright 1986-2016 Xilinx, Inc. All Rights Reserved.

source D:/CPU54/CPU54.sim/sim_1/behav/xsim.dir/cpu_tb_behav/webtalk/xsim_webtalk.tcl -notrace
INFO: [Common 17-206] Exiting Webtalk at Mon Jul 15 18:44:31 2024...
INFO: [USF-XSim-69] 'elaborate' step finished in '3' seconds
INFO: [USF-XSim-4] XSim::Simulate design
INFO: [USF-XSim-61] Executing 'SIMULATE' step in 'D:/CPU54/CPU54.sim/sim_1/behav'
INFO: [USF-XSim-98] *** Running xsim
   with args "cpu_tb_behav -key {Behavioral:sim_1:Functional:cpu_tb} -tclbatch {cpu_tb.tcl} -log {simulate.log}"
INFO: [USF-XSim-8] Loading simulator feature
Vivado Simulator 2016.2
Time resolution is 1 ps
source cpu_tb.tcl
# set curr_wave [current_wave_config]
# if { [string length $curr_wave] == 0 } {
#   if { [llength [get_objects]] > 0} {
#     add_wave /
#     set_property needs_save false [current_wave_config]
#   } else {
#      send_msg_id Add_Wave-1 WARNING "No top level signals found. Simulator will start without a wave window. If you want to open a wave window go to 'File->New Waveform Configuration' or type 'create_wave_config' in the TCL console."
#   }
# }
# run 1000ns
WARNING: This core is supplied with a behavioral model. To model cycle-accurate behavior you must run timing simulation.
INFO: [USF-XSim-96] XSim completed. Design snapshot 'cpu_tb_behav' loaded.
INFO: [USF-XSim-97] XSim simulation ran for 1000ns
launch_simulation: Time (s): cpu = 00:00:01 ; elapsed = 00:00:06 . Memory (MB): peak = 888.078 ; gain = 26.813
launch_simulation -mode post-synthesis -type functional
INFO: [USF-XSim-27] Simulation object is 'sim_1'
Design is defaulting to impl run constrset: constrs_1
Design is defaulting to synth run part: xc7a100tcsg324-1
INFO: [Project 1-454] Reading design checkpoint 'd:/CPU54/CPU54.srcs/sources_1/ip/dist_mem_gen_0/dist_mem_gen_0.dcp' for cell 'imem/imem'
INFO: [Netlist 29-17] Analyzing 683 Unisim elements for replacement
INFO: [Netlist 29-28] Unisim Transformation completed in 0 CPU seconds
INFO: [Project 1-479] Netlist was created with Vivado 2016.2
INFO: [Device 21-403] Loading part xc7a100tcsg324-1
INFO: [Project 1-570] Preparing netlist for logic optimization
Parsing XDC File [D:/CPU54/CPU54.srcs/constrs_1/new/CPU.xdc]
INFO: [Timing 38-35] Done setting XDC timing constraints. [D:/CPU54/CPU54.srcs/constrs_1/new/CPU.xdc:45]
get_clocks: Time (s): cpu = 00:00:03 ; elapsed = 00:00:07 . Memory (MB): peak = 1553.387 ; gain = 423.414
Finished Parsing XDC File [D:/CPU54/CPU54.srcs/constrs_1/new/CPU.xdc]
INFO: [Project 1-538] Using original IP XDC constraints instead of the XDC constraints in dcp 'd:/CPU54/CPU54.srcs/sources_1/ip/dist_mem_gen_0/dist_mem_gen_0.dcp'
INFO: [Opt 31-138] Pushed 0 inverter(s) to 0 load pin(s).
INFO: [Project 1-111] Unisim Transformation Summary:
  A total of 18 instances were transformed.
  RAM32M => RAM32M (inverted pins: WCLK) (RAMD32, RAMD32, RAMD32, RAMD32, RAMD32, RAMD32, RAMS32, RAMS32): 18 instances

open_run: Time (s): cpu = 00:00:07 ; elapsed = 00:00:16 . Memory (MB): peak = 1641.223 ; gain = 728.613
INFO: [USF-XSim-29] Writing simulation netlist file for design 'synth_1'...
INFO: [USF-XSim-90] write_verilog -mode funcsim -nolib -force -file "D:/CPU54/CPU54.sim/sim_1/synth/func/cpu_tb_func_synth.v"
INFO: [USF-XSim-34] Netlist generated:D:/CPU54/CPU54.sim/sim_1/synth/func/cpu_tb_func_synth.v
INFO: [USF-XSim-37] Inspecting design source files for 'cpu_tb' in fileset 'sim_1'...
INFO: [USF-XSim-25] Exported 'D:/CPU54/CPU54.sim/sim_1/synth/func/dist_mem_gen_0.mif'
INFO: [USF-XSim-25] Exported 'D:/CPU54/CPU54.sim/sim_1/synth/func/EggDrop.coe'
INFO: [USF-XSim-25] Exported 'D:/CPU54/CPU54.sim/sim_1/synth/func/test.coe'
INFO: [USF-XSim-2] XSim::Compile design
INFO: [USF-XSim-61] Executing 'COMPILE and ANALYZE' step in 'D:/CPU54/CPU54.sim/sim_1/synth/func'
"xvlog -m64 --relax -prj cpu_tb_vlog.prj"
INFO: [VRFC 10-2263] Analyzing Verilog file "D:/CPU54/CPU54.sim/sim_1/synth/func/cpu_tb_func_synth.v" into library xil_defaultlib
INFO: [VRFC 10-311] analyzing module dist_mem_gen_0
INFO: [VRFC 10-311] analyzing module CLZ
INFO: [VRFC 10-311] analyzing module CP0
INFO: [VRFC 10-311] analyzing module DIV
INFO: [VRFC 10-311] analyzing module DMEM
INFO: [VRFC 10-311] analyzing module Divider
INFO: [VRFC 10-311] analyzing module HI_LO
INFO: [VRFC 10-311] analyzing module IMEM
INFO: [VRFC 10-311] analyzing module MUL
INFO: [VRFC 10-311] analyzing module MUX
INFO: [VRFC 10-311] analyzing module MUX_0
INFO: [VRFC 10-311] analyzing module PC
INFO: [VRFC 10-311] analyzing module cpu
INFO: [VRFC 10-311] analyzing module regfile
INFO: [VRFC 10-311] analyzing module sccomp_dataflow
INFO: [VRFC 10-311] analyzing module seg7x16
INFO: [VRFC 10-311] analyzing module dist_mem_gen_0_dist_mem_gen_v8_0_10
INFO: [VRFC 10-311] analyzing module dist_mem_gen_0_dist_mem_gen_v8_0_10_synth
INFO: [VRFC 10-311] analyzing module dist_mem_gen_0_rom
INFO: [VRFC 10-311] analyzing module glbl
INFO: [VRFC 10-2263] Analyzing Verilog file "D:/CPU54/CPU54.srcs/sim_1/new/cpu_tb.v" into library xil_defaultlib
INFO: [VRFC 10-311] analyzing module cpu_tb
INFO: [USF-XSim-69] 'compile' step finished in '1' seconds
INFO: [USF-XSim-3] XSim::Elaborate design
INFO: [USF-XSim-61] Executing 'ELABORATE' step in 'D:/CPU54/CPU54.sim/sim_1/synth/func'
Vivado Simulator 2016.2
Copyright 1986-1999, 2001-2016 Xilinx, Inc. All Rights Reserved.
Running: D:/Vivado/2016.2/bin/unwrapped/win64.o/xelab.exe -wto df18b9b47f8a44c18686a8b00f0e57e8 --debug typical --relax --mt 2 -L xil_defaultlib -L unisims_ver -L secureip --snapshot cpu_tb_func_synth xil_defaultlib.cpu_tb xil_defaultlib.glbl -log elaborate.log 
Using 2 slave threads.
Starting static elaboration
Completed static elaboration
Starting simulation data flow analysis
Completed simulation data flow analysis
Time Resolution for simulation is 1ps
Compiling module unisims_ver.LUT5
Compiling module unisims_ver.sffsrce_fdre
Compiling module unisims_ver.FDRE
Compiling module unisims_ver.LUT4
Compiling module unisims_ver.x_lut1_mux2
Compiling module unisims_ver.LUT1
Compiling module unisims_ver.CARRY4
Compiling module xil_defaultlib.Divider
Compiling module unisims_ver.BUFG
Compiling module unisims_ver.IBUF
Compiling module unisims_ver.x_lut2_mux4
Compiling module unisims_ver.LUT2
Compiling module unisims_ver.LUT6
Compiling module unisims_ver.RAM32M(IS_WCLK_INVERTED=1'b1)
Compiling module xil_defaultlib.DMEM
Compiling module unisims_ver.x_lut3_mux4
Compiling module unisims_ver.x_lut3_mux4_reduced_0
Compiling module unisims_ver.LUT3
Compiling module unisims_ver.MUXF7
Compiling module unisims_ver.GND
Compiling module xil_defaultlib.dist_mem_gen_0_rom
Compiling module xil_defaultlib.dist_mem_gen_0_dist_mem_gen_v8_0...
Compiling module xil_defaultlib.dist_mem_gen_0_dist_mem_gen_v8_0...
Compiling module xil_defaultlib.dist_mem_gen_0
Compiling module xil_defaultlib.IMEM
Compiling module unisims_ver.OBUF
Compiling module unisims_ver.latchsre_ldce
Compiling module unisims_ver.LDCE
Compiling module xil_defaultlib.CLZ
Compiling module unisims_ver.ffsrce_fdce
Compiling module unisims_ver.FDCE
Compiling module xil_defaultlib.CP0
Compiling module xil_defaultlib.DIV
Compiling module unisims_ver.FDRE(IS_C_INVERTED=1'b1)
Compiling module unisims_ver.FDCE(IS_C_INVERTED=1'b1)
Compiling module xil_defaultlib.HI_LO
Compiling module unisims_ver.DSP48E1(ACASCREG=0,ALUMODEREG=0,...
Compiling module unisims_ver.DSP48E1(ACASCREG=0,ALUMODEREG=0,...
Compiling module xil_defaultlib.MUL
Compiling module xil_defaultlib.MUX
Compiling module xil_defaultlib.MUX_0
Compiling module unisims_ver.sffsrce_fdse
Compiling module unisims_ver.FDSE(IS_C_INVERTED=1'b1)
Compiling module xil_defaultlib.PC
Compiling module xil_defaultlib.regfile
Compiling module xil_defaultlib.cpu
Compiling module unisims_ver.ffsrce_fdpe
Compiling module unisims_ver.FDPE
Compiling module xil_defaultlib.seg7x16
Compiling module xil_defaultlib.sccomp_dataflow
Compiling module xil_defaultlib.cpu_tb
Compiling module xil_defaultlib.glbl
Built simulation snapshot cpu_tb_func_synth

****** Webtalk v2016.2 (64-bit)
  **** SW Build 1577090 on Thu Jun  2 16:32:40 MDT 2016
  **** IP Build 1577682 on Fri Jun  3 12:00:54 MDT 2016
    ** Copyright 1986-2016 Xilinx, Inc. All Rights Reserved.

source D:/CPU54/CPU54.sim/sim_1/synth/func/xsim.dir/cpu_tb_func_synth/webtalk/xsim_webtalk.tcl -notrace
INFO: [Common 17-206] Exiting Webtalk at Mon Jul 15 18:45:10 2024...
run_program: Time (s): cpu = 00:00:01 ; elapsed = 00:00:11 . Memory (MB): peak = 1651.430 ; gain = 0.000
INFO: [USF-XSim-69] 'elaborate' step finished in '11' seconds
INFO: [USF-XSim-4] XSim::Simulate design
INFO: [USF-XSim-61] Executing 'SIMULATE' step in 'D:/CPU54/CPU54.sim/sim_1/synth/func'
INFO: [USF-XSim-98] *** Running xsim
   with args "cpu_tb_func_synth -key {Post-Synthesis:sim_1:Functional:cpu_tb} -tclbatch {cpu_tb.tcl} -log {simulate.log}"
INFO: [USF-XSim-8] Loading simulator feature
Vivado Simulator 2016.2
Time resolution is 1 ps
source cpu_tb.tcl
# set curr_wave [current_wave_config]
# if { [string length $curr_wave] == 0 } {
#   if { [llength [get_objects]] > 0} {
#     add_wave /
#     set_property needs_save false [current_wave_config]
#   } else {
#      send_msg_id Add_Wave-1 WARNING "No top level signals found. Simulator will start without a wave window. If you want to open a wave window go to 'File->New Waveform Configuration' or type 'create_wave_config' in the TCL console."
#   }
# }
# run 1000ns
INFO: [USF-XSim-96] XSim completed. Design snapshot 'cpu_tb_func_synth' loaded.
INFO: [USF-XSim-97] XSim simulation ran for 1000ns
launch_simulation: Time (s): cpu = 00:00:10 ; elapsed = 00:00:31 . Memory (MB): peak = 1651.430 ; gain = 738.820
reset_run synth_1
launch_runs impl_1 -to_step write_bitstream -jobs 2
WARNING: [Project 1-478] Design 'synth_1' is stale and will not be used when launching 'impl_1'
[Mon Jul 15 18:45:47 2024] Launched synth_1...
Run output will be captured here: D:/CPU54/CPU54.runs/synth_1/runme.log
[Mon Jul 15 18:45:47 2024] Launched impl_1...
Run output will be captured here: D:/CPU54/CPU54.runs/impl_1/runme.log
open_run impl_1
INFO: [Netlist 29-17] Analyzing 683 Unisim elements for replacement
INFO: [Netlist 29-28] Unisim Transformation completed in 0 CPU seconds
INFO: [Project 1-479] Netlist was created with Vivado 2016.2
INFO: [Project 1-570] Preparing netlist for logic optimization
Parsing XDC File [D:/CPU54/.Xil/Vivado-8376-DESKTOP-D2C712Q/dcp/sccomp_dataflow.xdc]
INFO: [Timing 38-35] Done setting XDC timing constraints. [D:/CPU54/CPU54.srcs/constrs_1/new/CPU.xdc:45]
Finished Parsing XDC File [D:/CPU54/.Xil/Vivado-8376-DESKTOP-D2C712Q/dcp/sccomp_dataflow.xdc]
Reading XDEF placement.
Reading placer database...
Reading XDEF routing.
Read XDEF File: Time (s): cpu = 00:00:01 ; elapsed = 00:00:00.424 . Memory (MB): peak = 1769.969 ; gain = 7.926
Restored from archive | CPU: 1.000000 secs | Memory: 0.000000 MB |
Finished XDEF File Restore: Time (s): cpu = 00:00:01 ; elapsed = 00:00:00.424 . Memory (MB): peak = 1769.969 ; gain = 7.926
INFO: [Project 1-111] Unisim Transformation Summary:
  A total of 18 instances were transformed.
  RAM32M => RAM32M (inverted pins: WCLK) (RAMS32, RAMS32, RAMD32, RAMD32, RAMD32, RAMD32, RAMD32, RAMD32): 18 instances

reset_run impl_1 -prev_step 
launch_runs impl_1 -to_step write_bitstream -jobs 2
[Mon Jul 15 18:48:28 2024] Launched impl_1...
Run output will be captured here: D:/CPU54/CPU54.runs/impl_1/runme.log
reset_run impl_1 -prev_step 
WARNING: [Vivado 12-1017] Problems encountered:
1. PID not specified

open_hw
connect_hw_server
INFO: [Labtools 27-2285] Connecting to hw_server url TCP:localhost:3121
INFO: [Labtools 27-2222] Launching hw_server...
INFO: [Labtools 27-2221] Launch Output:

****** Xilinx hw_server v2016.2
  **** Build date : Jun  2 2016-16:57:03
    ** Copyright 1986-2016 Xilinx, Inc. All Rights Reserved.


open_hw_target
INFO: [Labtoolstcl 44-466] Opening hw_target localhost:3121/xilinx_tcf/Digilent/210292B7F766A
current_hw_device [lindex [get_hw_devices] 0]
refresh_hw_device -update_hw_probes false [lindex [get_hw_devices] 0]
INFO: [Labtools 27-1434] Device xc7a100t (JTAG device index = 0) is programmed with a design that has no supported debug core(s) in it.
WARNING: [Labtools 27-3123] The debug hub core was not detected at User Scan Chain 1 or 3.
Resolution: 
1. Make sure the clock connected to the debug hub (dbg_hub) core is a free running clock and is active OR
2. Manually launch hw_server with -e "set xsdb-user-bscan <C_USER_SCAN_CHAIN scan_chain_number>" to detect the debug hub at User Scan Chain of 2 or 4. To determine the user scan chain setting, open the implemented design and use: get_property C_USER_SCAN_CHAIN [get_debug_cores dbg_hub].
reset_run impl_1 -prev_step 
WARNING: [Vivado 12-1017] Problems encountered:
1. PID not specified

close_sim
INFO: [Simtcl 6-16] Simulation closed
close_sim
INFO: [Simtcl 6-16] Simulation closed
exit
INFO: [Common 17-206] Exiting Vivado at Mon Jul 15 18:54:24 2024...
