#-----------------------------------------------------------
# Vivado v2016.2 (64-bit)
# SW Build 1577090 on Thu Jun  2 16:32:40 MDT 2016
# IP Build 1577682 on Fri Jun  3 12:00:54 MDT 2016
# Start of session at: Sun Jul 14 00:33:00 2024
# Process ID: 30316
# Current directory: D:/CPU54
# Command line: vivado.exe -gui_launcher_event rodinguilauncherevent32944 D:\CPU54\CPU54.xpr
# Log file: D:/CPU54/vivado.log
# Journal file: D:/CPU54\vivado.jou
#-----------------------------------------------------------
start_gui
open_project D:/CPU54/CPU54.xpr
Scanning sources...
Finished scanning sources
INFO: [IP_Flow 19-234] Refreshing IP repositories
INFO: [IP_Flow 19-1704] No user IP repositories specified
INFO: [IP_Flow 19-2313] Loaded Vivado IP repository 'D:/Vivado/2016.2/data/ip'.
update_compile_order -fileset sources_1
exit
INFO: [Common 17-206] Exiting Vivado at Sun Jul 14 01:07:07 2024...
